<html>
<head>
<title>TestNG:  Default test</title>
<link href="../testng.css" rel="stylesheet" type="text/css" />
<link href="../my-testng.css" rel="stylesheet" type="text/css" />

<style type="text/css">
.log { display: none;} 
.stack-trace { display: none;} 
</style>
<script type="text/javascript">
<!--
function flip(e) {
  current = e.style.display;
  if (current == 'block') {
    e.style.display = 'none';
    return 0;
  }
  else {
    e.style.display = 'block';
    return 1;
  }
}

function toggleBox(szDivId, elem, msg1, msg2)
{
  var res = -1;  if (document.getElementById) {
    res = flip(document.getElementById(szDivId));
  }
  else if (document.all) {
    // this is the way old msie versions work
    res = flip(document.all[szDivId]);
  }
  if(elem) {
    if(res == 0) elem.innerHTML = msg1; else elem.innerHTML = msg2;
  }

}

function toggleAllBoxes() {
  if (document.getElementsByTagName) {
    d = document.getElementsByTagName('div');
    for (i = 0; i < d.length; i++) {
      if (d[i].className == 'log') {
        flip(d[i]);
      }
    }
  }
}

// -->
</script>

</head>
<body>
<h2 align='center'>Default test</h2><table border='1' align="center">
<tr>
<td>Tests passed/Failed/Skipped:</td><td>0/0/19</td>
</tr><tr>
<td>Started on:</td><td>Wed Aug 07 11:31:07 IST 2019</td>
</tr>
<tr><td>Total time:</td><td>6 seconds (6100 ms)</td>
</tr><tr>
<td>Included groups:</td><td></td>
</tr><tr>
<td>Excluded groups:</td><td></td>
</tr>
</table><p/>
<small><i>(Hover the method name to see the test class name)</i></small><p/>
<table width='100%' border='1' class='invocation-failed'>
<tr><td colspan='4' align='center'><b>FAILED CONFIGURATIONS</b></td></tr>
<tr><td><b>Test method</b></td>
<td width="30%"><b>Exception</b></td>
<td width="10%"><b>Time (seconds)</b></td>
<td><b>Instance</b></td>
</tr>
<tr>
<td title='com.xp8.test.New_SanityTest.setUp()'><b>setUp</b><br>Test class: com.xp8.test.New_SanityTest</td>
<td><div><pre>org.testng.TestNGException: 
Parameter &apos;deviceName_&apos; is required by BeforeTest on method setUp but has not been marked @Optional or defined
in C:\Users\janardhan.p\AppData\Local\Temp\testng-eclipse-1105497916\testng-customsuite.xml
	at org.testng.internal.Parameters.createParams(Parameters.java:290)
	at org.testng.internal.Parameters.createParametersForMethod(Parameters.java:359)
	at org.testng.internal.Parameters.createParameters(Parameters.java:620)
	at org.testng.internal.Parameters.createConfigurationParameters(Parameters.java:190)
	at org.testng.internal.Invoker.invokeConfigurations(Invoker.java:209)
	at org.testng.internal.Invoker.invokeConfigurations(Invoker.java:142)
	at org.testng.TestRunner.beforeRun(TestRunner.java:529)
	at org.testng.TestRunner.run(TestRunner.java:497)
	at org.testng.SuiteRunner.runTest(SuiteRunner.java:455)
	at org.testng.SuiteRunner.runSequentially(SuiteRunner.java:450)
	at org.testng.SuiteRunner.privateRun(SuiteRunner.java:415)
	at org.testng.SuiteRunner.run(SuiteRunner.java:364)
	at org.testng.SuiteRunnerWorker.runSuite(SuiteRunnerWorker.java:52)
	at org.testng.SuiteRunnerWorker.run(SuiteRunnerWorker.java:84)
	at org.testng.TestNG.runSuitesSequentially(TestNG.java:1208)
	at org.testng.TestNG.runSuitesLocally(TestNG.java:1137)
	at org.testng.TestNG.runSuites(TestNG.java:1049)
	at org.testng.TestNG.run(TestNG.java:1017)
	at org.testng.remote.AbstractRemoteTestNG.run(AbstractRemoteTestNG.java:115)
	at org.testng.remote.RemoteTestNG.initAndRun(RemoteTestNG.java:251)
	at org.testng.remote.RemoteTestNG.main(RemoteTestNG.java:77)
</pre></div><a href='#' onClick='toggleBox("stack-trace1264213713", this, "Click to show all stack frames", "Click to hide stack frames")'>Click to show all stack frames</a>
<div class='stack-trace' id='stack-trace1264213713'><pre>org.testng.TestNGException: 
Parameter &apos;deviceName_&apos; is required by BeforeTest on method setUp but has not been marked @Optional or defined
in C:\Users\janardhan.p\AppData\Local\Temp\testng-eclipse-1105497916\testng-customsuite.xml
	at org.testng.internal.Parameters.createParams(Parameters.java:290)
	at org.testng.internal.Parameters.createParametersForMethod(Parameters.java:359)
	at org.testng.internal.Parameters.createParameters(Parameters.java:620)
	at org.testng.internal.Parameters.createConfigurationParameters(Parameters.java:190)
	at org.testng.internal.Invoker.invokeConfigurations(Invoker.java:209)
	at org.testng.internal.Invoker.invokeConfigurations(Invoker.java:142)
	at org.testng.TestRunner.beforeRun(TestRunner.java:529)
	at org.testng.TestRunner.run(TestRunner.java:497)
	at org.testng.SuiteRunner.runTest(SuiteRunner.java:455)
	at org.testng.SuiteRunner.runSequentially(SuiteRunner.java:450)
	at org.testng.SuiteRunner.privateRun(SuiteRunner.java:415)
	at org.testng.SuiteRunner.run(SuiteRunner.java:364)
	at org.testng.SuiteRunnerWorker.runSuite(SuiteRunnerWorker.java:52)
	at org.testng.SuiteRunnerWorker.run(SuiteRunnerWorker.java:84)
	at org.testng.TestNG.runSuitesSequentially(TestNG.java:1208)
	at org.testng.TestNG.runSuitesLocally(TestNG.java:1137)
	at org.testng.TestNG.runSuites(TestNG.java:1049)
	at org.testng.TestNG.run(TestNG.java:1017)
	at org.testng.remote.AbstractRemoteTestNG.run(AbstractRemoteTestNG.java:115)
	at org.testng.remote.RemoteTestNG.initAndRun(RemoteTestNG.java:251)
	at org.testng.remote.RemoteTestNG.main(RemoteTestNG.java:77)
</pre></div></td>
<td>0</td>
<td>com.xp8.test.New_SanityTest@2a742aa2</td></tr>
</table><p>
<table width='100%' border='1' class='invocation-skipped'>
<tr><td colspan='4' align='center'><b>SKIPPED CONFIGURATIONS</b></td></tr>
<tr><td><b>Test method</b></td>
<td width="30%"><b>Exception</b></td>
<td width="10%"><b>Time (seconds)</b></td>
<td><b>Instance</b></td>
</tr>
<tr>
<td title='com.xp8.test.New_SanityTest.setUpSys()'><b>setUpSys</b><br>Test class: com.xp8.test.New_SanityTest</td>
<td></td>
<td>0</td>
<td>com.xp8.test.New_SanityTest@2a742aa2</td></tr>
<tr>
<td title='com.xp8.test.New_SanityTest.timer()'><b>timer</b><br>Test class: com.xp8.test.New_SanityTest</td>
<td></td>
<td>0</td>
<td>com.xp8.test.New_SanityTest@2a742aa2</td></tr>
<tr>
<td title='com.xp8.test.New_SanityTest.beforeMethod()'><b>beforeMethod</b><br>Test class: com.xp8.test.New_SanityTest</td>
<td></td>
<td>0</td>
<td>com.xp8.test.New_SanityTest@2a742aa2</td></tr>
<tr>
<td title='com.xp8.test.New_SanityTest.beforeMethod()'><b>beforeMethod</b><br>Test class: com.xp8.test.New_SanityTest</td>
<td></td>
<td>0</td>
<td>com.xp8.test.New_SanityTest@2a742aa2</td></tr>
<tr>
<td title='com.xp8.test.New_SanityTest.beforeMethod()'><b>beforeMethod</b><br>Test class: com.xp8.test.New_SanityTest</td>
<td></td>
<td>0</td>
<td>com.xp8.test.New_SanityTest@2a742aa2</td></tr>
<tr>
<td title='com.xp8.test.New_SanityTest.beforeMethod()'><b>beforeMethod</b><br>Test class: com.xp8.test.New_SanityTest</td>
<td></td>
<td>0</td>
<td>com.xp8.test.New_SanityTest@2a742aa2</td></tr>
<tr>
<td title='com.xp8.test.New_SanityTest.beforeMethod()'><b>beforeMethod</b><br>Test class: com.xp8.test.New_SanityTest</td>
<td></td>
<td>0</td>
<td>com.xp8.test.New_SanityTest@2a742aa2</td></tr>
<tr>
<td title='com.xp8.test.New_SanityTest.beforeMethod()'><b>beforeMethod</b><br>Test class: com.xp8.test.New_SanityTest</td>
<td></td>
<td>0</td>
<td>com.xp8.test.New_SanityTest@2a742aa2</td></tr>
<tr>
<td title='com.xp8.test.New_SanityTest.beforeMethod()'><b>beforeMethod</b><br>Test class: com.xp8.test.New_SanityTest</td>
<td></td>
<td>0</td>
<td>com.xp8.test.New_SanityTest@2a742aa2</td></tr>
<tr>
<td title='com.xp8.test.New_SanityTest.beforeMethod()'><b>beforeMethod</b><br>Test class: com.xp8.test.New_SanityTest</td>
<td></td>
<td>0</td>
<td>com.xp8.test.New_SanityTest@2a742aa2</td></tr>
<tr>
<td title='com.xp8.test.New_SanityTest.beforeMethod()'><b>beforeMethod</b><br>Test class: com.xp8.test.New_SanityTest</td>
<td></td>
<td>0</td>
<td>com.xp8.test.New_SanityTest@2a742aa2</td></tr>
<tr>
<td title='com.xp8.test.New_SanityTest.beforeMethod()'><b>beforeMethod</b><br>Test class: com.xp8.test.New_SanityTest</td>
<td></td>
<td>0</td>
<td>com.xp8.test.New_SanityTest@2a742aa2</td></tr>
<tr>
<td title='com.xp8.test.New_SanityTest.beforeMethod()'><b>beforeMethod</b><br>Test class: com.xp8.test.New_SanityTest</td>
<td></td>
<td>0</td>
<td>com.xp8.test.New_SanityTest@2a742aa2</td></tr>
<tr>
<td title='com.xp8.test.New_SanityTest.beforeMethod()'><b>beforeMethod</b><br>Test class: com.xp8.test.New_SanityTest</td>
<td></td>
<td>0</td>
<td>com.xp8.test.New_SanityTest@2a742aa2</td></tr>
<tr>
<td title='com.xp8.test.New_SanityTest.beforeMethod()'><b>beforeMethod</b><br>Test class: com.xp8.test.New_SanityTest</td>
<td></td>
<td>0</td>
<td>com.xp8.test.New_SanityTest@2a742aa2</td></tr>
<tr>
<td title='com.xp8.test.New_SanityTest.beforeMethod()'><b>beforeMethod</b><br>Test class: com.xp8.test.New_SanityTest</td>
<td></td>
<td>0</td>
<td>com.xp8.test.New_SanityTest@2a742aa2</td></tr>
<tr>
<td title='com.xp8.test.New_SanityTest.beforeMethod()'><b>beforeMethod</b><br>Test class: com.xp8.test.New_SanityTest</td>
<td></td>
<td>0</td>
<td>com.xp8.test.New_SanityTest@2a742aa2</td></tr>
<tr>
<td title='com.xp8.test.New_SanityTest.beforeMethod()'><b>beforeMethod</b><br>Test class: com.xp8.test.New_SanityTest</td>
<td></td>
<td>0</td>
<td>com.xp8.test.New_SanityTest@2a742aa2</td></tr>
<tr>
<td title='com.xp8.test.New_SanityTest.beforeMethod()'><b>beforeMethod</b><br>Test class: com.xp8.test.New_SanityTest</td>
<td></td>
<td>0</td>
<td>com.xp8.test.New_SanityTest@2a742aa2</td></tr>
<tr>
<td title='com.xp8.test.New_SanityTest.beforeMethod()'><b>beforeMethod</b><br>Test class: com.xp8.test.New_SanityTest</td>
<td></td>
<td>0</td>
<td>com.xp8.test.New_SanityTest@2a742aa2</td></tr>
<tr>
<td title='com.xp8.test.New_SanityTest.beforeMethod()'><b>beforeMethod</b><br>Test class: com.xp8.test.New_SanityTest</td>
<td></td>
<td>0</td>
<td>com.xp8.test.New_SanityTest@2a742aa2</td></tr>
<tr>
<td title='com.xp8.test.New_SanityTest.afterMethod()'><b>afterMethod</b><br>Test class: com.xp8.test.New_SanityTest</td>
<td></td>
<td>0</td>
<td>com.xp8.test.New_SanityTest@2a742aa2</td></tr>
<tr>
<td title='com.xp8.test.New_SanityTest.UpdateProgressIndicator()'><b>UpdateProgressIndicator</b><br>Test class: com.xp8.test.New_SanityTest</td>
<td></td>
<td>0</td>
<td>com.xp8.test.New_SanityTest@2a742aa2</td></tr>
<tr>
<td title='com.xp8.test.New_SanityTest.afterMethod()'><b>afterMethod</b><br>Test class: com.xp8.test.New_SanityTest</td>
<td></td>
<td>0</td>
<td>com.xp8.test.New_SanityTest@2a742aa2</td></tr>
<tr>
<td title='com.xp8.test.New_SanityTest.UpdateProgressIndicator()'><b>UpdateProgressIndicator</b><br>Test class: com.xp8.test.New_SanityTest</td>
<td></td>
<td>0</td>
<td>com.xp8.test.New_SanityTest@2a742aa2</td></tr>
<tr>
<td title='com.xp8.test.New_SanityTest.afterMethod()'><b>afterMethod</b><br>Test class: com.xp8.test.New_SanityTest</td>
<td></td>
<td>0</td>
<td>com.xp8.test.New_SanityTest@2a742aa2</td></tr>
<tr>
<td title='com.xp8.test.New_SanityTest.UpdateProgressIndicator()'><b>UpdateProgressIndicator</b><br>Test class: com.xp8.test.New_SanityTest</td>
<td></td>
<td>0</td>
<td>com.xp8.test.New_SanityTest@2a742aa2</td></tr>
<tr>
<td title='com.xp8.test.New_SanityTest.afterMethod()'><b>afterMethod</b><br>Test class: com.xp8.test.New_SanityTest</td>
<td></td>
<td>0</td>
<td>com.xp8.test.New_SanityTest@2a742aa2</td></tr>
<tr>
<td title='com.xp8.test.New_SanityTest.UpdateProgressIndicator()'><b>UpdateProgressIndicator</b><br>Test class: com.xp8.test.New_SanityTest</td>
<td></td>
<td>0</td>
<td>com.xp8.test.New_SanityTest@2a742aa2</td></tr>
<tr>
<td title='com.xp8.test.New_SanityTest.afterMethod()'><b>afterMethod</b><br>Test class: com.xp8.test.New_SanityTest</td>
<td></td>
<td>0</td>
<td>com.xp8.test.New_SanityTest@2a742aa2</td></tr>
<tr>
<td title='com.xp8.test.New_SanityTest.UpdateProgressIndicator()'><b>UpdateProgressIndicator</b><br>Test class: com.xp8.test.New_SanityTest</td>
<td></td>
<td>0</td>
<td>com.xp8.test.New_SanityTest@2a742aa2</td></tr>
<tr>
<td title='com.xp8.test.New_SanityTest.afterMethod()'><b>afterMethod</b><br>Test class: com.xp8.test.New_SanityTest</td>
<td></td>
<td>0</td>
<td>com.xp8.test.New_SanityTest@2a742aa2</td></tr>
<tr>
<td title='com.xp8.test.New_SanityTest.UpdateProgressIndicator()'><b>UpdateProgressIndicator</b><br>Test class: com.xp8.test.New_SanityTest</td>
<td></td>
<td>0</td>
<td>com.xp8.test.New_SanityTest@2a742aa2</td></tr>
<tr>
<td title='com.xp8.test.New_SanityTest.afterMethod()'><b>afterMethod</b><br>Test class: com.xp8.test.New_SanityTest</td>
<td></td>
<td>0</td>
<td>com.xp8.test.New_SanityTest@2a742aa2</td></tr>
<tr>
<td title='com.xp8.test.New_SanityTest.UpdateProgressIndicator()'><b>UpdateProgressIndicator</b><br>Test class: com.xp8.test.New_SanityTest</td>
<td></td>
<td>0</td>
<td>com.xp8.test.New_SanityTest@2a742aa2</td></tr>
<tr>
<td title='com.xp8.test.New_SanityTest.afterMethod()'><b>afterMethod</b><br>Test class: com.xp8.test.New_SanityTest</td>
<td></td>
<td>0</td>
<td>com.xp8.test.New_SanityTest@2a742aa2</td></tr>
<tr>
<td title='com.xp8.test.New_SanityTest.UpdateProgressIndicator()'><b>UpdateProgressIndicator</b><br>Test class: com.xp8.test.New_SanityTest</td>
<td></td>
<td>0</td>
<td>com.xp8.test.New_SanityTest@2a742aa2</td></tr>
<tr>
<td title='com.xp8.test.New_SanityTest.afterMethod()'><b>afterMethod</b><br>Test class: com.xp8.test.New_SanityTest</td>
<td></td>
<td>0</td>
<td>com.xp8.test.New_SanityTest@2a742aa2</td></tr>
<tr>
<td title='com.xp8.test.New_SanityTest.UpdateProgressIndicator()'><b>UpdateProgressIndicator</b><br>Test class: com.xp8.test.New_SanityTest</td>
<td></td>
<td>0</td>
<td>com.xp8.test.New_SanityTest@2a742aa2</td></tr>
<tr>
<td title='com.xp8.test.New_SanityTest.afterMethod()'><b>afterMethod</b><br>Test class: com.xp8.test.New_SanityTest</td>
<td></td>
<td>0</td>
<td>com.xp8.test.New_SanityTest@2a742aa2</td></tr>
<tr>
<td title='com.xp8.test.New_SanityTest.UpdateProgressIndicator()'><b>UpdateProgressIndicator</b><br>Test class: com.xp8.test.New_SanityTest</td>
<td></td>
<td>0</td>
<td>com.xp8.test.New_SanityTest@2a742aa2</td></tr>
<tr>
<td title='com.xp8.test.New_SanityTest.afterMethod()'><b>afterMethod</b><br>Test class: com.xp8.test.New_SanityTest</td>
<td></td>
<td>0</td>
<td>com.xp8.test.New_SanityTest@2a742aa2</td></tr>
<tr>
<td title='com.xp8.test.New_SanityTest.UpdateProgressIndicator()'><b>UpdateProgressIndicator</b><br>Test class: com.xp8.test.New_SanityTest</td>
<td></td>
<td>0</td>
<td>com.xp8.test.New_SanityTest@2a742aa2</td></tr>
<tr>
<td title='com.xp8.test.New_SanityTest.afterMethod()'><b>afterMethod</b><br>Test class: com.xp8.test.New_SanityTest</td>
<td></td>
<td>0</td>
<td>com.xp8.test.New_SanityTest@2a742aa2</td></tr>
<tr>
<td title='com.xp8.test.New_SanityTest.UpdateProgressIndicator()'><b>UpdateProgressIndicator</b><br>Test class: com.xp8.test.New_SanityTest</td>
<td></td>
<td>0</td>
<td>com.xp8.test.New_SanityTest@2a742aa2</td></tr>
<tr>
<td title='com.xp8.test.New_SanityTest.afterMethod()'><b>afterMethod</b><br>Test class: com.xp8.test.New_SanityTest</td>
<td></td>
<td>0</td>
<td>com.xp8.test.New_SanityTest@2a742aa2</td></tr>
<tr>
<td title='com.xp8.test.New_SanityTest.UpdateProgressIndicator()'><b>UpdateProgressIndicator</b><br>Test class: com.xp8.test.New_SanityTest</td>
<td></td>
<td>0</td>
<td>com.xp8.test.New_SanityTest@2a742aa2</td></tr>
<tr>
<td title='com.xp8.test.New_SanityTest.afterMethod()'><b>afterMethod</b><br>Test class: com.xp8.test.New_SanityTest</td>
<td></td>
<td>0</td>
<td>com.xp8.test.New_SanityTest@2a742aa2</td></tr>
<tr>
<td title='com.xp8.test.New_SanityTest.UpdateProgressIndicator()'><b>UpdateProgressIndicator</b><br>Test class: com.xp8.test.New_SanityTest</td>
<td></td>
<td>0</td>
<td>com.xp8.test.New_SanityTest@2a742aa2</td></tr>
<tr>
<td title='com.xp8.test.New_SanityTest.afterMethod()'><b>afterMethod</b><br>Test class: com.xp8.test.New_SanityTest</td>
<td></td>
<td>0</td>
<td>com.xp8.test.New_SanityTest@2a742aa2</td></tr>
<tr>
<td title='com.xp8.test.New_SanityTest.UpdateProgressIndicator()'><b>UpdateProgressIndicator</b><br>Test class: com.xp8.test.New_SanityTest</td>
<td></td>
<td>0</td>
<td>com.xp8.test.New_SanityTest@2a742aa2</td></tr>
<tr>
<td title='com.xp8.test.New_SanityTest.afterMethod()'><b>afterMethod</b><br>Test class: com.xp8.test.New_SanityTest</td>
<td></td>
<td>0</td>
<td>com.xp8.test.New_SanityTest@2a742aa2</td></tr>
<tr>
<td title='com.xp8.test.New_SanityTest.UpdateProgressIndicator()'><b>UpdateProgressIndicator</b><br>Test class: com.xp8.test.New_SanityTest</td>
<td></td>
<td>0</td>
<td>com.xp8.test.New_SanityTest@2a742aa2</td></tr>
<tr>
<td title='com.xp8.test.New_SanityTest.afterMethod()'><b>afterMethod</b><br>Test class: com.xp8.test.New_SanityTest</td>
<td></td>
<td>0</td>
<td>com.xp8.test.New_SanityTest@2a742aa2</td></tr>
<tr>
<td title='com.xp8.test.New_SanityTest.UpdateProgressIndicator()'><b>UpdateProgressIndicator</b><br>Test class: com.xp8.test.New_SanityTest</td>
<td></td>
<td>0</td>
<td>com.xp8.test.New_SanityTest@2a742aa2</td></tr>
<tr>
<td title='com.xp8.test.New_SanityTest.afterMethod()'><b>afterMethod</b><br>Test class: com.xp8.test.New_SanityTest</td>
<td></td>
<td>0</td>
<td>com.xp8.test.New_SanityTest@2a742aa2</td></tr>
<tr>
<td title='com.xp8.test.New_SanityTest.UpdateProgressIndicator()'><b>UpdateProgressIndicator</b><br>Test class: com.xp8.test.New_SanityTest</td>
<td></td>
<td>0</td>
<td>com.xp8.test.New_SanityTest@2a742aa2</td></tr>
<tr>
<td title='com.xp8.test.New_SanityTest.afterMethod()'><b>afterMethod</b><br>Test class: com.xp8.test.New_SanityTest</td>
<td></td>
<td>0</td>
<td>com.xp8.test.New_SanityTest@2a742aa2</td></tr>
<tr>
<td title='com.xp8.test.New_SanityTest.UpdateProgressIndicator()'><b>UpdateProgressIndicator</b><br>Test class: com.xp8.test.New_SanityTest</td>
<td></td>
<td>0</td>
<td>com.xp8.test.New_SanityTest@2a742aa2</td></tr>
</table><p>
<table width='100%' border='1' class='invocation-skipped'>
<tr><td colspan='4' align='center'><b>SKIPPED TESTS</b></td></tr>
<tr><td><b>Test method</b></td>
<td width="30%"><b>Exception</b></td>
<td width="10%"><b>Time (seconds)</b></td>
<td><b>Instance</b></td>
</tr>
<tr>
<td title='com.xp8.test.New_SanityTest.XP8_DeviceSanity_0010_FM_TuneToAnyFM_Station()'><b>XP8_DeviceSanity_0010_FM_TuneToAnyFM_Station</b><br>Test class: com.xp8.test.New_SanityTest</td>
<td><div><pre>org.testng.TestNGException: 
Parameter &apos;deviceName_&apos; is required by BeforeTest on method setUp but has not been marked @Optional or defined
in C:\Users\janardhan.p\AppData\Local\Temp\testng-eclipse-1105497916\testng-customsuite.xml
	at org.testng.internal.Parameters.createParams(Parameters.java:290)
	at org.testng.internal.Parameters.createParametersForMethod(Parameters.java:359)
	at org.testng.internal.Parameters.createParameters(Parameters.java:620)
	at org.testng.internal.Parameters.createConfigurationParameters(Parameters.java:190)
	at org.testng.internal.Invoker.invokeConfigurations(Invoker.java:209)
	at org.testng.internal.Invoker.invokeConfigurations(Invoker.java:142)
	at org.testng.TestRunner.beforeRun(TestRunner.java:529)
	at org.testng.TestRunner.run(TestRunner.java:497)
	at org.testng.SuiteRunner.runTest(SuiteRunner.java:455)
	at org.testng.SuiteRunner.runSequentially(SuiteRunner.java:450)
	at org.testng.SuiteRunner.privateRun(SuiteRunner.java:415)
	at org.testng.SuiteRunner.run(SuiteRunner.java:364)
	at org.testng.SuiteRunnerWorker.runSuite(SuiteRunnerWorker.java:52)
	at org.testng.SuiteRunnerWorker.run(SuiteRunnerWorker.java:84)
	at org.testng.TestNG.runSuitesSequentially(TestNG.java:1208)
	at org.testng.TestNG.runSuitesLocally(TestNG.java:1137)
	at org.testng.TestNG.runSuites(TestNG.java:1049)
	at org.testng.TestNG.run(TestNG.java:1017)
	at org.testng.remote.AbstractRemoteTestNG.run(AbstractRemoteTestNG.java:115)
	at org.testng.remote.RemoteTestNG.initAndRun(RemoteTestNG.java:251)
	at org.testng.remote.RemoteTestNG.main(RemoteTestNG.java:77)
</pre></div><a href='#' onClick='toggleBox("stack-trace1200048933", this, "Click to show all stack frames", "Click to hide stack frames")'>Click to show all stack frames</a>
<div class='stack-trace' id='stack-trace1200048933'><pre>org.testng.TestNGException: 
Parameter &apos;deviceName_&apos; is required by BeforeTest on method setUp but has not been marked @Optional or defined
in C:\Users\janardhan.p\AppData\Local\Temp\testng-eclipse-1105497916\testng-customsuite.xml
	at org.testng.internal.Parameters.createParams(Parameters.java:290)
	at org.testng.internal.Parameters.createParametersForMethod(Parameters.java:359)
	at org.testng.internal.Parameters.createParameters(Parameters.java:620)
	at org.testng.internal.Parameters.createConfigurationParameters(Parameters.java:190)
	at org.testng.internal.Invoker.invokeConfigurations(Invoker.java:209)
	at org.testng.internal.Invoker.invokeConfigurations(Invoker.java:142)
	at org.testng.TestRunner.beforeRun(TestRunner.java:529)
	at org.testng.TestRunner.run(TestRunner.java:497)
	at org.testng.SuiteRunner.runTest(SuiteRunner.java:455)
	at org.testng.SuiteRunner.runSequentially(SuiteRunner.java:450)
	at org.testng.SuiteRunner.privateRun(SuiteRunner.java:415)
	at org.testng.SuiteRunner.run(SuiteRunner.java:364)
	at org.testng.SuiteRunnerWorker.runSuite(SuiteRunnerWorker.java:52)
	at org.testng.SuiteRunnerWorker.run(SuiteRunnerWorker.java:84)
	at org.testng.TestNG.runSuitesSequentially(TestNG.java:1208)
	at org.testng.TestNG.runSuitesLocally(TestNG.java:1137)
	at org.testng.TestNG.runSuites(TestNG.java:1049)
	at org.testng.TestNG.run(TestNG.java:1017)
	at org.testng.remote.AbstractRemoteTestNG.run(AbstractRemoteTestNG.java:115)
	at org.testng.remote.RemoteTestNG.initAndRun(RemoteTestNG.java:251)
	at org.testng.remote.RemoteTestNG.main(RemoteTestNG.java:77)
</pre></div></td>
<td>0</td>
<td>com.xp8.test.New_SanityTest@2a742aa2</td></tr>
<tr>
<td title='com.xp8.test.New_SanityTest.XP8_DeviceSanity_0011_Wifi_TurnOnTurnOffFromQuickStng()'><b>XP8_DeviceSanity_0011_Wifi_TurnOnTurnOffFromQuickStng</b><br>Test class: com.xp8.test.New_SanityTest</td>
<td><div><pre>org.testng.TestNGException: 
Parameter &apos;deviceName_&apos; is required by BeforeTest on method setUp but has not been marked @Optional or defined
in C:\Users\janardhan.p\AppData\Local\Temp\testng-eclipse-1105497916\testng-customsuite.xml
	at org.testng.internal.Parameters.createParams(Parameters.java:290)
	at org.testng.internal.Parameters.createParametersForMethod(Parameters.java:359)
	at org.testng.internal.Parameters.createParameters(Parameters.java:620)
	at org.testng.internal.Parameters.createConfigurationParameters(Parameters.java:190)
	at org.testng.internal.Invoker.invokeConfigurations(Invoker.java:209)
	at org.testng.internal.Invoker.invokeConfigurations(Invoker.java:142)
	at org.testng.TestRunner.beforeRun(TestRunner.java:529)
	at org.testng.TestRunner.run(TestRunner.java:497)
	at org.testng.SuiteRunner.runTest(SuiteRunner.java:455)
	at org.testng.SuiteRunner.runSequentially(SuiteRunner.java:450)
	at org.testng.SuiteRunner.privateRun(SuiteRunner.java:415)
	at org.testng.SuiteRunner.run(SuiteRunner.java:364)
	at org.testng.SuiteRunnerWorker.runSuite(SuiteRunnerWorker.java:52)
	at org.testng.SuiteRunnerWorker.run(SuiteRunnerWorker.java:84)
	at org.testng.TestNG.runSuitesSequentially(TestNG.java:1208)
	at org.testng.TestNG.runSuitesLocally(TestNG.java:1137)
	at org.testng.TestNG.runSuites(TestNG.java:1049)
	at org.testng.TestNG.run(TestNG.java:1017)
	at org.testng.remote.AbstractRemoteTestNG.run(AbstractRemoteTestNG.java:115)
	at org.testng.remote.RemoteTestNG.initAndRun(RemoteTestNG.java:251)
	at org.testng.remote.RemoteTestNG.main(RemoteTestNG.java:77)
</pre></div><a href='#' onClick='toggleBox("stack-trace989126847", this, "Click to show all stack frames", "Click to hide stack frames")'>Click to show all stack frames</a>
<div class='stack-trace' id='stack-trace989126847'><pre>org.testng.TestNGException: 
Parameter &apos;deviceName_&apos; is required by BeforeTest on method setUp but has not been marked @Optional or defined
in C:\Users\janardhan.p\AppData\Local\Temp\testng-eclipse-1105497916\testng-customsuite.xml
	at org.testng.internal.Parameters.createParams(Parameters.java:290)
	at org.testng.internal.Parameters.createParametersForMethod(Parameters.java:359)
	at org.testng.internal.Parameters.createParameters(Parameters.java:620)
	at org.testng.internal.Parameters.createConfigurationParameters(Parameters.java:190)
	at org.testng.internal.Invoker.invokeConfigurations(Invoker.java:209)
	at org.testng.internal.Invoker.invokeConfigurations(Invoker.java:142)
	at org.testng.TestRunner.beforeRun(TestRunner.java:529)
	at org.testng.TestRunner.run(TestRunner.java:497)
	at org.testng.SuiteRunner.runTest(SuiteRunner.java:455)
	at org.testng.SuiteRunner.runSequentially(SuiteRunner.java:450)
	at org.testng.SuiteRunner.privateRun(SuiteRunner.java:415)
	at org.testng.SuiteRunner.run(SuiteRunner.java:364)
	at org.testng.SuiteRunnerWorker.runSuite(SuiteRunnerWorker.java:52)
	at org.testng.SuiteRunnerWorker.run(SuiteRunnerWorker.java:84)
	at org.testng.TestNG.runSuitesSequentially(TestNG.java:1208)
	at org.testng.TestNG.runSuitesLocally(TestNG.java:1137)
	at org.testng.TestNG.runSuites(TestNG.java:1049)
	at org.testng.TestNG.run(TestNG.java:1017)
	at org.testng.remote.AbstractRemoteTestNG.run(AbstractRemoteTestNG.java:115)
	at org.testng.remote.RemoteTestNG.initAndRun(RemoteTestNG.java:251)
	at org.testng.remote.RemoteTestNG.main(RemoteTestNG.java:77)
</pre></div></td>
<td>0</td>
<td>com.xp8.test.New_SanityTest@2a742aa2</td></tr>
<tr>
<td title='com.xp8.test.New_SanityTest.XP8_DeviceSanity_0012_Bluetooth_TurnOnTurnOffFromQuickStng()'><b>XP8_DeviceSanity_0012_Bluetooth_TurnOnTurnOffFromQuickStng</b><br>Test class: com.xp8.test.New_SanityTest</td>
<td><div><pre>org.testng.TestNGException: 
Parameter &apos;deviceName_&apos; is required by BeforeTest on method setUp but has not been marked @Optional or defined
in C:\Users\janardhan.p\AppData\Local\Temp\testng-eclipse-1105497916\testng-customsuite.xml
	at org.testng.internal.Parameters.createParams(Parameters.java:290)
	at org.testng.internal.Parameters.createParametersForMethod(Parameters.java:359)
	at org.testng.internal.Parameters.createParameters(Parameters.java:620)
	at org.testng.internal.Parameters.createConfigurationParameters(Parameters.java:190)
	at org.testng.internal.Invoker.invokeConfigurations(Invoker.java:209)
	at org.testng.internal.Invoker.invokeConfigurations(Invoker.java:142)
	at org.testng.TestRunner.beforeRun(TestRunner.java:529)
	at org.testng.TestRunner.run(TestRunner.java:497)
	at org.testng.SuiteRunner.runTest(SuiteRunner.java:455)
	at org.testng.SuiteRunner.runSequentially(SuiteRunner.java:450)
	at org.testng.SuiteRunner.privateRun(SuiteRunner.java:415)
	at org.testng.SuiteRunner.run(SuiteRunner.java:364)
	at org.testng.SuiteRunnerWorker.runSuite(SuiteRunnerWorker.java:52)
	at org.testng.SuiteRunnerWorker.run(SuiteRunnerWorker.java:84)
	at org.testng.TestNG.runSuitesSequentially(TestNG.java:1208)
	at org.testng.TestNG.runSuitesLocally(TestNG.java:1137)
	at org.testng.TestNG.runSuites(TestNG.java:1049)
	at org.testng.TestNG.run(TestNG.java:1017)
	at org.testng.remote.AbstractRemoteTestNG.run(AbstractRemoteTestNG.java:115)
	at org.testng.remote.RemoteTestNG.initAndRun(RemoteTestNG.java:251)
	at org.testng.remote.RemoteTestNG.main(RemoteTestNG.java:77)
</pre></div><a href='#' onClick='toggleBox("stack-trace1198817209", this, "Click to show all stack frames", "Click to hide stack frames")'>Click to show all stack frames</a>
<div class='stack-trace' id='stack-trace1198817209'><pre>org.testng.TestNGException: 
Parameter &apos;deviceName_&apos; is required by BeforeTest on method setUp but has not been marked @Optional or defined
in C:\Users\janardhan.p\AppData\Local\Temp\testng-eclipse-1105497916\testng-customsuite.xml
	at org.testng.internal.Parameters.createParams(Parameters.java:290)
	at org.testng.internal.Parameters.createParametersForMethod(Parameters.java:359)
	at org.testng.internal.Parameters.createParameters(Parameters.java:620)
	at org.testng.internal.Parameters.createConfigurationParameters(Parameters.java:190)
	at org.testng.internal.Invoker.invokeConfigurations(Invoker.java:209)
	at org.testng.internal.Invoker.invokeConfigurations(Invoker.java:142)
	at org.testng.TestRunner.beforeRun(TestRunner.java:529)
	at org.testng.TestRunner.run(TestRunner.java:497)
	at org.testng.SuiteRunner.runTest(SuiteRunner.java:455)
	at org.testng.SuiteRunner.runSequentially(SuiteRunner.java:450)
	at org.testng.SuiteRunner.privateRun(SuiteRunner.java:415)
	at org.testng.SuiteRunner.run(SuiteRunner.java:364)
	at org.testng.SuiteRunnerWorker.runSuite(SuiteRunnerWorker.java:52)
	at org.testng.SuiteRunnerWorker.run(SuiteRunnerWorker.java:84)
	at org.testng.TestNG.runSuitesSequentially(TestNG.java:1208)
	at org.testng.TestNG.runSuitesLocally(TestNG.java:1137)
	at org.testng.TestNG.runSuites(TestNG.java:1049)
	at org.testng.TestNG.run(TestNG.java:1017)
	at org.testng.remote.AbstractRemoteTestNG.run(AbstractRemoteTestNG.java:115)
	at org.testng.remote.RemoteTestNG.initAndRun(RemoteTestNG.java:251)
	at org.testng.remote.RemoteTestNG.main(RemoteTestNG.java:77)
</pre></div></td>
<td>0</td>
<td>com.xp8.test.New_SanityTest@2a742aa2</td></tr>
<tr>
<td title='com.xp8.test.New_SanityTest.XP8_DeviceSanity_0013_Device_increase_DecreaseBrightness()'><b>XP8_DeviceSanity_0013_Device_increase_DecreaseBrightness</b><br>Test class: com.xp8.test.New_SanityTest</td>
<td><div><pre>org.testng.TestNGException: 
Parameter &apos;deviceName_&apos; is required by BeforeTest on method setUp but has not been marked @Optional or defined
in C:\Users\janardhan.p\AppData\Local\Temp\testng-eclipse-1105497916\testng-customsuite.xml
	at org.testng.internal.Parameters.createParams(Parameters.java:290)
	at org.testng.internal.Parameters.createParametersForMethod(Parameters.java:359)
	at org.testng.internal.Parameters.createParameters(Parameters.java:620)
	at org.testng.internal.Parameters.createConfigurationParameters(Parameters.java:190)
	at org.testng.internal.Invoker.invokeConfigurations(Invoker.java:209)
	at org.testng.internal.Invoker.invokeConfigurations(Invoker.java:142)
	at org.testng.TestRunner.beforeRun(TestRunner.java:529)
	at org.testng.TestRunner.run(TestRunner.java:497)
	at org.testng.SuiteRunner.runTest(SuiteRunner.java:455)
	at org.testng.SuiteRunner.runSequentially(SuiteRunner.java:450)
	at org.testng.SuiteRunner.privateRun(SuiteRunner.java:415)
	at org.testng.SuiteRunner.run(SuiteRunner.java:364)
	at org.testng.SuiteRunnerWorker.runSuite(SuiteRunnerWorker.java:52)
	at org.testng.SuiteRunnerWorker.run(SuiteRunnerWorker.java:84)
	at org.testng.TestNG.runSuitesSequentially(TestNG.java:1208)
	at org.testng.TestNG.runSuitesLocally(TestNG.java:1137)
	at org.testng.TestNG.runSuites(TestNG.java:1049)
	at org.testng.TestNG.run(TestNG.java:1017)
	at org.testng.remote.AbstractRemoteTestNG.run(AbstractRemoteTestNG.java:115)
	at org.testng.remote.RemoteTestNG.initAndRun(RemoteTestNG.java:251)
	at org.testng.remote.RemoteTestNG.main(RemoteTestNG.java:77)
</pre></div><a href='#' onClick='toggleBox("stack-trace558404860", this, "Click to show all stack frames", "Click to hide stack frames")'>Click to show all stack frames</a>
<div class='stack-trace' id='stack-trace558404860'><pre>org.testng.TestNGException: 
Parameter &apos;deviceName_&apos; is required by BeforeTest on method setUp but has not been marked @Optional or defined
in C:\Users\janardhan.p\AppData\Local\Temp\testng-eclipse-1105497916\testng-customsuite.xml
	at org.testng.internal.Parameters.createParams(Parameters.java:290)
	at org.testng.internal.Parameters.createParametersForMethod(Parameters.java:359)
	at org.testng.internal.Parameters.createParameters(Parameters.java:620)
	at org.testng.internal.Parameters.createConfigurationParameters(Parameters.java:190)
	at org.testng.internal.Invoker.invokeConfigurations(Invoker.java:209)
	at org.testng.internal.Invoker.invokeConfigurations(Invoker.java:142)
	at org.testng.TestRunner.beforeRun(TestRunner.java:529)
	at org.testng.TestRunner.run(TestRunner.java:497)
	at org.testng.SuiteRunner.runTest(SuiteRunner.java:455)
	at org.testng.SuiteRunner.runSequentially(SuiteRunner.java:450)
	at org.testng.SuiteRunner.privateRun(SuiteRunner.java:415)
	at org.testng.SuiteRunner.run(SuiteRunner.java:364)
	at org.testng.SuiteRunnerWorker.runSuite(SuiteRunnerWorker.java:52)
	at org.testng.SuiteRunnerWorker.run(SuiteRunnerWorker.java:84)
	at org.testng.TestNG.runSuitesSequentially(TestNG.java:1208)
	at org.testng.TestNG.runSuitesLocally(TestNG.java:1137)
	at org.testng.TestNG.runSuites(TestNG.java:1049)
	at org.testng.TestNG.run(TestNG.java:1017)
	at org.testng.remote.AbstractRemoteTestNG.run(AbstractRemoteTestNG.java:115)
	at org.testng.remote.RemoteTestNG.initAndRun(RemoteTestNG.java:251)
	at org.testng.remote.RemoteTestNG.main(RemoteTestNG.java:77)
</pre></div></td>
<td>0</td>
<td>com.xp8.test.New_SanityTest@2a742aa2</td></tr>
<tr>
<td title='com.xp8.test.New_SanityTest.XP8_DeviceSanity_0014_Open_URL_in_browser()'><b>XP8_DeviceSanity_0014_Open_URL_in_browser</b><br>Test class: com.xp8.test.New_SanityTest</td>
<td><div><pre>org.testng.TestNGException: 
Parameter &apos;deviceName_&apos; is required by BeforeTest on method setUp but has not been marked @Optional or defined
in C:\Users\janardhan.p\AppData\Local\Temp\testng-eclipse-1105497916\testng-customsuite.xml
	at org.testng.internal.Parameters.createParams(Parameters.java:290)
	at org.testng.internal.Parameters.createParametersForMethod(Parameters.java:359)
	at org.testng.internal.Parameters.createParameters(Parameters.java:620)
	at org.testng.internal.Parameters.createConfigurationParameters(Parameters.java:190)
	at org.testng.internal.Invoker.invokeConfigurations(Invoker.java:209)
	at org.testng.internal.Invoker.invokeConfigurations(Invoker.java:142)
	at org.testng.TestRunner.beforeRun(TestRunner.java:529)
	at org.testng.TestRunner.run(TestRunner.java:497)
	at org.testng.SuiteRunner.runTest(SuiteRunner.java:455)
	at org.testng.SuiteRunner.runSequentially(SuiteRunner.java:450)
	at org.testng.SuiteRunner.privateRun(SuiteRunner.java:415)
	at org.testng.SuiteRunner.run(SuiteRunner.java:364)
	at org.testng.SuiteRunnerWorker.runSuite(SuiteRunnerWorker.java:52)
	at org.testng.SuiteRunnerWorker.run(SuiteRunnerWorker.java:84)
	at org.testng.TestNG.runSuitesSequentially(TestNG.java:1208)
	at org.testng.TestNG.runSuitesLocally(TestNG.java:1137)
	at org.testng.TestNG.runSuites(TestNG.java:1049)
	at org.testng.TestNG.run(TestNG.java:1017)
	at org.testng.remote.AbstractRemoteTestNG.run(AbstractRemoteTestNG.java:115)
	at org.testng.remote.RemoteTestNG.initAndRun(RemoteTestNG.java:251)
	at org.testng.remote.RemoteTestNG.main(RemoteTestNG.java:77)
</pre></div><a href='#' onClick='toggleBox("stack-trace422134367", this, "Click to show all stack frames", "Click to hide stack frames")'>Click to show all stack frames</a>
<div class='stack-trace' id='stack-trace422134367'><pre>org.testng.TestNGException: 
Parameter &apos;deviceName_&apos; is required by BeforeTest on method setUp but has not been marked @Optional or defined
in C:\Users\janardhan.p\AppData\Local\Temp\testng-eclipse-1105497916\testng-customsuite.xml
	at org.testng.internal.Parameters.createParams(Parameters.java:290)
	at org.testng.internal.Parameters.createParametersForMethod(Parameters.java:359)
	at org.testng.internal.Parameters.createParameters(Parameters.java:620)
	at org.testng.internal.Parameters.createConfigurationParameters(Parameters.java:190)
	at org.testng.internal.Invoker.invokeConfigurations(Invoker.java:209)
	at org.testng.internal.Invoker.invokeConfigurations(Invoker.java:142)
	at org.testng.TestRunner.beforeRun(TestRunner.java:529)
	at org.testng.TestRunner.run(TestRunner.java:497)
	at org.testng.SuiteRunner.runTest(SuiteRunner.java:455)
	at org.testng.SuiteRunner.runSequentially(SuiteRunner.java:450)
	at org.testng.SuiteRunner.privateRun(SuiteRunner.java:415)
	at org.testng.SuiteRunner.run(SuiteRunner.java:364)
	at org.testng.SuiteRunnerWorker.runSuite(SuiteRunnerWorker.java:52)
	at org.testng.SuiteRunnerWorker.run(SuiteRunnerWorker.java:84)
	at org.testng.TestNG.runSuitesSequentially(TestNG.java:1208)
	at org.testng.TestNG.runSuitesLocally(TestNG.java:1137)
	at org.testng.TestNG.runSuites(TestNG.java:1049)
	at org.testng.TestNG.run(TestNG.java:1017)
	at org.testng.remote.AbstractRemoteTestNG.run(AbstractRemoteTestNG.java:115)
	at org.testng.remote.RemoteTestNG.initAndRun(RemoteTestNG.java:251)
	at org.testng.remote.RemoteTestNG.main(RemoteTestNG.java:77)
</pre></div></td>
<td>0</td>
<td>com.xp8.test.New_SanityTest@2a742aa2</td></tr>
<tr>
<td title='com.xp8.test.New_SanityTest.XP8_DeviceSanity_0015_FlashLight_ON_Off()'><b>XP8_DeviceSanity_0015_FlashLight_ON_Off</b><br>Test class: com.xp8.test.New_SanityTest</td>
<td><div><pre>org.testng.TestNGException: 
Parameter &apos;deviceName_&apos; is required by BeforeTest on method setUp but has not been marked @Optional or defined
in C:\Users\janardhan.p\AppData\Local\Temp\testng-eclipse-1105497916\testng-customsuite.xml
	at org.testng.internal.Parameters.createParams(Parameters.java:290)
	at org.testng.internal.Parameters.createParametersForMethod(Parameters.java:359)
	at org.testng.internal.Parameters.createParameters(Parameters.java:620)
	at org.testng.internal.Parameters.createConfigurationParameters(Parameters.java:190)
	at org.testng.internal.Invoker.invokeConfigurations(Invoker.java:209)
	at org.testng.internal.Invoker.invokeConfigurations(Invoker.java:142)
	at org.testng.TestRunner.beforeRun(TestRunner.java:529)
	at org.testng.TestRunner.run(TestRunner.java:497)
	at org.testng.SuiteRunner.runTest(SuiteRunner.java:455)
	at org.testng.SuiteRunner.runSequentially(SuiteRunner.java:450)
	at org.testng.SuiteRunner.privateRun(SuiteRunner.java:415)
	at org.testng.SuiteRunner.run(SuiteRunner.java:364)
	at org.testng.SuiteRunnerWorker.runSuite(SuiteRunnerWorker.java:52)
	at org.testng.SuiteRunnerWorker.run(SuiteRunnerWorker.java:84)
	at org.testng.TestNG.runSuitesSequentially(TestNG.java:1208)
	at org.testng.TestNG.runSuitesLocally(TestNG.java:1137)
	at org.testng.TestNG.runSuites(TestNG.java:1049)
	at org.testng.TestNG.run(TestNG.java:1017)
	at org.testng.remote.AbstractRemoteTestNG.run(AbstractRemoteTestNG.java:115)
	at org.testng.remote.RemoteTestNG.initAndRun(RemoteTestNG.java:251)
	at org.testng.remote.RemoteTestNG.main(RemoteTestNG.java:77)
</pre></div><a href='#' onClick='toggleBox("stack-trace1273879638", this, "Click to show all stack frames", "Click to hide stack frames")'>Click to show all stack frames</a>
<div class='stack-trace' id='stack-trace1273879638'><pre>org.testng.TestNGException: 
Parameter &apos;deviceName_&apos; is required by BeforeTest on method setUp but has not been marked @Optional or defined
in C:\Users\janardhan.p\AppData\Local\Temp\testng-eclipse-1105497916\testng-customsuite.xml
	at org.testng.internal.Parameters.createParams(Parameters.java:290)
	at org.testng.internal.Parameters.createParametersForMethod(Parameters.java:359)
	at org.testng.internal.Parameters.createParameters(Parameters.java:620)
	at org.testng.internal.Parameters.createConfigurationParameters(Parameters.java:190)
	at org.testng.internal.Invoker.invokeConfigurations(Invoker.java:209)
	at org.testng.internal.Invoker.invokeConfigurations(Invoker.java:142)
	at org.testng.TestRunner.beforeRun(TestRunner.java:529)
	at org.testng.TestRunner.run(TestRunner.java:497)
	at org.testng.SuiteRunner.runTest(SuiteRunner.java:455)
	at org.testng.SuiteRunner.runSequentially(SuiteRunner.java:450)
	at org.testng.SuiteRunner.privateRun(SuiteRunner.java:415)
	at org.testng.SuiteRunner.run(SuiteRunner.java:364)
	at org.testng.SuiteRunnerWorker.runSuite(SuiteRunnerWorker.java:52)
	at org.testng.SuiteRunnerWorker.run(SuiteRunnerWorker.java:84)
	at org.testng.TestNG.runSuitesSequentially(TestNG.java:1208)
	at org.testng.TestNG.runSuitesLocally(TestNG.java:1137)
	at org.testng.TestNG.runSuites(TestNG.java:1049)
	at org.testng.TestNG.run(TestNG.java:1017)
	at org.testng.remote.AbstractRemoteTestNG.run(AbstractRemoteTestNG.java:115)
	at org.testng.remote.RemoteTestNG.initAndRun(RemoteTestNG.java:251)
	at org.testng.remote.RemoteTestNG.main(RemoteTestNG.java:77)
</pre></div></td>
<td>0</td>
<td>com.xp8.test.New_SanityTest@2a742aa2</td></tr>
<tr>
<td title='com.xp8.test.New_SanityTest.XP8_DeviceSanity_0016_Send_ReceiveSms_WhnDUTinActiveVoiceCall()'><b>XP8_DeviceSanity_0016_Send_ReceiveSms_WhnDUTinActiveVoiceCall</b><br>Test class: com.xp8.test.New_SanityTest</td>
<td><div><pre>org.testng.TestNGException: 
Parameter &apos;deviceName_&apos; is required by BeforeTest on method setUp but has not been marked @Optional or defined
in C:\Users\janardhan.p\AppData\Local\Temp\testng-eclipse-1105497916\testng-customsuite.xml
	at org.testng.internal.Parameters.createParams(Parameters.java:290)
	at org.testng.internal.Parameters.createParametersForMethod(Parameters.java:359)
	at org.testng.internal.Parameters.createParameters(Parameters.java:620)
	at org.testng.internal.Parameters.createConfigurationParameters(Parameters.java:190)
	at org.testng.internal.Invoker.invokeConfigurations(Invoker.java:209)
	at org.testng.internal.Invoker.invokeConfigurations(Invoker.java:142)
	at org.testng.TestRunner.beforeRun(TestRunner.java:529)
	at org.testng.TestRunner.run(TestRunner.java:497)
	at org.testng.SuiteRunner.runTest(SuiteRunner.java:455)
	at org.testng.SuiteRunner.runSequentially(SuiteRunner.java:450)
	at org.testng.SuiteRunner.privateRun(SuiteRunner.java:415)
	at org.testng.SuiteRunner.run(SuiteRunner.java:364)
	at org.testng.SuiteRunnerWorker.runSuite(SuiteRunnerWorker.java:52)
	at org.testng.SuiteRunnerWorker.run(SuiteRunnerWorker.java:84)
	at org.testng.TestNG.runSuitesSequentially(TestNG.java:1208)
	at org.testng.TestNG.runSuitesLocally(TestNG.java:1137)
	at org.testng.TestNG.runSuites(TestNG.java:1049)
	at org.testng.TestNG.run(TestNG.java:1017)
	at org.testng.remote.AbstractRemoteTestNG.run(AbstractRemoteTestNG.java:115)
	at org.testng.remote.RemoteTestNG.initAndRun(RemoteTestNG.java:251)
	at org.testng.remote.RemoteTestNG.main(RemoteTestNG.java:77)
</pre></div><a href='#' onClick='toggleBox("stack-trace1423752095", this, "Click to show all stack frames", "Click to hide stack frames")'>Click to show all stack frames</a>
<div class='stack-trace' id='stack-trace1423752095'><pre>org.testng.TestNGException: 
Parameter &apos;deviceName_&apos; is required by BeforeTest on method setUp but has not been marked @Optional or defined
in C:\Users\janardhan.p\AppData\Local\Temp\testng-eclipse-1105497916\testng-customsuite.xml
	at org.testng.internal.Parameters.createParams(Parameters.java:290)
	at org.testng.internal.Parameters.createParametersForMethod(Parameters.java:359)
	at org.testng.internal.Parameters.createParameters(Parameters.java:620)
	at org.testng.internal.Parameters.createConfigurationParameters(Parameters.java:190)
	at org.testng.internal.Invoker.invokeConfigurations(Invoker.java:209)
	at org.testng.internal.Invoker.invokeConfigurations(Invoker.java:142)
	at org.testng.TestRunner.beforeRun(TestRunner.java:529)
	at org.testng.TestRunner.run(TestRunner.java:497)
	at org.testng.SuiteRunner.runTest(SuiteRunner.java:455)
	at org.testng.SuiteRunner.runSequentially(SuiteRunner.java:450)
	at org.testng.SuiteRunner.privateRun(SuiteRunner.java:415)
	at org.testng.SuiteRunner.run(SuiteRunner.java:364)
	at org.testng.SuiteRunnerWorker.runSuite(SuiteRunnerWorker.java:52)
	at org.testng.SuiteRunnerWorker.run(SuiteRunnerWorker.java:84)
	at org.testng.TestNG.runSuitesSequentially(TestNG.java:1208)
	at org.testng.TestNG.runSuitesLocally(TestNG.java:1137)
	at org.testng.TestNG.runSuites(TestNG.java:1049)
	at org.testng.TestNG.run(TestNG.java:1017)
	at org.testng.remote.AbstractRemoteTestNG.run(AbstractRemoteTestNG.java:115)
	at org.testng.remote.RemoteTestNG.initAndRun(RemoteTestNG.java:251)
	at org.testng.remote.RemoteTestNG.main(RemoteTestNG.java:77)
</pre></div></td>
<td>0</td>
<td>com.xp8.test.New_SanityTest@2a742aa2</td></tr>
<tr>
<td title='com.xp8.test.New_SanityTest.XP8_DeviceSanity_0017_checkDeviceInformation_WithSwrealese_and_stng()'><b>XP8_DeviceSanity_0017_checkDeviceInformation_WithSwrealese_and_stng</b><br>Test class: com.xp8.test.New_SanityTest</td>
<td><div><pre>org.testng.TestNGException: 
Parameter &apos;deviceName_&apos; is required by BeforeTest on method setUp but has not been marked @Optional or defined
in C:\Users\janardhan.p\AppData\Local\Temp\testng-eclipse-1105497916\testng-customsuite.xml
	at org.testng.internal.Parameters.createParams(Parameters.java:290)
	at org.testng.internal.Parameters.createParametersForMethod(Parameters.java:359)
	at org.testng.internal.Parameters.createParameters(Parameters.java:620)
	at org.testng.internal.Parameters.createConfigurationParameters(Parameters.java:190)
	at org.testng.internal.Invoker.invokeConfigurations(Invoker.java:209)
	at org.testng.internal.Invoker.invokeConfigurations(Invoker.java:142)
	at org.testng.TestRunner.beforeRun(TestRunner.java:529)
	at org.testng.TestRunner.run(TestRunner.java:497)
	at org.testng.SuiteRunner.runTest(SuiteRunner.java:455)
	at org.testng.SuiteRunner.runSequentially(SuiteRunner.java:450)
	at org.testng.SuiteRunner.privateRun(SuiteRunner.java:415)
	at org.testng.SuiteRunner.run(SuiteRunner.java:364)
	at org.testng.SuiteRunnerWorker.runSuite(SuiteRunnerWorker.java:52)
	at org.testng.SuiteRunnerWorker.run(SuiteRunnerWorker.java:84)
	at org.testng.TestNG.runSuitesSequentially(TestNG.java:1208)
	at org.testng.TestNG.runSuitesLocally(TestNG.java:1137)
	at org.testng.TestNG.runSuites(TestNG.java:1049)
	at org.testng.TestNG.run(TestNG.java:1017)
	at org.testng.remote.AbstractRemoteTestNG.run(AbstractRemoteTestNG.java:115)
	at org.testng.remote.RemoteTestNG.initAndRun(RemoteTestNG.java:251)
	at org.testng.remote.RemoteTestNG.main(RemoteTestNG.java:77)
</pre></div><a href='#' onClick='toggleBox("stack-trace332234405", this, "Click to show all stack frames", "Click to hide stack frames")'>Click to show all stack frames</a>
<div class='stack-trace' id='stack-trace332234405'><pre>org.testng.TestNGException: 
Parameter &apos;deviceName_&apos; is required by BeforeTest on method setUp but has not been marked @Optional or defined
in C:\Users\janardhan.p\AppData\Local\Temp\testng-eclipse-1105497916\testng-customsuite.xml
	at org.testng.internal.Parameters.createParams(Parameters.java:290)
	at org.testng.internal.Parameters.createParametersForMethod(Parameters.java:359)
	at org.testng.internal.Parameters.createParameters(Parameters.java:620)
	at org.testng.internal.Parameters.createConfigurationParameters(Parameters.java:190)
	at org.testng.internal.Invoker.invokeConfigurations(Invoker.java:209)
	at org.testng.internal.Invoker.invokeConfigurations(Invoker.java:142)
	at org.testng.TestRunner.beforeRun(TestRunner.java:529)
	at org.testng.TestRunner.run(TestRunner.java:497)
	at org.testng.SuiteRunner.runTest(SuiteRunner.java:455)
	at org.testng.SuiteRunner.runSequentially(SuiteRunner.java:450)
	at org.testng.SuiteRunner.privateRun(SuiteRunner.java:415)
	at org.testng.SuiteRunner.run(SuiteRunner.java:364)
	at org.testng.SuiteRunnerWorker.runSuite(SuiteRunnerWorker.java:52)
	at org.testng.SuiteRunnerWorker.run(SuiteRunnerWorker.java:84)
	at org.testng.TestNG.runSuitesSequentially(TestNG.java:1208)
	at org.testng.TestNG.runSuitesLocally(TestNG.java:1137)
	at org.testng.TestNG.runSuites(TestNG.java:1049)
	at org.testng.TestNG.run(TestNG.java:1017)
	at org.testng.remote.AbstractRemoteTestNG.run(AbstractRemoteTestNG.java:115)
	at org.testng.remote.RemoteTestNG.initAndRun(RemoteTestNG.java:251)
	at org.testng.remote.RemoteTestNG.main(RemoteTestNG.java:77)
</pre></div></td>
<td>0</td>
<td>com.xp8.test.New_SanityTest@2a742aa2</td></tr>
<tr>
<td title='com.xp8.test.New_SanityTest.XP8_DeviceSanity_0018_checkDate_Time_timezone()'><b>XP8_DeviceSanity_0018_checkDate_Time_timezone</b><br>Test class: com.xp8.test.New_SanityTest</td>
<td><div><pre>org.testng.TestNGException: 
Parameter &apos;deviceName_&apos; is required by BeforeTest on method setUp but has not been marked @Optional or defined
in C:\Users\janardhan.p\AppData\Local\Temp\testng-eclipse-1105497916\testng-customsuite.xml
	at org.testng.internal.Parameters.createParams(Parameters.java:290)
	at org.testng.internal.Parameters.createParametersForMethod(Parameters.java:359)
	at org.testng.internal.Parameters.createParameters(Parameters.java:620)
	at org.testng.internal.Parameters.createConfigurationParameters(Parameters.java:190)
	at org.testng.internal.Invoker.invokeConfigurations(Invoker.java:209)
	at org.testng.internal.Invoker.invokeConfigurations(Invoker.java:142)
	at org.testng.TestRunner.beforeRun(TestRunner.java:529)
	at org.testng.TestRunner.run(TestRunner.java:497)
	at org.testng.SuiteRunner.runTest(SuiteRunner.java:455)
	at org.testng.SuiteRunner.runSequentially(SuiteRunner.java:450)
	at org.testng.SuiteRunner.privateRun(SuiteRunner.java:415)
	at org.testng.SuiteRunner.run(SuiteRunner.java:364)
	at org.testng.SuiteRunnerWorker.runSuite(SuiteRunnerWorker.java:52)
	at org.testng.SuiteRunnerWorker.run(SuiteRunnerWorker.java:84)
	at org.testng.TestNG.runSuitesSequentially(TestNG.java:1208)
	at org.testng.TestNG.runSuitesLocally(TestNG.java:1137)
	at org.testng.TestNG.runSuites(TestNG.java:1049)
	at org.testng.TestNG.run(TestNG.java:1017)
	at org.testng.remote.AbstractRemoteTestNG.run(AbstractRemoteTestNG.java:115)
	at org.testng.remote.RemoteTestNG.initAndRun(RemoteTestNG.java:251)
	at org.testng.remote.RemoteTestNG.main(RemoteTestNG.java:77)
</pre></div><a href='#' onClick='toggleBox("stack-trace1939869193", this, "Click to show all stack frames", "Click to hide stack frames")'>Click to show all stack frames</a>
<div class='stack-trace' id='stack-trace1939869193'><pre>org.testng.TestNGException: 
Parameter &apos;deviceName_&apos; is required by BeforeTest on method setUp but has not been marked @Optional or defined
in C:\Users\janardhan.p\AppData\Local\Temp\testng-eclipse-1105497916\testng-customsuite.xml
	at org.testng.internal.Parameters.createParams(Parameters.java:290)
	at org.testng.internal.Parameters.createParametersForMethod(Parameters.java:359)
	at org.testng.internal.Parameters.createParameters(Parameters.java:620)
	at org.testng.internal.Parameters.createConfigurationParameters(Parameters.java:190)
	at org.testng.internal.Invoker.invokeConfigurations(Invoker.java:209)
	at org.testng.internal.Invoker.invokeConfigurations(Invoker.java:142)
	at org.testng.TestRunner.beforeRun(TestRunner.java:529)
	at org.testng.TestRunner.run(TestRunner.java:497)
	at org.testng.SuiteRunner.runTest(SuiteRunner.java:455)
	at org.testng.SuiteRunner.runSequentially(SuiteRunner.java:450)
	at org.testng.SuiteRunner.privateRun(SuiteRunner.java:415)
	at org.testng.SuiteRunner.run(SuiteRunner.java:364)
	at org.testng.SuiteRunnerWorker.runSuite(SuiteRunnerWorker.java:52)
	at org.testng.SuiteRunnerWorker.run(SuiteRunnerWorker.java:84)
	at org.testng.TestNG.runSuitesSequentially(TestNG.java:1208)
	at org.testng.TestNG.runSuitesLocally(TestNG.java:1137)
	at org.testng.TestNG.runSuites(TestNG.java:1049)
	at org.testng.TestNG.run(TestNG.java:1017)
	at org.testng.remote.AbstractRemoteTestNG.run(AbstractRemoteTestNG.java:115)
	at org.testng.remote.RemoteTestNG.initAndRun(RemoteTestNG.java:251)
	at org.testng.remote.RemoteTestNG.main(RemoteTestNG.java:77)
</pre></div></td>
<td>0</td>
<td>com.xp8.test.New_SanityTest@2a742aa2</td></tr>
<tr>
<td title='com.xp8.test.New_SanityTest.XP8_DeviceSanity_0019_checkCharging_StatusOfDevice()'><b>XP8_DeviceSanity_0019_checkCharging_StatusOfDevice</b><br>Test class: com.xp8.test.New_SanityTest</td>
<td><div><pre>org.testng.TestNGException: 
Parameter &apos;deviceName_&apos; is required by BeforeTest on method setUp but has not been marked @Optional or defined
in C:\Users\janardhan.p\AppData\Local\Temp\testng-eclipse-1105497916\testng-customsuite.xml
	at org.testng.internal.Parameters.createParams(Parameters.java:290)
	at org.testng.internal.Parameters.createParametersForMethod(Parameters.java:359)
	at org.testng.internal.Parameters.createParameters(Parameters.java:620)
	at org.testng.internal.Parameters.createConfigurationParameters(Parameters.java:190)
	at org.testng.internal.Invoker.invokeConfigurations(Invoker.java:209)
	at org.testng.internal.Invoker.invokeConfigurations(Invoker.java:142)
	at org.testng.TestRunner.beforeRun(TestRunner.java:529)
	at org.testng.TestRunner.run(TestRunner.java:497)
	at org.testng.SuiteRunner.runTest(SuiteRunner.java:455)
	at org.testng.SuiteRunner.runSequentially(SuiteRunner.java:450)
	at org.testng.SuiteRunner.privateRun(SuiteRunner.java:415)
	at org.testng.SuiteRunner.run(SuiteRunner.java:364)
	at org.testng.SuiteRunnerWorker.runSuite(SuiteRunnerWorker.java:52)
	at org.testng.SuiteRunnerWorker.run(SuiteRunnerWorker.java:84)
	at org.testng.TestNG.runSuitesSequentially(TestNG.java:1208)
	at org.testng.TestNG.runSuitesLocally(TestNG.java:1137)
	at org.testng.TestNG.runSuites(TestNG.java:1049)
	at org.testng.TestNG.run(TestNG.java:1017)
	at org.testng.remote.AbstractRemoteTestNG.run(AbstractRemoteTestNG.java:115)
	at org.testng.remote.RemoteTestNG.initAndRun(RemoteTestNG.java:251)
	at org.testng.remote.RemoteTestNG.main(RemoteTestNG.java:77)
</pre></div><a href='#' onClick='toggleBox("stack-trace1122118227", this, "Click to show all stack frames", "Click to hide stack frames")'>Click to show all stack frames</a>
<div class='stack-trace' id='stack-trace1122118227'><pre>org.testng.TestNGException: 
Parameter &apos;deviceName_&apos; is required by BeforeTest on method setUp but has not been marked @Optional or defined
in C:\Users\janardhan.p\AppData\Local\Temp\testng-eclipse-1105497916\testng-customsuite.xml
	at org.testng.internal.Parameters.createParams(Parameters.java:290)
	at org.testng.internal.Parameters.createParametersForMethod(Parameters.java:359)
	at org.testng.internal.Parameters.createParameters(Parameters.java:620)
	at org.testng.internal.Parameters.createConfigurationParameters(Parameters.java:190)
	at org.testng.internal.Invoker.invokeConfigurations(Invoker.java:209)
	at org.testng.internal.Invoker.invokeConfigurations(Invoker.java:142)
	at org.testng.TestRunner.beforeRun(TestRunner.java:529)
	at org.testng.TestRunner.run(TestRunner.java:497)
	at org.testng.SuiteRunner.runTest(SuiteRunner.java:455)
	at org.testng.SuiteRunner.runSequentially(SuiteRunner.java:450)
	at org.testng.SuiteRunner.privateRun(SuiteRunner.java:415)
	at org.testng.SuiteRunner.run(SuiteRunner.java:364)
	at org.testng.SuiteRunnerWorker.runSuite(SuiteRunnerWorker.java:52)
	at org.testng.SuiteRunnerWorker.run(SuiteRunnerWorker.java:84)
	at org.testng.TestNG.runSuitesSequentially(TestNG.java:1208)
	at org.testng.TestNG.runSuitesLocally(TestNG.java:1137)
	at org.testng.TestNG.runSuites(TestNG.java:1049)
	at org.testng.TestNG.run(TestNG.java:1017)
	at org.testng.remote.AbstractRemoteTestNG.run(AbstractRemoteTestNG.java:115)
	at org.testng.remote.RemoteTestNG.initAndRun(RemoteTestNG.java:251)
	at org.testng.remote.RemoteTestNG.main(RemoteTestNG.java:77)
</pre></div></td>
<td>0</td>
<td>com.xp8.test.New_SanityTest@2a742aa2</td></tr>
<tr>
<td title='com.xp8.test.New_SanityTest.XP8_DeviceSanity_001_Make_Mo_VOlteCall_in_Sim1()'><b>XP8_DeviceSanity_001_Make_Mo_VOlteCall_in_Sim1</b><br>Test class: com.xp8.test.New_SanityTest</td>
<td><div><pre>org.testng.TestNGException: 
Parameter &apos;deviceName_&apos; is required by BeforeTest on method setUp but has not been marked @Optional or defined
in C:\Users\janardhan.p\AppData\Local\Temp\testng-eclipse-1105497916\testng-customsuite.xml
	at org.testng.internal.Parameters.createParams(Parameters.java:290)
	at org.testng.internal.Parameters.createParametersForMethod(Parameters.java:359)
	at org.testng.internal.Parameters.createParameters(Parameters.java:620)
	at org.testng.internal.Parameters.createConfigurationParameters(Parameters.java:190)
	at org.testng.internal.Invoker.invokeConfigurations(Invoker.java:209)
	at org.testng.internal.Invoker.invokeConfigurations(Invoker.java:142)
	at org.testng.TestRunner.beforeRun(TestRunner.java:529)
	at org.testng.TestRunner.run(TestRunner.java:497)
	at org.testng.SuiteRunner.runTest(SuiteRunner.java:455)
	at org.testng.SuiteRunner.runSequentially(SuiteRunner.java:450)
	at org.testng.SuiteRunner.privateRun(SuiteRunner.java:415)
	at org.testng.SuiteRunner.run(SuiteRunner.java:364)
	at org.testng.SuiteRunnerWorker.runSuite(SuiteRunnerWorker.java:52)
	at org.testng.SuiteRunnerWorker.run(SuiteRunnerWorker.java:84)
	at org.testng.TestNG.runSuitesSequentially(TestNG.java:1208)
	at org.testng.TestNG.runSuitesLocally(TestNG.java:1137)
	at org.testng.TestNG.runSuites(TestNG.java:1049)
	at org.testng.TestNG.run(TestNG.java:1017)
	at org.testng.remote.AbstractRemoteTestNG.run(AbstractRemoteTestNG.java:115)
	at org.testng.remote.RemoteTestNG.initAndRun(RemoteTestNG.java:251)
	at org.testng.remote.RemoteTestNG.main(RemoteTestNG.java:77)
</pre></div><a href='#' onClick='toggleBox("stack-trace1822525972", this, "Click to show all stack frames", "Click to hide stack frames")'>Click to show all stack frames</a>
<div class='stack-trace' id='stack-trace1822525972'><pre>org.testng.TestNGException: 
Parameter &apos;deviceName_&apos; is required by BeforeTest on method setUp but has not been marked @Optional or defined
in C:\Users\janardhan.p\AppData\Local\Temp\testng-eclipse-1105497916\testng-customsuite.xml
	at org.testng.internal.Parameters.createParams(Parameters.java:290)
	at org.testng.internal.Parameters.createParametersForMethod(Parameters.java:359)
	at org.testng.internal.Parameters.createParameters(Parameters.java:620)
	at org.testng.internal.Parameters.createConfigurationParameters(Parameters.java:190)
	at org.testng.internal.Invoker.invokeConfigurations(Invoker.java:209)
	at org.testng.internal.Invoker.invokeConfigurations(Invoker.java:142)
	at org.testng.TestRunner.beforeRun(TestRunner.java:529)
	at org.testng.TestRunner.run(TestRunner.java:497)
	at org.testng.SuiteRunner.runTest(SuiteRunner.java:455)
	at org.testng.SuiteRunner.runSequentially(SuiteRunner.java:450)
	at org.testng.SuiteRunner.privateRun(SuiteRunner.java:415)
	at org.testng.SuiteRunner.run(SuiteRunner.java:364)
	at org.testng.SuiteRunnerWorker.runSuite(SuiteRunnerWorker.java:52)
	at org.testng.SuiteRunnerWorker.run(SuiteRunnerWorker.java:84)
	at org.testng.TestNG.runSuitesSequentially(TestNG.java:1208)
	at org.testng.TestNG.runSuitesLocally(TestNG.java:1137)
	at org.testng.TestNG.runSuites(TestNG.java:1049)
	at org.testng.TestNG.run(TestNG.java:1017)
	at org.testng.remote.AbstractRemoteTestNG.run(AbstractRemoteTestNG.java:115)
	at org.testng.remote.RemoteTestNG.initAndRun(RemoteTestNG.java:251)
	at org.testng.remote.RemoteTestNG.main(RemoteTestNG.java:77)
</pre></div></td>
<td>0</td>
<td>com.xp8.test.New_SanityTest@2a742aa2</td></tr>
<tr>
<td title='com.xp8.test.New_SanityTest.XP8_DeviceSanity_002_ReceiveMo_VOlteCall_in_Sim1()'><b>XP8_DeviceSanity_002_ReceiveMo_VOlteCall_in_Sim1</b><br>Test class: com.xp8.test.New_SanityTest</td>
<td><div><pre>org.testng.TestNGException: 
Parameter &apos;deviceName_&apos; is required by BeforeTest on method setUp but has not been marked @Optional or defined
in C:\Users\janardhan.p\AppData\Local\Temp\testng-eclipse-1105497916\testng-customsuite.xml
	at org.testng.internal.Parameters.createParams(Parameters.java:290)
	at org.testng.internal.Parameters.createParametersForMethod(Parameters.java:359)
	at org.testng.internal.Parameters.createParameters(Parameters.java:620)
	at org.testng.internal.Parameters.createConfigurationParameters(Parameters.java:190)
	at org.testng.internal.Invoker.invokeConfigurations(Invoker.java:209)
	at org.testng.internal.Invoker.invokeConfigurations(Invoker.java:142)
	at org.testng.TestRunner.beforeRun(TestRunner.java:529)
	at org.testng.TestRunner.run(TestRunner.java:497)
	at org.testng.SuiteRunner.runTest(SuiteRunner.java:455)
	at org.testng.SuiteRunner.runSequentially(SuiteRunner.java:450)
	at org.testng.SuiteRunner.privateRun(SuiteRunner.java:415)
	at org.testng.SuiteRunner.run(SuiteRunner.java:364)
	at org.testng.SuiteRunnerWorker.runSuite(SuiteRunnerWorker.java:52)
	at org.testng.SuiteRunnerWorker.run(SuiteRunnerWorker.java:84)
	at org.testng.TestNG.runSuitesSequentially(TestNG.java:1208)
	at org.testng.TestNG.runSuitesLocally(TestNG.java:1137)
	at org.testng.TestNG.runSuites(TestNG.java:1049)
	at org.testng.TestNG.run(TestNG.java:1017)
	at org.testng.remote.AbstractRemoteTestNG.run(AbstractRemoteTestNG.java:115)
	at org.testng.remote.RemoteTestNG.initAndRun(RemoteTestNG.java:251)
	at org.testng.remote.RemoteTestNG.main(RemoteTestNG.java:77)
</pre></div><a href='#' onClick='toggleBox("stack-trace533810548", this, "Click to show all stack frames", "Click to hide stack frames")'>Click to show all stack frames</a>
<div class='stack-trace' id='stack-trace533810548'><pre>org.testng.TestNGException: 
Parameter &apos;deviceName_&apos; is required by BeforeTest on method setUp but has not been marked @Optional or defined
in C:\Users\janardhan.p\AppData\Local\Temp\testng-eclipse-1105497916\testng-customsuite.xml
	at org.testng.internal.Parameters.createParams(Parameters.java:290)
	at org.testng.internal.Parameters.createParametersForMethod(Parameters.java:359)
	at org.testng.internal.Parameters.createParameters(Parameters.java:620)
	at org.testng.internal.Parameters.createConfigurationParameters(Parameters.java:190)
	at org.testng.internal.Invoker.invokeConfigurations(Invoker.java:209)
	at org.testng.internal.Invoker.invokeConfigurations(Invoker.java:142)
	at org.testng.TestRunner.beforeRun(TestRunner.java:529)
	at org.testng.TestRunner.run(TestRunner.java:497)
	at org.testng.SuiteRunner.runTest(SuiteRunner.java:455)
	at org.testng.SuiteRunner.runSequentially(SuiteRunner.java:450)
	at org.testng.SuiteRunner.privateRun(SuiteRunner.java:415)
	at org.testng.SuiteRunner.run(SuiteRunner.java:364)
	at org.testng.SuiteRunnerWorker.runSuite(SuiteRunnerWorker.java:52)
	at org.testng.SuiteRunnerWorker.run(SuiteRunnerWorker.java:84)
	at org.testng.TestNG.runSuitesSequentially(TestNG.java:1208)
	at org.testng.TestNG.runSuitesLocally(TestNG.java:1137)
	at org.testng.TestNG.runSuites(TestNG.java:1049)
	at org.testng.TestNG.run(TestNG.java:1017)
	at org.testng.remote.AbstractRemoteTestNG.run(AbstractRemoteTestNG.java:115)
	at org.testng.remote.RemoteTestNG.initAndRun(RemoteTestNG.java:251)
	at org.testng.remote.RemoteTestNG.main(RemoteTestNG.java:77)
</pre></div></td>
<td>0</td>
<td>com.xp8.test.New_SanityTest@2a742aa2</td></tr>
<tr>
<td title='com.xp8.test.New_SanityTest.XP8_DeviceSanity_003_Check_Switching_of_camera_FandB()'><b>XP8_DeviceSanity_003_Check_Switching_of_camera_FandB</b><br>Test class: com.xp8.test.New_SanityTest</td>
<td><div><pre>org.testng.TestNGException: 
Parameter &apos;deviceName_&apos; is required by BeforeTest on method setUp but has not been marked @Optional or defined
in C:\Users\janardhan.p\AppData\Local\Temp\testng-eclipse-1105497916\testng-customsuite.xml
	at org.testng.internal.Parameters.createParams(Parameters.java:290)
	at org.testng.internal.Parameters.createParametersForMethod(Parameters.java:359)
	at org.testng.internal.Parameters.createParameters(Parameters.java:620)
	at org.testng.internal.Parameters.createConfigurationParameters(Parameters.java:190)
	at org.testng.internal.Invoker.invokeConfigurations(Invoker.java:209)
	at org.testng.internal.Invoker.invokeConfigurations(Invoker.java:142)
	at org.testng.TestRunner.beforeRun(TestRunner.java:529)
	at org.testng.TestRunner.run(TestRunner.java:497)
	at org.testng.SuiteRunner.runTest(SuiteRunner.java:455)
	at org.testng.SuiteRunner.runSequentially(SuiteRunner.java:450)
	at org.testng.SuiteRunner.privateRun(SuiteRunner.java:415)
	at org.testng.SuiteRunner.run(SuiteRunner.java:364)
	at org.testng.SuiteRunnerWorker.runSuite(SuiteRunnerWorker.java:52)
	at org.testng.SuiteRunnerWorker.run(SuiteRunnerWorker.java:84)
	at org.testng.TestNG.runSuitesSequentially(TestNG.java:1208)
	at org.testng.TestNG.runSuitesLocally(TestNG.java:1137)
	at org.testng.TestNG.runSuites(TestNG.java:1049)
	at org.testng.TestNG.run(TestNG.java:1017)
	at org.testng.remote.AbstractRemoteTestNG.run(AbstractRemoteTestNG.java:115)
	at org.testng.remote.RemoteTestNG.initAndRun(RemoteTestNG.java:251)
	at org.testng.remote.RemoteTestNG.main(RemoteTestNG.java:77)
</pre></div><a href='#' onClick='toggleBox("stack-trace2049051802", this, "Click to show all stack frames", "Click to hide stack frames")'>Click to show all stack frames</a>
<div class='stack-trace' id='stack-trace2049051802'><pre>org.testng.TestNGException: 
Parameter &apos;deviceName_&apos; is required by BeforeTest on method setUp but has not been marked @Optional or defined
in C:\Users\janardhan.p\AppData\Local\Temp\testng-eclipse-1105497916\testng-customsuite.xml
	at org.testng.internal.Parameters.createParams(Parameters.java:290)
	at org.testng.internal.Parameters.createParametersForMethod(Parameters.java:359)
	at org.testng.internal.Parameters.createParameters(Parameters.java:620)
	at org.testng.internal.Parameters.createConfigurationParameters(Parameters.java:190)
	at org.testng.internal.Invoker.invokeConfigurations(Invoker.java:209)
	at org.testng.internal.Invoker.invokeConfigurations(Invoker.java:142)
	at org.testng.TestRunner.beforeRun(TestRunner.java:529)
	at org.testng.TestRunner.run(TestRunner.java:497)
	at org.testng.SuiteRunner.runTest(SuiteRunner.java:455)
	at org.testng.SuiteRunner.runSequentially(SuiteRunner.java:450)
	at org.testng.SuiteRunner.privateRun(SuiteRunner.java:415)
	at org.testng.SuiteRunner.run(SuiteRunner.java:364)
	at org.testng.SuiteRunnerWorker.runSuite(SuiteRunnerWorker.java:52)
	at org.testng.SuiteRunnerWorker.run(SuiteRunnerWorker.java:84)
	at org.testng.TestNG.runSuitesSequentially(TestNG.java:1208)
	at org.testng.TestNG.runSuitesLocally(TestNG.java:1137)
	at org.testng.TestNG.runSuites(TestNG.java:1049)
	at org.testng.TestNG.run(TestNG.java:1017)
	at org.testng.remote.AbstractRemoteTestNG.run(AbstractRemoteTestNG.java:115)
	at org.testng.remote.RemoteTestNG.initAndRun(RemoteTestNG.java:251)
	at org.testng.remote.RemoteTestNG.main(RemoteTestNG.java:77)
</pre></div></td>
<td>0</td>
<td>com.xp8.test.New_SanityTest@2a742aa2</td></tr>
<tr>
<td title='com.xp8.test.New_SanityTest.XP8_DeviceSanity_004_Check_Switching_of_camVideo_FandB()'><b>XP8_DeviceSanity_004_Check_Switching_of_camVideo_FandB</b><br>Test class: com.xp8.test.New_SanityTest</td>
<td><div><pre>org.testng.TestNGException: 
Parameter &apos;deviceName_&apos; is required by BeforeTest on method setUp but has not been marked @Optional or defined
in C:\Users\janardhan.p\AppData\Local\Temp\testng-eclipse-1105497916\testng-customsuite.xml
	at org.testng.internal.Parameters.createParams(Parameters.java:290)
	at org.testng.internal.Parameters.createParametersForMethod(Parameters.java:359)
	at org.testng.internal.Parameters.createParameters(Parameters.java:620)
	at org.testng.internal.Parameters.createConfigurationParameters(Parameters.java:190)
	at org.testng.internal.Invoker.invokeConfigurations(Invoker.java:209)
	at org.testng.internal.Invoker.invokeConfigurations(Invoker.java:142)
	at org.testng.TestRunner.beforeRun(TestRunner.java:529)
	at org.testng.TestRunner.run(TestRunner.java:497)
	at org.testng.SuiteRunner.runTest(SuiteRunner.java:455)
	at org.testng.SuiteRunner.runSequentially(SuiteRunner.java:450)
	at org.testng.SuiteRunner.privateRun(SuiteRunner.java:415)
	at org.testng.SuiteRunner.run(SuiteRunner.java:364)
	at org.testng.SuiteRunnerWorker.runSuite(SuiteRunnerWorker.java:52)
	at org.testng.SuiteRunnerWorker.run(SuiteRunnerWorker.java:84)
	at org.testng.TestNG.runSuitesSequentially(TestNG.java:1208)
	at org.testng.TestNG.runSuitesLocally(TestNG.java:1137)
	at org.testng.TestNG.runSuites(TestNG.java:1049)
	at org.testng.TestNG.run(TestNG.java:1017)
	at org.testng.remote.AbstractRemoteTestNG.run(AbstractRemoteTestNG.java:115)
	at org.testng.remote.RemoteTestNG.initAndRun(RemoteTestNG.java:251)
	at org.testng.remote.RemoteTestNG.main(RemoteTestNG.java:77)
</pre></div><a href='#' onClick='toggleBox("stack-trace962944318", this, "Click to show all stack frames", "Click to hide stack frames")'>Click to show all stack frames</a>
<div class='stack-trace' id='stack-trace962944318'><pre>org.testng.TestNGException: 
Parameter &apos;deviceName_&apos; is required by BeforeTest on method setUp but has not been marked @Optional or defined
in C:\Users\janardhan.p\AppData\Local\Temp\testng-eclipse-1105497916\testng-customsuite.xml
	at org.testng.internal.Parameters.createParams(Parameters.java:290)
	at org.testng.internal.Parameters.createParametersForMethod(Parameters.java:359)
	at org.testng.internal.Parameters.createParameters(Parameters.java:620)
	at org.testng.internal.Parameters.createConfigurationParameters(Parameters.java:190)
	at org.testng.internal.Invoker.invokeConfigurations(Invoker.java:209)
	at org.testng.internal.Invoker.invokeConfigurations(Invoker.java:142)
	at org.testng.TestRunner.beforeRun(TestRunner.java:529)
	at org.testng.TestRunner.run(TestRunner.java:497)
	at org.testng.SuiteRunner.runTest(SuiteRunner.java:455)
	at org.testng.SuiteRunner.runSequentially(SuiteRunner.java:450)
	at org.testng.SuiteRunner.privateRun(SuiteRunner.java:415)
	at org.testng.SuiteRunner.run(SuiteRunner.java:364)
	at org.testng.SuiteRunnerWorker.runSuite(SuiteRunnerWorker.java:52)
	at org.testng.SuiteRunnerWorker.run(SuiteRunnerWorker.java:84)
	at org.testng.TestNG.runSuitesSequentially(TestNG.java:1208)
	at org.testng.TestNG.runSuitesLocally(TestNG.java:1137)
	at org.testng.TestNG.runSuites(TestNG.java:1049)
	at org.testng.TestNG.run(TestNG.java:1017)
	at org.testng.remote.AbstractRemoteTestNG.run(AbstractRemoteTestNG.java:115)
	at org.testng.remote.RemoteTestNG.initAndRun(RemoteTestNG.java:251)
	at org.testng.remote.RemoteTestNG.main(RemoteTestNG.java:77)
</pre></div></td>
<td>0</td>
<td>com.xp8.test.New_SanityTest@2a742aa2</td></tr>
<tr>
<td title='com.xp8.test.New_SanityTest.XP8_DeviceSanity_005_LaunchAndCheck_CalculatorOperation()'><b>XP8_DeviceSanity_005_LaunchAndCheck_CalculatorOperation</b><br>Test class: com.xp8.test.New_SanityTest</td>
<td><div><pre>org.testng.TestNGException: 
Parameter &apos;deviceName_&apos; is required by BeforeTest on method setUp but has not been marked @Optional or defined
in C:\Users\janardhan.p\AppData\Local\Temp\testng-eclipse-1105497916\testng-customsuite.xml
	at org.testng.internal.Parameters.createParams(Parameters.java:290)
	at org.testng.internal.Parameters.createParametersForMethod(Parameters.java:359)
	at org.testng.internal.Parameters.createParameters(Parameters.java:620)
	at org.testng.internal.Parameters.createConfigurationParameters(Parameters.java:190)
	at org.testng.internal.Invoker.invokeConfigurations(Invoker.java:209)
	at org.testng.internal.Invoker.invokeConfigurations(Invoker.java:142)
	at org.testng.TestRunner.beforeRun(TestRunner.java:529)
	at org.testng.TestRunner.run(TestRunner.java:497)
	at org.testng.SuiteRunner.runTest(SuiteRunner.java:455)
	at org.testng.SuiteRunner.runSequentially(SuiteRunner.java:450)
	at org.testng.SuiteRunner.privateRun(SuiteRunner.java:415)
	at org.testng.SuiteRunner.run(SuiteRunner.java:364)
	at org.testng.SuiteRunnerWorker.runSuite(SuiteRunnerWorker.java:52)
	at org.testng.SuiteRunnerWorker.run(SuiteRunnerWorker.java:84)
	at org.testng.TestNG.runSuitesSequentially(TestNG.java:1208)
	at org.testng.TestNG.runSuitesLocally(TestNG.java:1137)
	at org.testng.TestNG.runSuites(TestNG.java:1049)
	at org.testng.TestNG.run(TestNG.java:1017)
	at org.testng.remote.AbstractRemoteTestNG.run(AbstractRemoteTestNG.java:115)
	at org.testng.remote.RemoteTestNG.initAndRun(RemoteTestNG.java:251)
	at org.testng.remote.RemoteTestNG.main(RemoteTestNG.java:77)
</pre></div><a href='#' onClick='toggleBox("stack-trace1804441305", this, "Click to show all stack frames", "Click to hide stack frames")'>Click to show all stack frames</a>
<div class='stack-trace' id='stack-trace1804441305'><pre>org.testng.TestNGException: 
Parameter &apos;deviceName_&apos; is required by BeforeTest on method setUp but has not been marked @Optional or defined
in C:\Users\janardhan.p\AppData\Local\Temp\testng-eclipse-1105497916\testng-customsuite.xml
	at org.testng.internal.Parameters.createParams(Parameters.java:290)
	at org.testng.internal.Parameters.createParametersForMethod(Parameters.java:359)
	at org.testng.internal.Parameters.createParameters(Parameters.java:620)
	at org.testng.internal.Parameters.createConfigurationParameters(Parameters.java:190)
	at org.testng.internal.Invoker.invokeConfigurations(Invoker.java:209)
	at org.testng.internal.Invoker.invokeConfigurations(Invoker.java:142)
	at org.testng.TestRunner.beforeRun(TestRunner.java:529)
	at org.testng.TestRunner.run(TestRunner.java:497)
	at org.testng.SuiteRunner.runTest(SuiteRunner.java:455)
	at org.testng.SuiteRunner.runSequentially(SuiteRunner.java:450)
	at org.testng.SuiteRunner.privateRun(SuiteRunner.java:415)
	at org.testng.SuiteRunner.run(SuiteRunner.java:364)
	at org.testng.SuiteRunnerWorker.runSuite(SuiteRunnerWorker.java:52)
	at org.testng.SuiteRunnerWorker.run(SuiteRunnerWorker.java:84)
	at org.testng.TestNG.runSuitesSequentially(TestNG.java:1208)
	at org.testng.TestNG.runSuitesLocally(TestNG.java:1137)
	at org.testng.TestNG.runSuites(TestNG.java:1049)
	at org.testng.TestNG.run(TestNG.java:1017)
	at org.testng.remote.AbstractRemoteTestNG.run(AbstractRemoteTestNG.java:115)
	at org.testng.remote.RemoteTestNG.initAndRun(RemoteTestNG.java:251)
	at org.testng.remote.RemoteTestNG.main(RemoteTestNG.java:77)
</pre></div></td>
<td>0</td>
<td>com.xp8.test.New_SanityTest@2a742aa2</td></tr>
<tr>
<td title='com.xp8.test.New_SanityTest.XP8_DeviceSanity_006_LaunchFileMngr_BrowseFiles()'><b>XP8_DeviceSanity_006_LaunchFileMngr_BrowseFiles</b><br>Test class: com.xp8.test.New_SanityTest</td>
<td><div><pre>org.testng.TestNGException: 
Parameter &apos;deviceName_&apos; is required by BeforeTest on method setUp but has not been marked @Optional or defined
in C:\Users\janardhan.p\AppData\Local\Temp\testng-eclipse-1105497916\testng-customsuite.xml
	at org.testng.internal.Parameters.createParams(Parameters.java:290)
	at org.testng.internal.Parameters.createParametersForMethod(Parameters.java:359)
	at org.testng.internal.Parameters.createParameters(Parameters.java:620)
	at org.testng.internal.Parameters.createConfigurationParameters(Parameters.java:190)
	at org.testng.internal.Invoker.invokeConfigurations(Invoker.java:209)
	at org.testng.internal.Invoker.invokeConfigurations(Invoker.java:142)
	at org.testng.TestRunner.beforeRun(TestRunner.java:529)
	at org.testng.TestRunner.run(TestRunner.java:497)
	at org.testng.SuiteRunner.runTest(SuiteRunner.java:455)
	at org.testng.SuiteRunner.runSequentially(SuiteRunner.java:450)
	at org.testng.SuiteRunner.privateRun(SuiteRunner.java:415)
	at org.testng.SuiteRunner.run(SuiteRunner.java:364)
	at org.testng.SuiteRunnerWorker.runSuite(SuiteRunnerWorker.java:52)
	at org.testng.SuiteRunnerWorker.run(SuiteRunnerWorker.java:84)
	at org.testng.TestNG.runSuitesSequentially(TestNG.java:1208)
	at org.testng.TestNG.runSuitesLocally(TestNG.java:1137)
	at org.testng.TestNG.runSuites(TestNG.java:1049)
	at org.testng.TestNG.run(TestNG.java:1017)
	at org.testng.remote.AbstractRemoteTestNG.run(AbstractRemoteTestNG.java:115)
	at org.testng.remote.RemoteTestNG.initAndRun(RemoteTestNG.java:251)
	at org.testng.remote.RemoteTestNG.main(RemoteTestNG.java:77)
</pre></div><a href='#' onClick='toggleBox("stack-trace1865219266", this, "Click to show all stack frames", "Click to hide stack frames")'>Click to show all stack frames</a>
<div class='stack-trace' id='stack-trace1865219266'><pre>org.testng.TestNGException: 
Parameter &apos;deviceName_&apos; is required by BeforeTest on method setUp but has not been marked @Optional or defined
in C:\Users\janardhan.p\AppData\Local\Temp\testng-eclipse-1105497916\testng-customsuite.xml
	at org.testng.internal.Parameters.createParams(Parameters.java:290)
	at org.testng.internal.Parameters.createParametersForMethod(Parameters.java:359)
	at org.testng.internal.Parameters.createParameters(Parameters.java:620)
	at org.testng.internal.Parameters.createConfigurationParameters(Parameters.java:190)
	at org.testng.internal.Invoker.invokeConfigurations(Invoker.java:209)
	at org.testng.internal.Invoker.invokeConfigurations(Invoker.java:142)
	at org.testng.TestRunner.beforeRun(TestRunner.java:529)
	at org.testng.TestRunner.run(TestRunner.java:497)
	at org.testng.SuiteRunner.runTest(SuiteRunner.java:455)
	at org.testng.SuiteRunner.runSequentially(SuiteRunner.java:450)
	at org.testng.SuiteRunner.privateRun(SuiteRunner.java:415)
	at org.testng.SuiteRunner.run(SuiteRunner.java:364)
	at org.testng.SuiteRunnerWorker.runSuite(SuiteRunnerWorker.java:52)
	at org.testng.SuiteRunnerWorker.run(SuiteRunnerWorker.java:84)
	at org.testng.TestNG.runSuitesSequentially(TestNG.java:1208)
	at org.testng.TestNG.runSuitesLocally(TestNG.java:1137)
	at org.testng.TestNG.runSuites(TestNG.java:1049)
	at org.testng.TestNG.run(TestNG.java:1017)
	at org.testng.remote.AbstractRemoteTestNG.run(AbstractRemoteTestNG.java:115)
	at org.testng.remote.RemoteTestNG.initAndRun(RemoteTestNG.java:251)
	at org.testng.remote.RemoteTestNG.main(RemoteTestNG.java:77)
</pre></div></td>
<td>0</td>
<td>com.xp8.test.New_SanityTest@2a742aa2</td></tr>
<tr>
<td title='com.xp8.test.New_SanityTest.XP8_DeviceSanity_007_CheckClockMenus()'><b>XP8_DeviceSanity_007_CheckClockMenus</b><br>Test class: com.xp8.test.New_SanityTest</td>
<td><div><pre>org.testng.TestNGException: 
Parameter &apos;deviceName_&apos; is required by BeforeTest on method setUp but has not been marked @Optional or defined
in C:\Users\janardhan.p\AppData\Local\Temp\testng-eclipse-1105497916\testng-customsuite.xml
	at org.testng.internal.Parameters.createParams(Parameters.java:290)
	at org.testng.internal.Parameters.createParametersForMethod(Parameters.java:359)
	at org.testng.internal.Parameters.createParameters(Parameters.java:620)
	at org.testng.internal.Parameters.createConfigurationParameters(Parameters.java:190)
	at org.testng.internal.Invoker.invokeConfigurations(Invoker.java:209)
	at org.testng.internal.Invoker.invokeConfigurations(Invoker.java:142)
	at org.testng.TestRunner.beforeRun(TestRunner.java:529)
	at org.testng.TestRunner.run(TestRunner.java:497)
	at org.testng.SuiteRunner.runTest(SuiteRunner.java:455)
	at org.testng.SuiteRunner.runSequentially(SuiteRunner.java:450)
	at org.testng.SuiteRunner.privateRun(SuiteRunner.java:415)
	at org.testng.SuiteRunner.run(SuiteRunner.java:364)
	at org.testng.SuiteRunnerWorker.runSuite(SuiteRunnerWorker.java:52)
	at org.testng.SuiteRunnerWorker.run(SuiteRunnerWorker.java:84)
	at org.testng.TestNG.runSuitesSequentially(TestNG.java:1208)
	at org.testng.TestNG.runSuitesLocally(TestNG.java:1137)
	at org.testng.TestNG.runSuites(TestNG.java:1049)
	at org.testng.TestNG.run(TestNG.java:1017)
	at org.testng.remote.AbstractRemoteTestNG.run(AbstractRemoteTestNG.java:115)
	at org.testng.remote.RemoteTestNG.initAndRun(RemoteTestNG.java:251)
	at org.testng.remote.RemoteTestNG.main(RemoteTestNG.java:77)
</pre></div><a href='#' onClick='toggleBox("stack-trace1751403001", this, "Click to show all stack frames", "Click to hide stack frames")'>Click to show all stack frames</a>
<div class='stack-trace' id='stack-trace1751403001'><pre>org.testng.TestNGException: 
Parameter &apos;deviceName_&apos; is required by BeforeTest on method setUp but has not been marked @Optional or defined
in C:\Users\janardhan.p\AppData\Local\Temp\testng-eclipse-1105497916\testng-customsuite.xml
	at org.testng.internal.Parameters.createParams(Parameters.java:290)
	at org.testng.internal.Parameters.createParametersForMethod(Parameters.java:359)
	at org.testng.internal.Parameters.createParameters(Parameters.java:620)
	at org.testng.internal.Parameters.createConfigurationParameters(Parameters.java:190)
	at org.testng.internal.Invoker.invokeConfigurations(Invoker.java:209)
	at org.testng.internal.Invoker.invokeConfigurations(Invoker.java:142)
	at org.testng.TestRunner.beforeRun(TestRunner.java:529)
	at org.testng.TestRunner.run(TestRunner.java:497)
	at org.testng.SuiteRunner.runTest(SuiteRunner.java:455)
	at org.testng.SuiteRunner.runSequentially(SuiteRunner.java:450)
	at org.testng.SuiteRunner.privateRun(SuiteRunner.java:415)
	at org.testng.SuiteRunner.run(SuiteRunner.java:364)
	at org.testng.SuiteRunnerWorker.runSuite(SuiteRunnerWorker.java:52)
	at org.testng.SuiteRunnerWorker.run(SuiteRunnerWorker.java:84)
	at org.testng.TestNG.runSuitesSequentially(TestNG.java:1208)
	at org.testng.TestNG.runSuitesLocally(TestNG.java:1137)
	at org.testng.TestNG.runSuites(TestNG.java:1049)
	at org.testng.TestNG.run(TestNG.java:1017)
	at org.testng.remote.AbstractRemoteTestNG.run(AbstractRemoteTestNG.java:115)
	at org.testng.remote.RemoteTestNG.initAndRun(RemoteTestNG.java:251)
	at org.testng.remote.RemoteTestNG.main(RemoteTestNG.java:77)
</pre></div></td>
<td>0</td>
<td>com.xp8.test.New_SanityTest@2a742aa2</td></tr>
<tr>
<td title='com.xp8.test.New_SanityTest.XP8_DeviceSanity_008_Internal_StorageSpaceCapacity()'><b>XP8_DeviceSanity_008_Internal_StorageSpaceCapacity</b><br>Test class: com.xp8.test.New_SanityTest</td>
<td><div><pre>org.testng.TestNGException: 
Parameter &apos;deviceName_&apos; is required by BeforeTest on method setUp but has not been marked @Optional or defined
in C:\Users\janardhan.p\AppData\Local\Temp\testng-eclipse-1105497916\testng-customsuite.xml
	at org.testng.internal.Parameters.createParams(Parameters.java:290)
	at org.testng.internal.Parameters.createParametersForMethod(Parameters.java:359)
	at org.testng.internal.Parameters.createParameters(Parameters.java:620)
	at org.testng.internal.Parameters.createConfigurationParameters(Parameters.java:190)
	at org.testng.internal.Invoker.invokeConfigurations(Invoker.java:209)
	at org.testng.internal.Invoker.invokeConfigurations(Invoker.java:142)
	at org.testng.TestRunner.beforeRun(TestRunner.java:529)
	at org.testng.TestRunner.run(TestRunner.java:497)
	at org.testng.SuiteRunner.runTest(SuiteRunner.java:455)
	at org.testng.SuiteRunner.runSequentially(SuiteRunner.java:450)
	at org.testng.SuiteRunner.privateRun(SuiteRunner.java:415)
	at org.testng.SuiteRunner.run(SuiteRunner.java:364)
	at org.testng.SuiteRunnerWorker.runSuite(SuiteRunnerWorker.java:52)
	at org.testng.SuiteRunnerWorker.run(SuiteRunnerWorker.java:84)
	at org.testng.TestNG.runSuitesSequentially(TestNG.java:1208)
	at org.testng.TestNG.runSuitesLocally(TestNG.java:1137)
	at org.testng.TestNG.runSuites(TestNG.java:1049)
	at org.testng.TestNG.run(TestNG.java:1017)
	at org.testng.remote.AbstractRemoteTestNG.run(AbstractRemoteTestNG.java:115)
	at org.testng.remote.RemoteTestNG.initAndRun(RemoteTestNG.java:251)
	at org.testng.remote.RemoteTestNG.main(RemoteTestNG.java:77)
</pre></div><a href='#' onClick='toggleBox("stack-trace1907604549", this, "Click to show all stack frames", "Click to hide stack frames")'>Click to show all stack frames</a>
<div class='stack-trace' id='stack-trace1907604549'><pre>org.testng.TestNGException: 
Parameter &apos;deviceName_&apos; is required by BeforeTest on method setUp but has not been marked @Optional or defined
in C:\Users\janardhan.p\AppData\Local\Temp\testng-eclipse-1105497916\testng-customsuite.xml
	at org.testng.internal.Parameters.createParams(Parameters.java:290)
	at org.testng.internal.Parameters.createParametersForMethod(Parameters.java:359)
	at org.testng.internal.Parameters.createParameters(Parameters.java:620)
	at org.testng.internal.Parameters.createConfigurationParameters(Parameters.java:190)
	at org.testng.internal.Invoker.invokeConfigurations(Invoker.java:209)
	at org.testng.internal.Invoker.invokeConfigurations(Invoker.java:142)
	at org.testng.TestRunner.beforeRun(TestRunner.java:529)
	at org.testng.TestRunner.run(TestRunner.java:497)
	at org.testng.SuiteRunner.runTest(SuiteRunner.java:455)
	at org.testng.SuiteRunner.runSequentially(SuiteRunner.java:450)
	at org.testng.SuiteRunner.privateRun(SuiteRunner.java:415)
	at org.testng.SuiteRunner.run(SuiteRunner.java:364)
	at org.testng.SuiteRunnerWorker.runSuite(SuiteRunnerWorker.java:52)
	at org.testng.SuiteRunnerWorker.run(SuiteRunnerWorker.java:84)
	at org.testng.TestNG.runSuitesSequentially(TestNG.java:1208)
	at org.testng.TestNG.runSuitesLocally(TestNG.java:1137)
	at org.testng.TestNG.runSuites(TestNG.java:1049)
	at org.testng.TestNG.run(TestNG.java:1017)
	at org.testng.remote.AbstractRemoteTestNG.run(AbstractRemoteTestNG.java:115)
	at org.testng.remote.RemoteTestNG.initAndRun(RemoteTestNG.java:251)
	at org.testng.remote.RemoteTestNG.main(RemoteTestNG.java:77)
</pre></div></td>
<td>0</td>
<td>com.xp8.test.New_SanityTest@2a742aa2</td></tr>
<tr>
<td title='com.xp8.test.New_SanityTest.XP8_DeviceSanity_009_FM_turnOn_turnOff()'><b>XP8_DeviceSanity_009_FM_turnOn_turnOff</b><br>Test class: com.xp8.test.New_SanityTest</td>
<td><div><pre>org.testng.TestNGException: 
Parameter &apos;deviceName_&apos; is required by BeforeTest on method setUp but has not been marked @Optional or defined
in C:\Users\janardhan.p\AppData\Local\Temp\testng-eclipse-1105497916\testng-customsuite.xml
	at org.testng.internal.Parameters.createParams(Parameters.java:290)
	at org.testng.internal.Parameters.createParametersForMethod(Parameters.java:359)
	at org.testng.internal.Parameters.createParameters(Parameters.java:620)
	at org.testng.internal.Parameters.createConfigurationParameters(Parameters.java:190)
	at org.testng.internal.Invoker.invokeConfigurations(Invoker.java:209)
	at org.testng.internal.Invoker.invokeConfigurations(Invoker.java:142)
	at org.testng.TestRunner.beforeRun(TestRunner.java:529)
	at org.testng.TestRunner.run(TestRunner.java:497)
	at org.testng.SuiteRunner.runTest(SuiteRunner.java:455)
	at org.testng.SuiteRunner.runSequentially(SuiteRunner.java:450)
	at org.testng.SuiteRunner.privateRun(SuiteRunner.java:415)
	at org.testng.SuiteRunner.run(SuiteRunner.java:364)
	at org.testng.SuiteRunnerWorker.runSuite(SuiteRunnerWorker.java:52)
	at org.testng.SuiteRunnerWorker.run(SuiteRunnerWorker.java:84)
	at org.testng.TestNG.runSuitesSequentially(TestNG.java:1208)
	at org.testng.TestNG.runSuitesLocally(TestNG.java:1137)
	at org.testng.TestNG.runSuites(TestNG.java:1049)
	at org.testng.TestNG.run(TestNG.java:1017)
	at org.testng.remote.AbstractRemoteTestNG.run(AbstractRemoteTestNG.java:115)
	at org.testng.remote.RemoteTestNG.initAndRun(RemoteTestNG.java:251)
	at org.testng.remote.RemoteTestNG.main(RemoteTestNG.java:77)
</pre></div><a href='#' onClick='toggleBox("stack-trace198098993", this, "Click to show all stack frames", "Click to hide stack frames")'>Click to show all stack frames</a>
<div class='stack-trace' id='stack-trace198098993'><pre>org.testng.TestNGException: 
Parameter &apos;deviceName_&apos; is required by BeforeTest on method setUp but has not been marked @Optional or defined
in C:\Users\janardhan.p\AppData\Local\Temp\testng-eclipse-1105497916\testng-customsuite.xml
	at org.testng.internal.Parameters.createParams(Parameters.java:290)
	at org.testng.internal.Parameters.createParametersForMethod(Parameters.java:359)
	at org.testng.internal.Parameters.createParameters(Parameters.java:620)
	at org.testng.internal.Parameters.createConfigurationParameters(Parameters.java:190)
	at org.testng.internal.Invoker.invokeConfigurations(Invoker.java:209)
	at org.testng.internal.Invoker.invokeConfigurations(Invoker.java:142)
	at org.testng.TestRunner.beforeRun(TestRunner.java:529)
	at org.testng.TestRunner.run(TestRunner.java:497)
	at org.testng.SuiteRunner.runTest(SuiteRunner.java:455)
	at org.testng.SuiteRunner.runSequentially(SuiteRunner.java:450)
	at org.testng.SuiteRunner.privateRun(SuiteRunner.java:415)
	at org.testng.SuiteRunner.run(SuiteRunner.java:364)
	at org.testng.SuiteRunnerWorker.runSuite(SuiteRunnerWorker.java:52)
	at org.testng.SuiteRunnerWorker.run(SuiteRunnerWorker.java:84)
	at org.testng.TestNG.runSuitesSequentially(TestNG.java:1208)
	at org.testng.TestNG.runSuitesLocally(TestNG.java:1137)
	at org.testng.TestNG.runSuites(TestNG.java:1049)
	at org.testng.TestNG.run(TestNG.java:1017)
	at org.testng.remote.AbstractRemoteTestNG.run(AbstractRemoteTestNG.java:115)
	at org.testng.remote.RemoteTestNG.initAndRun(RemoteTestNG.java:251)
	at org.testng.remote.RemoteTestNG.main(RemoteTestNG.java:77)
</pre></div></td>
<td>0</td>
<td>com.xp8.test.New_SanityTest@2a742aa2</td></tr>
</table><p>
</body>
</html>