<?xml version="1.0" encoding="UTF-8"?>
<testng-results skipped="1" failed="0" ignored="43" total="44" passed="0">
  <reporter-output>
  </reporter-output>
  <suite name="Suite" duration-ms="32794" started-at="2019-08-22T05:13:37Z" finished-at="2019-08-22T05:14:10Z">
    <groups>
    </groups>
    <test name="Test" duration-ms="32794" started-at="2019-08-22T05:13:37Z" finished-at="2019-08-22T05:14:10Z">
      <class name="com.xp8.test.New_SanityTest">
        <test-method status="PASS" signature="deletedTestReports()[pri:0, instance:com.xp8.test.New_SanityTest@2173f6d9]" name="deletedTestReports" is-config="true" duration-ms="20" started-at="2019-08-22T05:13:35Z" finished-at="2019-08-22T05:13:35Z">
          <reporter-output>
          </reporter-output>
        </test-method> <!-- deletedTestReports -->
        <test-method status="PASS" signature="profileSelectionForQAAndNonQA()[pri:0, instance:com.xp8.test.New_SanityTest@2173f6d9]" name="profileSelectionForQAAndNonQA" is-config="true" duration-ms="1" started-at="2019-08-22T05:13:35Z" finished-at="2019-08-22T05:13:35Z">
          <reporter-output>
          </reporter-output>
        </test-method> <!-- profileSelectionForQAAndNonQA -->
        <test-method status="PASS" signature="startServer()[pri:0, instance:com.xp8.test.New_SanityTest@2173f6d9]" name="startServer" is-config="true" duration-ms="293" started-at="2019-08-22T05:13:35Z" finished-at="2019-08-22T05:13:35Z">
          <reporter-output>
          </reporter-output>
        </test-method> <!-- startServer -->
        <test-method status="PASS" signature="beforeSuite()[pri:0, instance:com.xp8.test.New_SanityTest@2173f6d9]" name="beforeSuite" is-config="true" duration-ms="1716" started-at="2019-08-22T05:13:35Z" depends-on-methods="com.xp8.util.appiumService.deletedTestReports, com.xp8.util.appiumService.profileSelectionForQAAndNonQA, com.xp8.util.appiumService.startServer" finished-at="2019-08-22T05:13:37Z">
          <reporter-output>
          </reporter-output>
        </test-method> <!-- beforeSuite -->
        <test-method status="PASS" signature="numofTestCases()[pri:0, instance:com.xp8.test.New_SanityTest@2173f6d9]" name="numofTestCases" is-config="true" duration-ms="1" started-at="2019-08-22T05:13:37Z" depends-on-methods="com.xp8.util.appiumService.deletedTestReports, com.xp8.util.appiumService.profileSelectionForQAAndNonQA, com.xp8.util.appiumService.startServer" finished-at="2019-08-22T05:13:37Z">
          <reporter-output>
          </reporter-output>
        </test-method> <!-- numofTestCases -->
        <test-method status="FAIL" signature="setUp(java.lang.String, java.lang.String, java.lang.String, java.lang.String, java.lang.String, java.lang.String)[pri:0, instance:com.xp8.test.New_SanityTest@2173f6d9]" name="setUp" is-config="true" duration-ms="31245" started-at="2019-08-22T05:13:37Z" finished-at="2019-08-22T05:14:08Z">
          <params>
            <param index="0">
              <value>
                <![CDATA[XP8800]]>
              </value>
            </param>
            <param index="1">
              <value>
                <![CDATA[9032909c]]>
              </value>
            </param>
            <param index="2">
              <value>
                <![CDATA[8.1.0]]>
              </value>
            </param>
            <param index="3">
              <value>
                <![CDATA[127.0.0.1:4723/wd/hub]]>
              </value>
            </param>
            <param index="4">
              <value>
                <![CDATA[com.sonim.scout]]>
              </value>
            </param>
            <param index="5">
              <value>
                <![CDATA[com.sonim.scout.activities.MainActivity]]>
              </value>
            </param>
          </params>
          <exception class="org.openqa.selenium.WebDriverException">
            <message>
              <![CDATA[An unknown server-side error occurred while processing the command. Original error: Could not find a connected Android device. (WARNING: The server did not provide any stacktrace information)
Command duration or timeout: 30.72 seconds
Build info: version: '2.53.0', revision: '35ae25b1534ae328c771e0856c93e187490ca824', time: '2016-03-15 10:43:46'
System info: host: 'SIDCD702', ip: '10.15.6.131', os.name: 'Windows 7', os.arch: 'amd64', os.version: '6.1', java.version: '1.8.0_211'
Driver info: io.appium.java_client.android.AndroidDriver]]>
            </message>
            <full-stacktrace>
              <![CDATA[org.openqa.selenium.WebDriverException: An unknown server-side error occurred while processing the command. Original error: Could not find a connected Android device. (WARNING: The server did not provide any stacktrace information)
Command duration or timeout: 30.72 seconds
Build info: version: '2.53.0', revision: '35ae25b1534ae328c771e0856c93e187490ca824', time: '2016-03-15 10:43:46'
System info: host: 'SIDCD702', ip: '10.15.6.131', os.name: 'Windows 7', os.arch: 'amd64', os.version: '6.1', java.version: '1.8.0_211'
Driver info: io.appium.java_client.android.AndroidDriver
at sun.reflect.NativeConstructorAccessorImpl.newInstance0(Native Method)
at sun.reflect.NativeConstructorAccessorImpl.newInstance(Unknown Source)
at sun.reflect.DelegatingConstructorAccessorImpl.newInstance(Unknown Source)
at java.lang.reflect.Constructor.newInstance(Unknown Source)
at org.openqa.selenium.remote.ErrorHandler.createThrowable(ErrorHandler.java:206)
at org.openqa.selenium.remote.ErrorHandler.throwIfResponseFailed(ErrorHandler.java:158)
at org.openqa.selenium.remote.RemoteWebDriver.execute(RemoteWebDriver.java:678)
at io.appium.java_client.DefaultGenericMobileDriver.execute(DefaultGenericMobileDriver.java:42)
at io.appium.java_client.AppiumDriver.execute(AppiumDriver.java:1)
at io.appium.java_client.android.AndroidDriver.execute(AndroidDriver.java:1)
at org.openqa.selenium.remote.RemoteWebDriver.startSession(RemoteWebDriver.java:249)
at org.openqa.selenium.remote.RemoteWebDriver.<init>(RemoteWebDriver.java:131)
at org.openqa.selenium.remote.RemoteWebDriver.<init>(RemoteWebDriver.java:144)
at io.appium.java_client.DefaultGenericMobileDriver.<init>(DefaultGenericMobileDriver.java:37)
at io.appium.java_client.AppiumDriver.<init>(AppiumDriver.java:161)
at io.appium.java_client.AppiumDriver.<init>(AppiumDriver.java:170)
at io.appium.java_client.android.AndroidDriver.<init>(AndroidDriver.java:82)
at com.xp8.util.CommonConfig.setUp(CommonConfig.java:90)
at sun.reflect.NativeMethodAccessorImpl.invoke0(Native Method)
at sun.reflect.NativeMethodAccessorImpl.invoke(Unknown Source)
at sun.reflect.DelegatingMethodAccessorImpl.invoke(Unknown Source)
at java.lang.reflect.Method.invoke(Unknown Source)
at org.testng.internal.MethodInvocationHelper.invokeMethod(MethodInvocationHelper.java:124)
at org.testng.internal.MethodInvocationHelper.invokeMethodConsideringTimeout(MethodInvocationHelper.java:59)
at org.testng.internal.Invoker.invokeConfigurationMethod(Invoker.java:458)
at org.testng.internal.Invoker.invokeConfigurations(Invoker.java:222)
at org.testng.internal.Invoker.invokeConfigurations(Invoker.java:142)
at org.testng.TestRunner.beforeRun(TestRunner.java:529)
at org.testng.TestRunner.run(TestRunner.java:497)
at org.testng.SuiteRunner.runTest(SuiteRunner.java:455)
at org.testng.SuiteRunner.runSequentially(SuiteRunner.java:450)
at org.testng.SuiteRunner.privateRun(SuiteRunner.java:415)
at org.testng.SuiteRunner.run(SuiteRunner.java:364)
at org.testng.SuiteRunnerWorker.runSuite(SuiteRunnerWorker.java:52)
at org.testng.SuiteRunnerWorker.run(SuiteRunnerWorker.java:84)
at org.testng.TestNG.runSuitesSequentially(TestNG.java:1208)
at org.testng.TestNG.runSuitesLocally(TestNG.java:1137)
at org.testng.TestNG.runSuites(TestNG.java:1049)
at org.testng.TestNG.run(TestNG.java:1017)
at org.testng.remote.AbstractRemoteTestNG.run(AbstractRemoteTestNG.java:115)
at org.testng.remote.RemoteTestNG.initAndRun(RemoteTestNG.java:251)
at org.testng.remote.RemoteTestNG.main(RemoteTestNG.java:77)
]]>
            </full-stacktrace>
          </exception> <!-- org.openqa.selenium.WebDriverException -->
          <reporter-output>
          </reporter-output>
        </test-method> <!-- setUp -->
        <test-method status="SKIP" signature="setUpSys()[pri:0, instance:com.xp8.test.New_SanityTest@2173f6d9]" name="setUpSys" is-config="true" duration-ms="0" started-at="2019-08-22T05:14:08Z" depends-on-methods="com.xp8.util.CommonConfig.setUp" finished-at="2019-08-22T05:14:08Z">
          <reporter-output>
          </reporter-output>
        </test-method> <!-- setUpSys -->
        <test-method status="SKIP" signature="timer()[pri:0, instance:com.xp8.test.New_SanityTest@2173f6d9]" name="timer" is-config="true" duration-ms="0" started-at="2019-08-22T05:14:08Z" depends-on-methods="com.xp8.util.CommonConfig.setUp" finished-at="2019-08-22T05:14:08Z">
          <reporter-output>
          </reporter-output>
        </test-method> <!-- timer -->
        <test-method status="SKIP" signature="beforeMethod(java.lang.reflect.Method)[pri:0, instance:com.xp8.test.New_SanityTest@2173f6d9]" name="beforeMethod" is-config="true" duration-ms="0" started-at="2019-08-22T05:14:10Z" finished-at="2019-08-22T05:14:10Z">
          <reporter-output>
          </reporter-output>
        </test-method> <!-- beforeMethod -->
        <test-method status="SKIP" signature="XP8_DeviceSanity_0022_check_EnableDisableDataService(java.util.Hashtable)[pri:22, instance:com.xp8.test.New_SanityTest@2173f6d9]" name="XP8_DeviceSanity_0022_check_EnableDisableDataService" duration-ms="0" started-at="2019-08-22T05:14:10Z" data-provider="XP8_NewSanityTest" finished-at="2019-08-22T05:14:10Z">
          <exception class="org.openqa.selenium.WebDriverException">
            <message>
              <![CDATA[An unknown server-side error occurred while processing the command. Original error: Could not find a connected Android device. (WARNING: The server did not provide any stacktrace information)
Command duration or timeout: 30.72 seconds
Build info: version: '2.53.0', revision: '35ae25b1534ae328c771e0856c93e187490ca824', time: '2016-03-15 10:43:46'
System info: host: 'SIDCD702', ip: '10.15.6.131', os.name: 'Windows 7', os.arch: 'amd64', os.version: '6.1', java.version: '1.8.0_211'
Driver info: io.appium.java_client.android.AndroidDriver]]>
            </message>
            <full-stacktrace>
              <![CDATA[org.openqa.selenium.WebDriverException: An unknown server-side error occurred while processing the command. Original error: Could not find a connected Android device. (WARNING: The server did not provide any stacktrace information)
Command duration or timeout: 30.72 seconds
Build info: version: '2.53.0', revision: '35ae25b1534ae328c771e0856c93e187490ca824', time: '2016-03-15 10:43:46'
System info: host: 'SIDCD702', ip: '10.15.6.131', os.name: 'Windows 7', os.arch: 'amd64', os.version: '6.1', java.version: '1.8.0_211'
Driver info: io.appium.java_client.android.AndroidDriver
at sun.reflect.NativeConstructorAccessorImpl.newInstance0(Native Method)
at sun.reflect.NativeConstructorAccessorImpl.newInstance(Unknown Source)
at sun.reflect.DelegatingConstructorAccessorImpl.newInstance(Unknown Source)
at java.lang.reflect.Constructor.newInstance(Unknown Source)
at org.openqa.selenium.remote.ErrorHandler.createThrowable(ErrorHandler.java:206)
at org.openqa.selenium.remote.ErrorHandler.throwIfResponseFailed(ErrorHandler.java:158)
at org.openqa.selenium.remote.RemoteWebDriver.execute(RemoteWebDriver.java:678)
at io.appium.java_client.DefaultGenericMobileDriver.execute(DefaultGenericMobileDriver.java:42)
at io.appium.java_client.AppiumDriver.execute(AppiumDriver.java:1)
at io.appium.java_client.android.AndroidDriver.execute(AndroidDriver.java:1)
at org.openqa.selenium.remote.RemoteWebDriver.startSession(RemoteWebDriver.java:249)
at org.openqa.selenium.remote.RemoteWebDriver.<init>(RemoteWebDriver.java:131)
at org.openqa.selenium.remote.RemoteWebDriver.<init>(RemoteWebDriver.java:144)
at io.appium.java_client.DefaultGenericMobileDriver.<init>(DefaultGenericMobileDriver.java:37)
at io.appium.java_client.AppiumDriver.<init>(AppiumDriver.java:161)
at io.appium.java_client.AppiumDriver.<init>(AppiumDriver.java:170)
at io.appium.java_client.android.AndroidDriver.<init>(AndroidDriver.java:82)
at com.xp8.util.CommonConfig.setUp(CommonConfig.java:90)
at sun.reflect.NativeMethodAccessorImpl.invoke0(Native Method)
at sun.reflect.NativeMethodAccessorImpl.invoke(Unknown Source)
at sun.reflect.DelegatingMethodAccessorImpl.invoke(Unknown Source)
at java.lang.reflect.Method.invoke(Unknown Source)
at org.testng.internal.MethodInvocationHelper.invokeMethod(MethodInvocationHelper.java:124)
at org.testng.internal.MethodInvocationHelper.invokeMethodConsideringTimeout(MethodInvocationHelper.java:59)
at org.testng.internal.Invoker.invokeConfigurationMethod(Invoker.java:458)
at org.testng.internal.Invoker.invokeConfigurations(Invoker.java:222)
at org.testng.internal.Invoker.invokeConfigurations(Invoker.java:142)
at org.testng.TestRunner.beforeRun(TestRunner.java:529)
at org.testng.TestRunner.run(TestRunner.java:497)
at org.testng.SuiteRunner.runTest(SuiteRunner.java:455)
at org.testng.SuiteRunner.runSequentially(SuiteRunner.java:450)
at org.testng.SuiteRunner.privateRun(SuiteRunner.java:415)
at org.testng.SuiteRunner.run(SuiteRunner.java:364)
at org.testng.SuiteRunnerWorker.runSuite(SuiteRunnerWorker.java:52)
at org.testng.SuiteRunnerWorker.run(SuiteRunnerWorker.java:84)
at org.testng.TestNG.runSuitesSequentially(TestNG.java:1208)
at org.testng.TestNG.runSuitesLocally(TestNG.java:1137)
at org.testng.TestNG.runSuites(TestNG.java:1049)
at org.testng.TestNG.run(TestNG.java:1017)
at org.testng.remote.AbstractRemoteTestNG.run(AbstractRemoteTestNG.java:115)
at org.testng.remote.RemoteTestNG.initAndRun(RemoteTestNG.java:251)
at org.testng.remote.RemoteTestNG.main(RemoteTestNG.java:77)
]]>
            </full-stacktrace>
          </exception> <!-- org.openqa.selenium.WebDriverException -->
          <reporter-output>
          </reporter-output>
        </test-method> <!-- XP8_DeviceSanity_0022_check_EnableDisableDataService -->
        <test-method status="SKIP" signature="afterMethod(java.lang.reflect.Method, org.testng.ITestResult)[pri:0, instance:com.xp8.test.New_SanityTest@2173f6d9]" name="afterMethod" is-config="true" duration-ms="0" started-at="2019-08-22T05:14:10Z" finished-at="2019-08-22T05:14:10Z">
          <reporter-output>
          </reporter-output>
        </test-method> <!-- afterMethod -->
        <test-method status="SKIP" signature="UpdateProgressIndicator()[pri:0, instance:com.xp8.test.New_SanityTest@2173f6d9]" name="UpdateProgressIndicator" is-config="true" duration-ms="0" started-at="2019-08-22T05:14:10Z" finished-at="2019-08-22T05:14:10Z">
          <reporter-output>
          </reporter-output>
        </test-method> <!-- UpdateProgressIndicator -->
      </class> <!-- com.xp8.test.New_SanityTest -->
    </test> <!-- Test -->
  </suite> <!-- Suite -->
</testng-results>
