<?xml version="1.0" encoding="UTF-8"?>
<!-- Generated by org.testng.reporters.JUnitReportReporter -->
<testsuite hostname="SIDCD495" name="com.xp8.test.XP8_ProgrammableKeyTest" tests="49" failures="6" timestamp="4 Dec 2017 05:30:12 GMT" time="4477.683" errors="0">
  <testcase name="XP8_ProgrammableKey_47_Validate_successful_LaunchOf_YellowKeySoundRecorder" time="139.201" classname="com.xp8.test.XP8_ProgrammableKeyTest"/>
  <testcase name="ProgrammableKey_23_Validate_successful_LaunchOf_PTTKeySonimCare" time="147.570" classname="com.xp8.test.XP8_ProgrammableKeyTest">
    <failure type="org.openqa.selenium.NoSuchElementException" message="An element could not be located on the page using the given search parameters. (WARNING: The server did not provide any stacktrace information)
Command duration or timeout: 1.26 seconds
For documentation on this error, please visit: http://seleniumhq.org/exceptions/no_such_element.html
Build info: version: &#039;2.53.0&#039;, revision: &#039;35ae25b1534ae328c771e0856c93e187490ca824&#039;, time: &#039;2016-03-15 10:43:46&#039;
System info: host: &#039;SIDCD495&#039;, ip: &#039;10.15.3.62&#039;, os.name: &#039;Windows 7&#039;, os.arch: &#039;amd64&#039;, os.version: &#039;6.1&#039;, java.version: &#039;1.8.0_131&#039;
Driver info: io.appium.java_client.android.AndroidDriver
Capabilities [{appPackage=com.android.dialer, deviceScreenSize=1080x1920, networkConnectionEnabled=true, warnings={}, databaseEnabled=false, version=, deviceName=c1edac9c, platform=ANDROID, deviceUDID=c1edac9c, appActivity=com.android.dialer.DialtactsActivity, desired={appPackage=com.android.dialer, appActivity=com.android.dialer.DialtactsActivity, platformVersion=7.1.1, browserName=android, udid=c1edac9c, platformName=Android, version=, deviceName=XP8800, platform=ANDROID, autoAcceptAlerts=true}, platformVersion=7.1.1, webStorageEnabled=false, locationContextEnabled=false, takesScreenshot=true, browserName=android, javascriptEnabled=true, deviceModel=XP8800, udid=c1edac9c, platformName=Android, deviceManufacturer=Sonimtech, autoAcceptAlerts=true}]
Session ID: 828980cc-c6b4-454e-bfa3-77b2fba7655e
*** Element info: {Using=xpath, value=//android.widget.TextView[@text=&#039;SonimCare&#039;]}">
      <![CDATA[org.openqa.selenium.NoSuchElementException: An element could not be located on the page using the given search parameters. (WARNING: The server did not provide any stacktrace information)
Command duration or timeout: 1.26 seconds
For documentation on this error, please visit: http://seleniumhq.org/exceptions/no_such_element.html
Build info: version: '2.53.0', revision: '35ae25b1534ae328c771e0856c93e187490ca824', time: '2016-03-15 10:43:46'
System info: host: 'SIDCD495', ip: '10.15.3.62', os.name: 'Windows 7', os.arch: 'amd64', os.version: '6.1', java.version: '1.8.0_131'
Driver info: io.appium.java_client.android.AndroidDriver
Capabilities [{appPackage=com.android.dialer, deviceScreenSize=1080x1920, networkConnectionEnabled=true, warnings={}, databaseEnabled=false, version=, deviceName=c1edac9c, platform=ANDROID, deviceUDID=c1edac9c, appActivity=com.android.dialer.DialtactsActivity, desired={appPackage=com.android.dialer, appActivity=com.android.dialer.DialtactsActivity, platformVersion=7.1.1, browserName=android, udid=c1edac9c, platformName=Android, version=, deviceName=XP8800, platform=ANDROID, autoAcceptAlerts=true}, platformVersion=7.1.1, webStorageEnabled=false, locationContextEnabled=false, takesScreenshot=true, browserName=android, javascriptEnabled=true, deviceModel=XP8800, udid=c1edac9c, platformName=Android, deviceManufacturer=Sonimtech, autoAcceptAlerts=true}]
Session ID: 828980cc-c6b4-454e-bfa3-77b2fba7655e
*** Element info: {Using=xpath, value=//android.widget.TextView[@text='SonimCare']}
	at sun.reflect.NativeConstructorAccessorImpl.newInstance0(Native Method)
	at sun.reflect.NativeConstructorAccessorImpl.newInstance(Unknown Source)
	at sun.reflect.DelegatingConstructorAccessorImpl.newInstance(Unknown Source)
	at java.lang.reflect.Constructor.newInstance(Unknown Source)
	at org.openqa.selenium.remote.ErrorHandler.createThrowable(ErrorHandler.java:206)
	at org.openqa.selenium.remote.ErrorHandler.throwIfResponseFailed(ErrorHandler.java:158)
	at org.openqa.selenium.remote.RemoteWebDriver.execute(RemoteWebDriver.java:678)
	at io.appium.java_client.DefaultGenericMobileDriver.execute(DefaultGenericMobileDriver.java:42)
	at io.appium.java_client.AppiumDriver.execute(AppiumDriver.java:1)
	at io.appium.java_client.android.AndroidDriver.execute(AndroidDriver.java:1)
	at org.openqa.selenium.remote.RemoteWebDriver.findElement(RemoteWebDriver.java:363)
	at org.openqa.selenium.remote.RemoteWebDriver.findElementByXPath(RemoteWebDriver.java:500)
	at io.appium.java_client.DefaultGenericMobileDriver.findElementByXPath(DefaultGenericMobileDriver.java:132)
	at io.appium.java_client.AppiumDriver.findElementByXPath(AppiumDriver.java:1)
	at io.appium.java_client.android.AndroidDriver.findElementByXPath(AndroidDriver.java:1)
	at org.openqa.selenium.By$ByXPath.findElement(By.java:361)
	at org.openqa.selenium.remote.RemoteWebDriver.findElement(RemoteWebDriver.java:355)
	at io.appium.java_client.DefaultGenericMobileDriver.findElement(DefaultGenericMobileDriver.java:52)
	at io.appium.java_client.AppiumDriver.findElement(AppiumDriver.java:1)
	at io.appium.java_client.android.AndroidDriver.findElement(AndroidDriver.java:1)
	at com.xp8.util.XP8_ProgrammableKey_Util.validate_launchedApplication(XP8_ProgrammableKey_Util.java:236)
	at com.xp8.test.XP8_ProgrammableKeyTest.ProgrammableKey_23_Validate_successful_LaunchOf_PTTKeySonimCare(XP8_ProgrammableKeyTest.java:428)
	at sun.reflect.NativeMethodAccessorImpl.invoke0(Native Method)
	at sun.reflect.NativeMethodAccessorImpl.invoke(Unknown Source)
	at sun.reflect.DelegatingMethodAccessorImpl.invoke(Unknown Source)
	at java.lang.reflect.Method.invoke(Unknown Source)
	at org.testng.internal.MethodInvocationHelper.invokeMethod(MethodInvocationHelper.java:80)
	at org.testng.internal.Invoker.invokeMethod(Invoker.java:714)
	at org.testng.internal.Invoker.invokeTestMethod(Invoker.java:901)
	at org.testng.internal.Invoker.invokeTestMethods(Invoker.java:1231)
	at org.testng.internal.TestMethodWorker.invokeTestMethods(TestMethodWorker.java:127)
	at org.testng.internal.TestMethodWorker.run(TestMethodWorker.java:111)
	at org.testng.TestRunner.privateRun(TestRunner.java:767)
	at org.testng.TestRunner.run(TestRunner.java:617)
	at org.testng.SuiteRunner.runTest(SuiteRunner.java:334)
	at org.testng.SuiteRunner.runSequentially(SuiteRunner.java:329)
	at org.testng.SuiteRunner.privateRun(SuiteRunner.java:291)
	at org.testng.SuiteRunner.run(SuiteRunner.java:240)
	at org.testng.SuiteRunnerWorker.runSuite(SuiteRunnerWorker.java:52)
	at org.testng.SuiteRunnerWorker.run(SuiteRunnerWorker.java:86)
	at org.testng.TestNG.runSuitesSequentially(TestNG.java:1198)
	at org.testng.TestNG.runSuitesLocally(TestNG.java:1123)
	at org.testng.TestNG.run(TestNG.java:1031)
	at org.testng.remote.AbstractRemoteTestNG.run(AbstractRemoteTestNG.java:132)
	at org.testng.remote.RemoteTestNG.initAndRun(RemoteTestNG.java:230)
	at org.testng.remote.RemoteTestNG.main(RemoteTestNG.java:76)
]]>
    </failure>
  </testcase> <!-- ProgrammableKey_23_Validate_successful_LaunchOf_PTTKeySonimCare -->
  <testcase name="ProgrammableKey_26_Validate_successful_LaunchOf_PTTKeyChrome" time="91.456" classname="com.xp8.test.XP8_ProgrammableKeyTest"/>
  <testcase name="XP8_ProgrammableKey_44_Validate_successful_LaunchOf_YellowKeySonimWarranty" time="143.587" classname="com.xp8.test.XP8_ProgrammableKeyTest"/>
  <testcase name="ProgrammableKey_27_Validate_successful_LaunchOf_PTTKeyGmail" time="66.941" classname="com.xp8.test.XP8_ProgrammableKeyTest"/>
  <testcase name="XP8_ProgrammableKey_34_Validate_successful_LaunchOf_YellowKeyContacts" time="51.213" classname="com.xp8.test.XP8_ProgrammableKeyTest"/>
  <testcase name="ProgrammableKey_25_Validate_successful_LaunchOf_PTTKeySoundRecord" time="144.247" classname="com.xp8.test.XP8_ProgrammableKeyTest"/>
  <testcase name="XP8_ProgrammableKey_37_Validate_successful_LaunchOf_YellowKeyPhotos" time="96.604" classname="com.xp8.test.XP8_ProgrammableKeyTest"/>
  <testcase name="ProgrammableKey_14_Validate_successful_LaunchOf_PTTKeyFMRadio" time="80.538" classname="com.xp8.test.XP8_ProgrammableKeyTest"/>
  <testcase name="ProgrammableKey_08_Validate_successful_LaunchOf_PTTKeyCamera" time="39.959" classname="com.xp8.test.XP8_ProgrammableKeyTest"/>
  <testcase name="XP8_ProgrammableKey_01_Validate_ProgrammableKey_in_NativeSettings" time="35.242" classname="com.xp8.test.XP8_ProgrammableKeyTest"/>
  <testcase name="XP8_ProgrammableKey_43_Validate_successful_LaunchOf_YellowKeySonimScout" time="130.893" classname="com.xp8.test.XP8_ProgrammableKeyTest"/>
  <testcase name="ProgrammableKey_16_Validate_successful_LaunchOf_PTTKeyMessagingApp" time="100.412" classname="com.xp8.test.XP8_ProgrammableKeyTest"/>
  <testcase name="XP8_ProgrammableKey_04_Validate_SummaryText_Of_particularPTTKyApp" time="71.677" classname="com.xp8.test.XP8_ProgrammableKeyTest"/>
  <testcase name="ProgrammableKey_51_Validate_successful_LaunchOf_YellowKeyFMRadio" time="82.142" classname="com.xp8.test.XP8_ProgrammableKeyTest"/>
  <testcase name="ProgrammableKey_21_Validate_successful_LaunchOf_PTTKeySonimScout" time="127.264" classname="com.xp8.test.XP8_ProgrammableKeyTest">
    <failure type="org.openqa.selenium.NoSuchElementException" message="An element could not be located on the page using the given search parameters. (WARNING: The server did not provide any stacktrace information)
Command duration or timeout: 1.19 seconds
For documentation on this error, please visit: http://seleniumhq.org/exceptions/no_such_element.html
Build info: version: &#039;2.53.0&#039;, revision: &#039;35ae25b1534ae328c771e0856c93e187490ca824&#039;, time: &#039;2016-03-15 10:43:46&#039;
System info: host: &#039;SIDCD495&#039;, ip: &#039;10.15.3.62&#039;, os.name: &#039;Windows 7&#039;, os.arch: &#039;amd64&#039;, os.version: &#039;6.1&#039;, java.version: &#039;1.8.0_131&#039;
Driver info: io.appium.java_client.android.AndroidDriver
Capabilities [{appPackage=com.android.dialer, deviceScreenSize=1080x1920, networkConnectionEnabled=true, warnings={}, databaseEnabled=false, version=, deviceName=c1edac9c, platform=ANDROID, deviceUDID=c1edac9c, appActivity=com.android.dialer.DialtactsActivity, desired={appPackage=com.android.dialer, appActivity=com.android.dialer.DialtactsActivity, platformVersion=7.1.1, browserName=android, udid=c1edac9c, platformName=Android, version=, deviceName=XP8800, platform=ANDROID, autoAcceptAlerts=true}, platformVersion=7.1.1, webStorageEnabled=false, locationContextEnabled=false, takesScreenshot=true, browserName=android, javascriptEnabled=true, deviceModel=XP8800, udid=c1edac9c, platformName=Android, deviceManufacturer=Sonimtech, autoAcceptAlerts=true}]
Session ID: 828980cc-c6b4-454e-bfa3-77b2fba7655e
*** Element info: {Using=xpath, value=//android.widget.TextView[@text=&#039;&#039;]}">
      <![CDATA[org.openqa.selenium.NoSuchElementException: An element could not be located on the page using the given search parameters. (WARNING: The server did not provide any stacktrace information)
Command duration or timeout: 1.19 seconds
For documentation on this error, please visit: http://seleniumhq.org/exceptions/no_such_element.html
Build info: version: '2.53.0', revision: '35ae25b1534ae328c771e0856c93e187490ca824', time: '2016-03-15 10:43:46'
System info: host: 'SIDCD495', ip: '10.15.3.62', os.name: 'Windows 7', os.arch: 'amd64', os.version: '6.1', java.version: '1.8.0_131'
Driver info: io.appium.java_client.android.AndroidDriver
Capabilities [{appPackage=com.android.dialer, deviceScreenSize=1080x1920, networkConnectionEnabled=true, warnings={}, databaseEnabled=false, version=, deviceName=c1edac9c, platform=ANDROID, deviceUDID=c1edac9c, appActivity=com.android.dialer.DialtactsActivity, desired={appPackage=com.android.dialer, appActivity=com.android.dialer.DialtactsActivity, platformVersion=7.1.1, browserName=android, udid=c1edac9c, platformName=Android, version=, deviceName=XP8800, platform=ANDROID, autoAcceptAlerts=true}, platformVersion=7.1.1, webStorageEnabled=false, locationContextEnabled=false, takesScreenshot=true, browserName=android, javascriptEnabled=true, deviceModel=XP8800, udid=c1edac9c, platformName=Android, deviceManufacturer=Sonimtech, autoAcceptAlerts=true}]
Session ID: 828980cc-c6b4-454e-bfa3-77b2fba7655e
*** Element info: {Using=xpath, value=//android.widget.TextView[@text='']}
	at sun.reflect.NativeConstructorAccessorImpl.newInstance0(Native Method)
	at sun.reflect.NativeConstructorAccessorImpl.newInstance(Unknown Source)
	at sun.reflect.DelegatingConstructorAccessorImpl.newInstance(Unknown Source)
	at java.lang.reflect.Constructor.newInstance(Unknown Source)
	at org.openqa.selenium.remote.ErrorHandler.createThrowable(ErrorHandler.java:206)
	at org.openqa.selenium.remote.ErrorHandler.throwIfResponseFailed(ErrorHandler.java:158)
	at org.openqa.selenium.remote.RemoteWebDriver.execute(RemoteWebDriver.java:678)
	at io.appium.java_client.DefaultGenericMobileDriver.execute(DefaultGenericMobileDriver.java:42)
	at io.appium.java_client.AppiumDriver.execute(AppiumDriver.java:1)
	at io.appium.java_client.android.AndroidDriver.execute(AndroidDriver.java:1)
	at org.openqa.selenium.remote.RemoteWebDriver.findElement(RemoteWebDriver.java:363)
	at org.openqa.selenium.remote.RemoteWebDriver.findElementByXPath(RemoteWebDriver.java:500)
	at io.appium.java_client.DefaultGenericMobileDriver.findElementByXPath(DefaultGenericMobileDriver.java:132)
	at io.appium.java_client.AppiumDriver.findElementByXPath(AppiumDriver.java:1)
	at io.appium.java_client.android.AndroidDriver.findElementByXPath(AndroidDriver.java:1)
	at org.openqa.selenium.By$ByXPath.findElement(By.java:361)
	at org.openqa.selenium.remote.RemoteWebDriver.findElement(RemoteWebDriver.java:355)
	at io.appium.java_client.DefaultGenericMobileDriver.findElement(DefaultGenericMobileDriver.java:52)
	at io.appium.java_client.AppiumDriver.findElement(AppiumDriver.java:1)
	at io.appium.java_client.android.AndroidDriver.findElement(AndroidDriver.java:1)
	at com.xp8.util.XP8_ProgrammableKey_Util.validate_launchedApplication(XP8_ProgrammableKey_Util.java:236)
	at com.xp8.test.XP8_ProgrammableKeyTest.ProgrammableKey_21_Validate_successful_LaunchOf_PTTKeySonimScout(XP8_ProgrammableKeyTest.java:397)
	at sun.reflect.NativeMethodAccessorImpl.invoke0(Native Method)
	at sun.reflect.NativeMethodAccessorImpl.invoke(Unknown Source)
	at sun.reflect.DelegatingMethodAccessorImpl.invoke(Unknown Source)
	at java.lang.reflect.Method.invoke(Unknown Source)
	at org.testng.internal.MethodInvocationHelper.invokeMethod(MethodInvocationHelper.java:80)
	at org.testng.internal.Invoker.invokeMethod(Invoker.java:714)
	at org.testng.internal.Invoker.invokeTestMethod(Invoker.java:901)
	at org.testng.internal.Invoker.invokeTestMethods(Invoker.java:1231)
	at org.testng.internal.TestMethodWorker.invokeTestMethods(TestMethodWorker.java:127)
	at org.testng.internal.TestMethodWorker.run(TestMethodWorker.java:111)
	at org.testng.TestRunner.privateRun(TestRunner.java:767)
	at org.testng.TestRunner.run(TestRunner.java:617)
	at org.testng.SuiteRunner.runTest(SuiteRunner.java:334)
	at org.testng.SuiteRunner.runSequentially(SuiteRunner.java:329)
	at org.testng.SuiteRunner.privateRun(SuiteRunner.java:291)
	at org.testng.SuiteRunner.run(SuiteRunner.java:240)
	at org.testng.SuiteRunnerWorker.runSuite(SuiteRunnerWorker.java:52)
	at org.testng.SuiteRunnerWorker.run(SuiteRunnerWorker.java:86)
	at org.testng.TestNG.runSuitesSequentially(TestNG.java:1198)
	at org.testng.TestNG.runSuitesLocally(TestNG.java:1123)
	at org.testng.TestNG.run(TestNG.java:1031)
	at org.testng.remote.AbstractRemoteTestNG.run(AbstractRemoteTestNG.java:132)
	at org.testng.remote.RemoteTestNG.initAndRun(RemoteTestNG.java:230)
	at org.testng.remote.RemoteTestNG.main(RemoteTestNG.java:76)
]]>
    </failure>
  </testcase> <!-- ProgrammableKey_21_Validate_successful_LaunchOf_PTTKeySonimScout -->
  <testcase name="ProgrammableKey_50_Validate_successful_LaunchOf_YellowKeyMaps" time="79.104" classname="com.xp8.test.XP8_ProgrammableKeyTest"/>
  <testcase name="ProgrammableKey_12_Validate_successful_LaunchOf_PTTKeyDownloads" time="46.171" classname="com.xp8.test.XP8_ProgrammableKeyTest"/>
  <testcase name="XP8_ProgrammableKey_45_Validate_successful_LaunchOf_YellowKeySonimCare" time="153.023" classname="com.xp8.test.XP8_ProgrammableKeyTest"/>
  <testcase name="XP8_ProgrammableKey_33_Validate_successful_LaunchOf_YellowKeyContactsTransfer" time="117.801" classname="com.xp8.test.XP8_ProgrammableKeyTest"/>
  <testcase name="ProgrammableKey_07_Validate_successful_LaunchOf_PTTKeyCalendar" time="38.477" classname="com.xp8.test.XP8_ProgrammableKeyTest"/>
  <testcase name="XP8_ProgrammableKey_31_Validate_successful_LaunchOf_YellowKeyCamera" time="49.418" classname="com.xp8.test.XP8_ProgrammableKeyTest"/>
  <testcase name="ProgrammableKey_19_Validate_successful_LaunchOf_PTTKeySettings" time="124.533" classname="com.xp8.test.XP8_ProgrammableKeyTest"/>
  <testcase name="XP8_ProgrammableKey_36_Validate_successful_LaunchOf_YellowKeyFileManager" time="77.221" classname="com.xp8.test.XP8_ProgrammableKeyTest"/>
  <testcase name="ProgrammableKey_24_Validate_successful_LaunchOf_PTTKeySonimSetupWizard" time="140.074" classname="com.xp8.test.XP8_ProgrammableKeyTest">
    <failure type="org.openqa.selenium.NoSuchElementException" message="An element could not be located on the page using the given search parameters. (WARNING: The server did not provide any stacktrace information)
Command duration or timeout: 1.24 seconds
For documentation on this error, please visit: http://seleniumhq.org/exceptions/no_such_element.html
Build info: version: &#039;2.53.0&#039;, revision: &#039;35ae25b1534ae328c771e0856c93e187490ca824&#039;, time: &#039;2016-03-15 10:43:46&#039;
System info: host: &#039;SIDCD495&#039;, ip: &#039;10.15.3.62&#039;, os.name: &#039;Windows 7&#039;, os.arch: &#039;amd64&#039;, os.version: &#039;6.1&#039;, java.version: &#039;1.8.0_131&#039;
Driver info: io.appium.java_client.android.AndroidDriver
Capabilities [{appPackage=com.android.dialer, deviceScreenSize=1080x1920, networkConnectionEnabled=true, warnings={}, databaseEnabled=false, version=, deviceName=c1edac9c, platform=ANDROID, deviceUDID=c1edac9c, appActivity=com.android.dialer.DialtactsActivity, desired={appPackage=com.android.dialer, appActivity=com.android.dialer.DialtactsActivity, platformVersion=7.1.1, browserName=android, udid=c1edac9c, platformName=Android, version=, deviceName=XP8800, platform=ANDROID, autoAcceptAlerts=true}, platformVersion=7.1.1, webStorageEnabled=false, locationContextEnabled=false, takesScreenshot=true, browserName=android, javascriptEnabled=true, deviceModel=XP8800, udid=c1edac9c, platformName=Android, deviceManufacturer=Sonimtech, autoAcceptAlerts=true}]
Session ID: 828980cc-c6b4-454e-bfa3-77b2fba7655e
*** Element info: {Using=xpath, value=//android.widget.TextView[@text=&#039;SonimSetupWizard&#039;]}">
      <![CDATA[org.openqa.selenium.NoSuchElementException: An element could not be located on the page using the given search parameters. (WARNING: The server did not provide any stacktrace information)
Command duration or timeout: 1.24 seconds
For documentation on this error, please visit: http://seleniumhq.org/exceptions/no_such_element.html
Build info: version: '2.53.0', revision: '35ae25b1534ae328c771e0856c93e187490ca824', time: '2016-03-15 10:43:46'
System info: host: 'SIDCD495', ip: '10.15.3.62', os.name: 'Windows 7', os.arch: 'amd64', os.version: '6.1', java.version: '1.8.0_131'
Driver info: io.appium.java_client.android.AndroidDriver
Capabilities [{appPackage=com.android.dialer, deviceScreenSize=1080x1920, networkConnectionEnabled=true, warnings={}, databaseEnabled=false, version=, deviceName=c1edac9c, platform=ANDROID, deviceUDID=c1edac9c, appActivity=com.android.dialer.DialtactsActivity, desired={appPackage=com.android.dialer, appActivity=com.android.dialer.DialtactsActivity, platformVersion=7.1.1, browserName=android, udid=c1edac9c, platformName=Android, version=, deviceName=XP8800, platform=ANDROID, autoAcceptAlerts=true}, platformVersion=7.1.1, webStorageEnabled=false, locationContextEnabled=false, takesScreenshot=true, browserName=android, javascriptEnabled=true, deviceModel=XP8800, udid=c1edac9c, platformName=Android, deviceManufacturer=Sonimtech, autoAcceptAlerts=true}]
Session ID: 828980cc-c6b4-454e-bfa3-77b2fba7655e
*** Element info: {Using=xpath, value=//android.widget.TextView[@text='SonimSetupWizard']}
	at sun.reflect.NativeConstructorAccessorImpl.newInstance0(Native Method)
	at sun.reflect.NativeConstructorAccessorImpl.newInstance(Unknown Source)
	at sun.reflect.DelegatingConstructorAccessorImpl.newInstance(Unknown Source)
	at java.lang.reflect.Constructor.newInstance(Unknown Source)
	at org.openqa.selenium.remote.ErrorHandler.createThrowable(ErrorHandler.java:206)
	at org.openqa.selenium.remote.ErrorHandler.throwIfResponseFailed(ErrorHandler.java:158)
	at org.openqa.selenium.remote.RemoteWebDriver.execute(RemoteWebDriver.java:678)
	at io.appium.java_client.DefaultGenericMobileDriver.execute(DefaultGenericMobileDriver.java:42)
	at io.appium.java_client.AppiumDriver.execute(AppiumDriver.java:1)
	at io.appium.java_client.android.AndroidDriver.execute(AndroidDriver.java:1)
	at org.openqa.selenium.remote.RemoteWebDriver.findElement(RemoteWebDriver.java:363)
	at org.openqa.selenium.remote.RemoteWebDriver.findElementByXPath(RemoteWebDriver.java:500)
	at io.appium.java_client.DefaultGenericMobileDriver.findElementByXPath(DefaultGenericMobileDriver.java:132)
	at io.appium.java_client.AppiumDriver.findElementByXPath(AppiumDriver.java:1)
	at io.appium.java_client.android.AndroidDriver.findElementByXPath(AndroidDriver.java:1)
	at org.openqa.selenium.By$ByXPath.findElement(By.java:361)
	at org.openqa.selenium.remote.RemoteWebDriver.findElement(RemoteWebDriver.java:355)
	at io.appium.java_client.DefaultGenericMobileDriver.findElement(DefaultGenericMobileDriver.java:52)
	at io.appium.java_client.AppiumDriver.findElement(AppiumDriver.java:1)
	at io.appium.java_client.android.AndroidDriver.findElement(AndroidDriver.java:1)
	at com.xp8.util.XP8_ProgrammableKey_Util.validate_launchedApplication(XP8_ProgrammableKey_Util.java:236)
	at com.xp8.test.XP8_ProgrammableKeyTest.ProgrammableKey_24_Validate_successful_LaunchOf_PTTKeySonimSetupWizard(XP8_ProgrammableKeyTest.java:443)
	at sun.reflect.NativeMethodAccessorImpl.invoke0(Native Method)
	at sun.reflect.NativeMethodAccessorImpl.invoke(Unknown Source)
	at sun.reflect.DelegatingMethodAccessorImpl.invoke(Unknown Source)
	at java.lang.reflect.Method.invoke(Unknown Source)
	at org.testng.internal.MethodInvocationHelper.invokeMethod(MethodInvocationHelper.java:80)
	at org.testng.internal.Invoker.invokeMethod(Invoker.java:714)
	at org.testng.internal.Invoker.invokeTestMethod(Invoker.java:901)
	at org.testng.internal.Invoker.invokeTestMethods(Invoker.java:1231)
	at org.testng.internal.TestMethodWorker.invokeTestMethods(TestMethodWorker.java:127)
	at org.testng.internal.TestMethodWorker.run(TestMethodWorker.java:111)
	at org.testng.TestRunner.privateRun(TestRunner.java:767)
	at org.testng.TestRunner.run(TestRunner.java:617)
	at org.testng.SuiteRunner.runTest(SuiteRunner.java:334)
	at org.testng.SuiteRunner.runSequentially(SuiteRunner.java:329)
	at org.testng.SuiteRunner.privateRun(SuiteRunner.java:291)
	at org.testng.SuiteRunner.run(SuiteRunner.java:240)
	at org.testng.SuiteRunnerWorker.runSuite(SuiteRunnerWorker.java:52)
	at org.testng.SuiteRunnerWorker.run(SuiteRunnerWorker.java:86)
	at org.testng.TestNG.runSuitesSequentially(TestNG.java:1198)
	at org.testng.TestNG.runSuitesLocally(TestNG.java:1123)
	at org.testng.TestNG.run(TestNG.java:1031)
	at org.testng.remote.AbstractRemoteTestNG.run(AbstractRemoteTestNG.java:132)
	at org.testng.remote.RemoteTestNG.initAndRun(RemoteTestNG.java:230)
	at org.testng.remote.RemoteTestNG.main(RemoteTestNG.java:76)
]]>
    </failure>
  </testcase> <!-- ProgrammableKey_24_Validate_successful_LaunchOf_PTTKeySonimSetupWizard -->
  <testcase name="ProgrammableKey_15_Validate_successful_LaunchOf_PTTKeyPhotos" time="96.741" classname="com.xp8.test.XP8_ProgrammableKeyTest"/>
  <testcase name="XP8_ProgrammableKey_41_Validate_successful_LaunchOf_YellowKeySettings" time="126.315" classname="com.xp8.test.XP8_ProgrammableKeyTest"/>
  <testcase name="ProgrammableKey_11_Validate_successful_LaunchOf_PTTKeyContacts" time="46.949" classname="com.xp8.test.XP8_ProgrammableKeyTest"/>
  <testcase name="XP8_ProgrammableKey_39_Validate_successful_LaunchOf_YellowKeyPhone" time="103.630" classname="com.xp8.test.XP8_ProgrammableKeyTest"/>
  <testcase name="ProgrammableKey_10_Validate_successful_LaunchOf_PTTKeyContactTransfer" time="104.154" classname="com.xp8.test.XP8_ProgrammableKeyTest">
    <failure type="org.openqa.selenium.NoSuchElementException" message="An element could not be located on the page using the given search parameters. (WARNING: The server did not provide any stacktrace information)
Command duration or timeout: 1.23 seconds
For documentation on this error, please visit: http://seleniumhq.org/exceptions/no_such_element.html
Build info: version: &#039;2.53.0&#039;, revision: &#039;35ae25b1534ae328c771e0856c93e187490ca824&#039;, time: &#039;2016-03-15 10:43:46&#039;
System info: host: &#039;SIDCD495&#039;, ip: &#039;10.15.3.62&#039;, os.name: &#039;Windows 7&#039;, os.arch: &#039;amd64&#039;, os.version: &#039;6.1&#039;, java.version: &#039;1.8.0_131&#039;
Driver info: io.appium.java_client.android.AndroidDriver
Capabilities [{appPackage=com.android.dialer, deviceScreenSize=1080x1920, networkConnectionEnabled=true, warnings={}, databaseEnabled=false, version=, deviceName=c1edac9c, platform=ANDROID, deviceUDID=c1edac9c, appActivity=com.android.dialer.DialtactsActivity, desired={appPackage=com.android.dialer, appActivity=com.android.dialer.DialtactsActivity, platformVersion=7.1.1, browserName=android, udid=c1edac9c, platformName=Android, version=, deviceName=XP8800, platform=ANDROID, autoAcceptAlerts=true}, platformVersion=7.1.1, webStorageEnabled=false, locationContextEnabled=false, takesScreenshot=true, browserName=android, javascriptEnabled=true, deviceModel=XP8800, udid=c1edac9c, platformName=Android, deviceManufacturer=Sonimtech, autoAcceptAlerts=true}]
Session ID: 828980cc-c6b4-454e-bfa3-77b2fba7655e
*** Element info: {Using=xpath, value=//android.widget.TextView[@text=&#039;Contact Transfer&#039;]}">
      <![CDATA[org.openqa.selenium.NoSuchElementException: An element could not be located on the page using the given search parameters. (WARNING: The server did not provide any stacktrace information)
Command duration or timeout: 1.23 seconds
For documentation on this error, please visit: http://seleniumhq.org/exceptions/no_such_element.html
Build info: version: '2.53.0', revision: '35ae25b1534ae328c771e0856c93e187490ca824', time: '2016-03-15 10:43:46'
System info: host: 'SIDCD495', ip: '10.15.3.62', os.name: 'Windows 7', os.arch: 'amd64', os.version: '6.1', java.version: '1.8.0_131'
Driver info: io.appium.java_client.android.AndroidDriver
Capabilities [{appPackage=com.android.dialer, deviceScreenSize=1080x1920, networkConnectionEnabled=true, warnings={}, databaseEnabled=false, version=, deviceName=c1edac9c, platform=ANDROID, deviceUDID=c1edac9c, appActivity=com.android.dialer.DialtactsActivity, desired={appPackage=com.android.dialer, appActivity=com.android.dialer.DialtactsActivity, platformVersion=7.1.1, browserName=android, udid=c1edac9c, platformName=Android, version=, deviceName=XP8800, platform=ANDROID, autoAcceptAlerts=true}, platformVersion=7.1.1, webStorageEnabled=false, locationContextEnabled=false, takesScreenshot=true, browserName=android, javascriptEnabled=true, deviceModel=XP8800, udid=c1edac9c, platformName=Android, deviceManufacturer=Sonimtech, autoAcceptAlerts=true}]
Session ID: 828980cc-c6b4-454e-bfa3-77b2fba7655e
*** Element info: {Using=xpath, value=//android.widget.TextView[@text='Contact Transfer']}
	at sun.reflect.NativeConstructorAccessorImpl.newInstance0(Native Method)
	at sun.reflect.NativeConstructorAccessorImpl.newInstance(Unknown Source)
	at sun.reflect.DelegatingConstructorAccessorImpl.newInstance(Unknown Source)
	at java.lang.reflect.Constructor.newInstance(Unknown Source)
	at org.openqa.selenium.remote.ErrorHandler.createThrowable(ErrorHandler.java:206)
	at org.openqa.selenium.remote.ErrorHandler.throwIfResponseFailed(ErrorHandler.java:158)
	at org.openqa.selenium.remote.RemoteWebDriver.execute(RemoteWebDriver.java:678)
	at io.appium.java_client.DefaultGenericMobileDriver.execute(DefaultGenericMobileDriver.java:42)
	at io.appium.java_client.AppiumDriver.execute(AppiumDriver.java:1)
	at io.appium.java_client.android.AndroidDriver.execute(AndroidDriver.java:1)
	at org.openqa.selenium.remote.RemoteWebDriver.findElement(RemoteWebDriver.java:363)
	at org.openqa.selenium.remote.RemoteWebDriver.findElementByXPath(RemoteWebDriver.java:500)
	at io.appium.java_client.DefaultGenericMobileDriver.findElementByXPath(DefaultGenericMobileDriver.java:132)
	at io.appium.java_client.AppiumDriver.findElementByXPath(AppiumDriver.java:1)
	at io.appium.java_client.android.AndroidDriver.findElementByXPath(AndroidDriver.java:1)
	at org.openqa.selenium.By$ByXPath.findElement(By.java:361)
	at org.openqa.selenium.remote.RemoteWebDriver.findElement(RemoteWebDriver.java:355)
	at io.appium.java_client.DefaultGenericMobileDriver.findElement(DefaultGenericMobileDriver.java:52)
	at io.appium.java_client.AppiumDriver.findElement(AppiumDriver.java:1)
	at io.appium.java_client.android.AndroidDriver.findElement(AndroidDriver.java:1)
	at com.xp8.util.XP8_ProgrammableKey_Util.validate_launchedApplication(XP8_ProgrammableKey_Util.java:236)
	at com.xp8.test.XP8_ProgrammableKeyTest.ProgrammableKey_10_Validate_successful_LaunchOf_PTTKeyContactTransfer(XP8_ProgrammableKeyTest.java:230)
	at sun.reflect.NativeMethodAccessorImpl.invoke0(Native Method)
	at sun.reflect.NativeMethodAccessorImpl.invoke(Unknown Source)
	at sun.reflect.DelegatingMethodAccessorImpl.invoke(Unknown Source)
	at java.lang.reflect.Method.invoke(Unknown Source)
	at org.testng.internal.MethodInvocationHelper.invokeMethod(MethodInvocationHelper.java:80)
	at org.testng.internal.Invoker.invokeMethod(Invoker.java:714)
	at org.testng.internal.Invoker.invokeTestMethod(Invoker.java:901)
	at org.testng.internal.Invoker.invokeTestMethods(Invoker.java:1231)
	at org.testng.internal.TestMethodWorker.invokeTestMethods(TestMethodWorker.java:127)
	at org.testng.internal.TestMethodWorker.run(TestMethodWorker.java:111)
	at org.testng.TestRunner.privateRun(TestRunner.java:767)
	at org.testng.TestRunner.run(TestRunner.java:617)
	at org.testng.SuiteRunner.runTest(SuiteRunner.java:334)
	at org.testng.SuiteRunner.runSequentially(SuiteRunner.java:329)
	at org.testng.SuiteRunner.privateRun(SuiteRunner.java:291)
	at org.testng.SuiteRunner.run(SuiteRunner.java:240)
	at org.testng.SuiteRunnerWorker.runSuite(SuiteRunnerWorker.java:52)
	at org.testng.SuiteRunnerWorker.run(SuiteRunnerWorker.java:86)
	at org.testng.TestNG.runSuitesSequentially(TestNG.java:1198)
	at org.testng.TestNG.runSuitesLocally(TestNG.java:1123)
	at org.testng.TestNG.run(TestNG.java:1031)
	at org.testng.remote.AbstractRemoteTestNG.run(AbstractRemoteTestNG.java:132)
	at org.testng.remote.RemoteTestNG.initAndRun(RemoteTestNG.java:230)
	at org.testng.remote.RemoteTestNG.main(RemoteTestNG.java:76)
]]>
    </failure>
  </testcase> <!-- ProgrammableKey_10_Validate_successful_LaunchOf_PTTKeyContactTransfer -->
  <testcase name="ProgrammableKey_28_Validate_successful_LaunchOf_PTTKeyMaps" time="83.379" classname="com.xp8.test.XP8_ProgrammableKeyTest"/>
  <testcase name="ProgrammableKey_22_Validate_successful_LaunchOf_PTTKeySonimWarranty" time="145.262" classname="com.xp8.test.XP8_ProgrammableKeyTest">
    <failure type="org.openqa.selenium.NoSuchElementException" message="An element could not be located on the page using the given search parameters. (WARNING: The server did not provide any stacktrace information)
Command duration or timeout: 1.31 seconds
For documentation on this error, please visit: http://seleniumhq.org/exceptions/no_such_element.html
Build info: version: &#039;2.53.0&#039;, revision: &#039;35ae25b1534ae328c771e0856c93e187490ca824&#039;, time: &#039;2016-03-15 10:43:46&#039;
System info: host: &#039;SIDCD495&#039;, ip: &#039;10.15.3.62&#039;, os.name: &#039;Windows 7&#039;, os.arch: &#039;amd64&#039;, os.version: &#039;6.1&#039;, java.version: &#039;1.8.0_131&#039;
Driver info: io.appium.java_client.android.AndroidDriver
Capabilities [{appPackage=com.android.dialer, deviceScreenSize=1080x1920, networkConnectionEnabled=true, warnings={}, databaseEnabled=false, version=, deviceName=c1edac9c, platform=ANDROID, deviceUDID=c1edac9c, appActivity=com.android.dialer.DialtactsActivity, desired={appPackage=com.android.dialer, appActivity=com.android.dialer.DialtactsActivity, platformVersion=7.1.1, browserName=android, udid=c1edac9c, platformName=Android, version=, deviceName=XP8800, platform=ANDROID, autoAcceptAlerts=true}, platformVersion=7.1.1, webStorageEnabled=false, locationContextEnabled=false, takesScreenshot=true, browserName=android, javascriptEnabled=true, deviceModel=XP8800, udid=c1edac9c, platformName=Android, deviceManufacturer=Sonimtech, autoAcceptAlerts=true}]
Session ID: 828980cc-c6b4-454e-bfa3-77b2fba7655e
*** Element info: {Using=xpath, value=//android.widget.TextView[@text=&#039;Sonim Warranty Registration&#039;]}">
      <![CDATA[org.openqa.selenium.NoSuchElementException: An element could not be located on the page using the given search parameters. (WARNING: The server did not provide any stacktrace information)
Command duration or timeout: 1.31 seconds
For documentation on this error, please visit: http://seleniumhq.org/exceptions/no_such_element.html
Build info: version: '2.53.0', revision: '35ae25b1534ae328c771e0856c93e187490ca824', time: '2016-03-15 10:43:46'
System info: host: 'SIDCD495', ip: '10.15.3.62', os.name: 'Windows 7', os.arch: 'amd64', os.version: '6.1', java.version: '1.8.0_131'
Driver info: io.appium.java_client.android.AndroidDriver
Capabilities [{appPackage=com.android.dialer, deviceScreenSize=1080x1920, networkConnectionEnabled=true, warnings={}, databaseEnabled=false, version=, deviceName=c1edac9c, platform=ANDROID, deviceUDID=c1edac9c, appActivity=com.android.dialer.DialtactsActivity, desired={appPackage=com.android.dialer, appActivity=com.android.dialer.DialtactsActivity, platformVersion=7.1.1, browserName=android, udid=c1edac9c, platformName=Android, version=, deviceName=XP8800, platform=ANDROID, autoAcceptAlerts=true}, platformVersion=7.1.1, webStorageEnabled=false, locationContextEnabled=false, takesScreenshot=true, browserName=android, javascriptEnabled=true, deviceModel=XP8800, udid=c1edac9c, platformName=Android, deviceManufacturer=Sonimtech, autoAcceptAlerts=true}]
Session ID: 828980cc-c6b4-454e-bfa3-77b2fba7655e
*** Element info: {Using=xpath, value=//android.widget.TextView[@text='Sonim Warranty Registration']}
	at sun.reflect.NativeConstructorAccessorImpl.newInstance0(Native Method)
	at sun.reflect.NativeConstructorAccessorImpl.newInstance(Unknown Source)
	at sun.reflect.DelegatingConstructorAccessorImpl.newInstance(Unknown Source)
	at java.lang.reflect.Constructor.newInstance(Unknown Source)
	at org.openqa.selenium.remote.ErrorHandler.createThrowable(ErrorHandler.java:206)
	at org.openqa.selenium.remote.ErrorHandler.throwIfResponseFailed(ErrorHandler.java:158)
	at org.openqa.selenium.remote.RemoteWebDriver.execute(RemoteWebDriver.java:678)
	at io.appium.java_client.DefaultGenericMobileDriver.execute(DefaultGenericMobileDriver.java:42)
	at io.appium.java_client.AppiumDriver.execute(AppiumDriver.java:1)
	at io.appium.java_client.android.AndroidDriver.execute(AndroidDriver.java:1)
	at org.openqa.selenium.remote.RemoteWebDriver.findElement(RemoteWebDriver.java:363)
	at org.openqa.selenium.remote.RemoteWebDriver.findElementByXPath(RemoteWebDriver.java:500)
	at io.appium.java_client.DefaultGenericMobileDriver.findElementByXPath(DefaultGenericMobileDriver.java:132)
	at io.appium.java_client.AppiumDriver.findElementByXPath(AppiumDriver.java:1)
	at io.appium.java_client.android.AndroidDriver.findElementByXPath(AndroidDriver.java:1)
	at org.openqa.selenium.By$ByXPath.findElement(By.java:361)
	at org.openqa.selenium.remote.RemoteWebDriver.findElement(RemoteWebDriver.java:355)
	at io.appium.java_client.DefaultGenericMobileDriver.findElement(DefaultGenericMobileDriver.java:52)
	at io.appium.java_client.AppiumDriver.findElement(AppiumDriver.java:1)
	at io.appium.java_client.android.AndroidDriver.findElement(AndroidDriver.java:1)
	at com.xp8.util.XP8_ProgrammableKey_Util.validate_launchedApplication(XP8_ProgrammableKey_Util.java:236)
	at com.xp8.test.XP8_ProgrammableKeyTest.ProgrammableKey_22_Validate_successful_LaunchOf_PTTKeySonimWarranty(XP8_ProgrammableKeyTest.java:413)
	at sun.reflect.NativeMethodAccessorImpl.invoke0(Native Method)
	at sun.reflect.NativeMethodAccessorImpl.invoke(Unknown Source)
	at sun.reflect.DelegatingMethodAccessorImpl.invoke(Unknown Source)
	at java.lang.reflect.Method.invoke(Unknown Source)
	at org.testng.internal.MethodInvocationHelper.invokeMethod(MethodInvocationHelper.java:80)
	at org.testng.internal.Invoker.invokeMethod(Invoker.java:714)
	at org.testng.internal.Invoker.invokeTestMethod(Invoker.java:901)
	at org.testng.internal.Invoker.invokeTestMethods(Invoker.java:1231)
	at org.testng.internal.TestMethodWorker.invokeTestMethods(TestMethodWorker.java:127)
	at org.testng.internal.TestMethodWorker.run(TestMethodWorker.java:111)
	at org.testng.TestRunner.privateRun(TestRunner.java:767)
	at org.testng.TestRunner.run(TestRunner.java:617)
	at org.testng.SuiteRunner.runTest(SuiteRunner.java:334)
	at org.testng.SuiteRunner.runSequentially(SuiteRunner.java:329)
	at org.testng.SuiteRunner.privateRun(SuiteRunner.java:291)
	at org.testng.SuiteRunner.run(SuiteRunner.java:240)
	at org.testng.SuiteRunnerWorker.runSuite(SuiteRunnerWorker.java:52)
	at org.testng.SuiteRunnerWorker.run(SuiteRunnerWorker.java:86)
	at org.testng.TestNG.runSuitesSequentially(TestNG.java:1198)
	at org.testng.TestNG.runSuitesLocally(TestNG.java:1123)
	at org.testng.TestNG.run(TestNG.java:1031)
	at org.testng.remote.AbstractRemoteTestNG.run(AbstractRemoteTestNG.java:132)
	at org.testng.remote.RemoteTestNG.initAndRun(RemoteTestNG.java:230)
	at org.testng.remote.RemoteTestNG.main(RemoteTestNG.java:76)
]]>
    </failure>
  </testcase> <!-- ProgrammableKey_22_Validate_successful_LaunchOf_PTTKeySonimWarranty -->
  <testcase name="ProgrammableKey_17_Validate_successful_LaunchOf_PTTKeyPhone" time="100.241" classname="com.xp8.test.XP8_ProgrammableKeyTest"/>
  <testcase name="XP8_ProgrammableKey_46_Validate_successful_LaunchOf_YellowKeySonimSetupWizard" time="157.726" classname="com.xp8.test.XP8_ProgrammableKeyTest"/>
  <testcase name="ProgrammableKey_06_Validate_successful_LaunchOf_PTTKeyCalculator" time="44.957" classname="com.xp8.test.XP8_ProgrammableKeyTest"/>
  <testcase name="ProgrammableKey_20_Validate_successful_LaunchOf_PTTKeySonimBLE" time="137.511" classname="com.xp8.test.XP8_ProgrammableKeyTest">
    <failure type="org.openqa.selenium.NoSuchElementException" message="An element could not be located on the page using the given search parameters. (WARNING: The server did not provide any stacktrace information)
Command duration or timeout: 1.21 seconds
For documentation on this error, please visit: http://seleniumhq.org/exceptions/no_such_element.html
Build info: version: &#039;2.53.0&#039;, revision: &#039;35ae25b1534ae328c771e0856c93e187490ca824&#039;, time: &#039;2016-03-15 10:43:46&#039;
System info: host: &#039;SIDCD495&#039;, ip: &#039;10.15.3.62&#039;, os.name: &#039;Windows 7&#039;, os.arch: &#039;amd64&#039;, os.version: &#039;6.1&#039;, java.version: &#039;1.8.0_131&#039;
Driver info: io.appium.java_client.android.AndroidDriver
Capabilities [{appPackage=com.android.dialer, deviceScreenSize=1080x1920, networkConnectionEnabled=true, warnings={}, databaseEnabled=false, version=, deviceName=c1edac9c, platform=ANDROID, deviceUDID=c1edac9c, appActivity=com.android.dialer.DialtactsActivity, desired={appPackage=com.android.dialer, appActivity=com.android.dialer.DialtactsActivity, platformVersion=7.1.1, browserName=android, udid=c1edac9c, platformName=Android, version=, deviceName=XP8800, platform=ANDROID, autoAcceptAlerts=true}, platformVersion=7.1.1, webStorageEnabled=false, locationContextEnabled=false, takesScreenshot=true, browserName=android, javascriptEnabled=true, deviceModel=XP8800, udid=c1edac9c, platformName=Android, deviceManufacturer=Sonimtech, autoAcceptAlerts=true}]
Session ID: 828980cc-c6b4-454e-bfa3-77b2fba7655e
*** Element info: {Using=xpath, value=//android.widget.TextView[@text=&#039;Sonim BLE Connect&#039;]}">
      <![CDATA[org.openqa.selenium.NoSuchElementException: An element could not be located on the page using the given search parameters. (WARNING: The server did not provide any stacktrace information)
Command duration or timeout: 1.21 seconds
For documentation on this error, please visit: http://seleniumhq.org/exceptions/no_such_element.html
Build info: version: '2.53.0', revision: '35ae25b1534ae328c771e0856c93e187490ca824', time: '2016-03-15 10:43:46'
System info: host: 'SIDCD495', ip: '10.15.3.62', os.name: 'Windows 7', os.arch: 'amd64', os.version: '6.1', java.version: '1.8.0_131'
Driver info: io.appium.java_client.android.AndroidDriver
Capabilities [{appPackage=com.android.dialer, deviceScreenSize=1080x1920, networkConnectionEnabled=true, warnings={}, databaseEnabled=false, version=, deviceName=c1edac9c, platform=ANDROID, deviceUDID=c1edac9c, appActivity=com.android.dialer.DialtactsActivity, desired={appPackage=com.android.dialer, appActivity=com.android.dialer.DialtactsActivity, platformVersion=7.1.1, browserName=android, udid=c1edac9c, platformName=Android, version=, deviceName=XP8800, platform=ANDROID, autoAcceptAlerts=true}, platformVersion=7.1.1, webStorageEnabled=false, locationContextEnabled=false, takesScreenshot=true, browserName=android, javascriptEnabled=true, deviceModel=XP8800, udid=c1edac9c, platformName=Android, deviceManufacturer=Sonimtech, autoAcceptAlerts=true}]
Session ID: 828980cc-c6b4-454e-bfa3-77b2fba7655e
*** Element info: {Using=xpath, value=//android.widget.TextView[@text='Sonim BLE Connect']}
	at sun.reflect.NativeConstructorAccessorImpl.newInstance0(Native Method)
	at sun.reflect.NativeConstructorAccessorImpl.newInstance(Unknown Source)
	at sun.reflect.DelegatingConstructorAccessorImpl.newInstance(Unknown Source)
	at java.lang.reflect.Constructor.newInstance(Unknown Source)
	at org.openqa.selenium.remote.ErrorHandler.createThrowable(ErrorHandler.java:206)
	at org.openqa.selenium.remote.ErrorHandler.throwIfResponseFailed(ErrorHandler.java:158)
	at org.openqa.selenium.remote.RemoteWebDriver.execute(RemoteWebDriver.java:678)
	at io.appium.java_client.DefaultGenericMobileDriver.execute(DefaultGenericMobileDriver.java:42)
	at io.appium.java_client.AppiumDriver.execute(AppiumDriver.java:1)
	at io.appium.java_client.android.AndroidDriver.execute(AndroidDriver.java:1)
	at org.openqa.selenium.remote.RemoteWebDriver.findElement(RemoteWebDriver.java:363)
	at org.openqa.selenium.remote.RemoteWebDriver.findElementByXPath(RemoteWebDriver.java:500)
	at io.appium.java_client.DefaultGenericMobileDriver.findElementByXPath(DefaultGenericMobileDriver.java:132)
	at io.appium.java_client.AppiumDriver.findElementByXPath(AppiumDriver.java:1)
	at io.appium.java_client.android.AndroidDriver.findElementByXPath(AndroidDriver.java:1)
	at org.openqa.selenium.By$ByXPath.findElement(By.java:361)
	at org.openqa.selenium.remote.RemoteWebDriver.findElement(RemoteWebDriver.java:355)
	at io.appium.java_client.DefaultGenericMobileDriver.findElement(DefaultGenericMobileDriver.java:52)
	at io.appium.java_client.AppiumDriver.findElement(AppiumDriver.java:1)
	at io.appium.java_client.android.AndroidDriver.findElement(AndroidDriver.java:1)
	at com.xp8.util.XP8_ProgrammableKey_Util.validate_launchedApplication(XP8_ProgrammableKey_Util.java:236)
	at com.xp8.test.XP8_ProgrammableKeyTest.ProgrammableKey_20_Validate_successful_LaunchOf_PTTKeySonimBLE(XP8_ProgrammableKeyTest.java:382)
	at sun.reflect.NativeMethodAccessorImpl.invoke0(Native Method)
	at sun.reflect.NativeMethodAccessorImpl.invoke(Unknown Source)
	at sun.reflect.DelegatingMethodAccessorImpl.invoke(Unknown Source)
	at java.lang.reflect.Method.invoke(Unknown Source)
	at org.testng.internal.MethodInvocationHelper.invokeMethod(MethodInvocationHelper.java:80)
	at org.testng.internal.Invoker.invokeMethod(Invoker.java:714)
	at org.testng.internal.Invoker.invokeTestMethod(Invoker.java:901)
	at org.testng.internal.Invoker.invokeTestMethods(Invoker.java:1231)
	at org.testng.internal.TestMethodWorker.invokeTestMethods(TestMethodWorker.java:127)
	at org.testng.internal.TestMethodWorker.run(TestMethodWorker.java:111)
	at org.testng.TestRunner.privateRun(TestRunner.java:767)
	at org.testng.TestRunner.run(TestRunner.java:617)
	at org.testng.SuiteRunner.runTest(SuiteRunner.java:334)
	at org.testng.SuiteRunner.runSequentially(SuiteRunner.java:329)
	at org.testng.SuiteRunner.privateRun(SuiteRunner.java:291)
	at org.testng.SuiteRunner.run(SuiteRunner.java:240)
	at org.testng.SuiteRunnerWorker.runSuite(SuiteRunnerWorker.java:52)
	at org.testng.SuiteRunnerWorker.run(SuiteRunnerWorker.java:86)
	at org.testng.TestNG.runSuitesSequentially(TestNG.java:1198)
	at org.testng.TestNG.runSuitesLocally(TestNG.java:1123)
	at org.testng.TestNG.run(TestNG.java:1031)
	at org.testng.remote.AbstractRemoteTestNG.run(AbstractRemoteTestNG.java:132)
	at org.testng.remote.RemoteTestNG.initAndRun(RemoteTestNG.java:230)
	at org.testng.remote.RemoteTestNG.main(RemoteTestNG.java:76)
]]>
    </failure>
  </testcase> <!-- ProgrammableKey_20_Validate_successful_LaunchOf_PTTKeySonimBLE -->
  <testcase name="ProgrammableKey_13_Validate_successful_LaunchOf_PTTKeyFileManager" time="72.816" classname="com.xp8.test.XP8_ProgrammableKeyTest"/>
  <testcase name="ProgrammableKey_48_Validate_successful_LaunchOf_YellowKeyChrome" time="61.053" classname="com.xp8.test.XP8_ProgrammableKeyTest"/>
  <testcase name="XP8_ProgrammableKey_32_Validate_successful_LaunchOf_YellowKeyClock" time="48.326" classname="com.xp8.test.XP8_ProgrammableKeyTest"/>
  <testcase name="ProgrammableKey_49_Validate_successful_LaunchOf_YellowKeyGmail" time="68.590" classname="com.xp8.test.XP8_ProgrammableKeyTest"/>
  <testcase name="XP8_ProgrammableKey_02_Validate_PTTKeySummaryText" time="25.215" classname="com.xp8.test.XP8_ProgrammableKeyTest"/>
  <testcase name="XP8_ProgrammableKey_03_Validate_successful_LaunchOf_YellowKeyCalculator" time="49.080" classname="com.xp8.test.XP8_ProgrammableKeyTest"/>
  <testcase name="XP8_ProgrammableKey_35_Validate_successful_LaunchOf_YellowKeyDownloads" time="52.435" classname="com.xp8.test.XP8_ProgrammableKeyTest"/>
  <testcase name="XP8_ProgrammableKey_30_Validate_successful_LaunchOf_YellowKeyCalendar" time="51.183" classname="com.xp8.test.XP8_ProgrammableKeyTest"/>
  <testcase name="XP8_ProgrammableKey_40_Validate_successful_LaunchOf_YellowKeyPlayMusicApp" time="117.307" classname="com.xp8.test.XP8_ProgrammableKeyTest"/>
  <testcase name="ProgrammableKey_09_Validate_successful_LaunchOf_PTTKeyClock" time="42.440" classname="com.xp8.test.XP8_ProgrammableKeyTest"/>
  <testcase name="XP8_ProgrammableKey_38_Validate_successful_LaunchOf_YellowKeyMessagings" time="105.035" classname="com.xp8.test.XP8_ProgrammableKeyTest"/>
  <testcase name="ProgrammableKey_18_Validate_successful_LaunchOf_PTTKeyPlayMusicApp" time="113.431" classname="com.xp8.test.XP8_ProgrammableKeyTest"/>
  <testcase name="XP8_ProgrammableKey_42_Validate_successful_LaunchOf_YellowKeySonimBLEConnect" time="149.139" classname="com.xp8.test.XP8_ProgrammableKeyTest"/>
</testsuite> <!-- com.xp8.test.XP8_ProgrammableKeyTest -->
