<?xml version="1.0" encoding="UTF-8"?>
<!-- Generated by org.testng.reporters.JUnitReportReporter -->
<testsuite hostname="SIDCD558" name="com.xp8.test.XP8_Dev_SanityTest" tests="51" failures="2" timestamp="21 Sep 2018 10:52:11 GMT" time="4607.186" errors="0">
  <testcase name="XP8_Sanity_42_Check_able_to_change_the_Ringtone" time="48.578" classname="com.xp8.test.XP8_Dev_SanityTest"/>
  <testcase name="XP8_Sanity_03_Mobile_Data_EnableDisable_from_Quick_Setting" time="201.551" classname="com.xp8.test.XP8_Dev_SanityTest"/>
  <testcase name="XP8_Sanity_34_Add_contact_into_SIM_onlyWith_Name_PhoneNumber" time="103.369" classname="com.xp8.test.XP8_Dev_SanityTest"/>
  <testcase name="XP8_Sanity_19_Check_able_to_Recieve_multi_page_SMS" time="79.472" classname="com.xp8.test.XP8_Dev_SanityTest">
    <failure type="org.openqa.selenium.NoSuchElementException" message="Can&#039;t locate an element by this strategy: Locator map: 
- native content: &quot;By.xpath: //*[contains(@text,&#039;Now&#039;) or contains(@text,&#039;Not sent&#039;) or contains(@text,&#039;now&#039;) or contains(@text,&#039;Just now&#039;)]&quot; 
- html content: &quot;by id or name &quot;now_Text&quot;&quot;
For documentation on this error, please visit: http://seleniumhq.org/exceptions/no_such_element.html
Build info: version: &#039;2.53.0&#039;, revision: &#039;35ae25b1534ae328c771e0856c93e187490ca824&#039;, time: &#039;2016-03-15 10:43:46&#039;
System info: host: &#039;SIDCD558&#039;, ip: &#039;10.15.3.8&#039;, os.name: &#039;Windows 7&#039;, os.arch: &#039;amd64&#039;, os.version: &#039;6.1&#039;, java.version: &#039;1.8.0_144&#039;
Driver info: driver.version: unknown">
      <![CDATA[org.openqa.selenium.NoSuchElementException: Can't locate an element by this strategy: Locator map: 
- native content: "By.xpath: //*[contains(@text,'Now') or contains(@text,'Not sent') or contains(@text,'now') or contains(@text,'Just now')]" 
- html content: "by id or name "now_Text""
For documentation on this error, please visit: http://seleniumhq.org/exceptions/no_such_element.html
Build info: version: '2.53.0', revision: '35ae25b1534ae328c771e0856c93e187490ca824', time: '2016-03-15 10:43:46'
System info: host: 'SIDCD558', ip: '10.15.3.8', os.name: 'Windows 7', os.arch: 'amd64', os.version: '6.1', java.version: '1.8.0_144'
Driver info: driver.version: unknown
	at io.appium.java_client.pagefactory.AppiumElementLocator.findElement(AppiumElementLocator.java:152)
	at io.appium.java_client.pagefactory.interceptors.InterceptorOfASingleElement.intercept(InterceptorOfASingleElement.java:51)
	at io.appium.java_client.android.AndroidElement$$EnhancerByCGLIB$$d32c9a08.toString(<generated>)
	at java.lang.String.valueOf(Unknown Source)
	at java.lang.StringBuilder.append(Unknown Source)
	at org.openqa.selenium.support.ui.ExpectedConditions$10.toString(ExpectedConditions.java:293)
	at org.openqa.selenium.support.ui.FluentWait.until(FluentWait.java:257)
	at com.xp8.util.XP8_Sanity_Util.validate_RecievedMessage(XP8_Sanity_Util.java:3562)
	at com.xp8.test.XP8_Dev_SanityTest.XP8_Sanity_19_Check_able_to_Recieve_multi_page_SMS(XP8_Dev_SanityTest.java:521)
	at sun.reflect.NativeMethodAccessorImpl.invoke0(Native Method)
	at sun.reflect.NativeMethodAccessorImpl.invoke(Unknown Source)
	at sun.reflect.DelegatingMethodAccessorImpl.invoke(Unknown Source)
	at java.lang.reflect.Method.invoke(Unknown Source)
	at org.testng.internal.MethodInvocationHelper.invokeMethod(MethodInvocationHelper.java:80)
	at org.testng.internal.Invoker.invokeMethod(Invoker.java:714)
	at org.testng.internal.Invoker.invokeTestMethod(Invoker.java:901)
	at org.testng.internal.Invoker.invokeTestMethods(Invoker.java:1231)
	at org.testng.internal.TestMethodWorker.invokeTestMethods(TestMethodWorker.java:127)
	at org.testng.internal.TestMethodWorker.run(TestMethodWorker.java:111)
	at org.testng.TestRunner.privateRun(TestRunner.java:767)
	at org.testng.TestRunner.run(TestRunner.java:617)
	at org.testng.SuiteRunner.runTest(SuiteRunner.java:334)
	at org.testng.SuiteRunner.runSequentially(SuiteRunner.java:329)
	at org.testng.SuiteRunner.privateRun(SuiteRunner.java:291)
	at org.testng.SuiteRunner.run(SuiteRunner.java:240)
	at org.testng.SuiteRunnerWorker.runSuite(SuiteRunnerWorker.java:52)
	at org.testng.SuiteRunnerWorker.run(SuiteRunnerWorker.java:86)
	at org.testng.TestNG.runSuitesSequentially(TestNG.java:1198)
	at org.testng.TestNG.runSuitesLocally(TestNG.java:1123)
	at org.testng.TestNG.run(TestNG.java:1031)
	at org.testng.remote.AbstractRemoteTestNG.run(AbstractRemoteTestNG.java:114)
	at org.testng.remote.RemoteTestNG.initAndRun(RemoteTestNG.java:251)
	at org.testng.remote.RemoteTestNG.main(RemoteTestNG.java:77)
]]>
    </failure>
  </testcase> <!-- XP8_Sanity_19_Check_able_to_Recieve_multi_page_SMS -->
  <testcase name="XP8_Sanity_02_IMS_Registration_Status" time="72.497" classname="com.xp8.test.XP8_Dev_SanityTest"/>
  <testcase name="XP8_Sanity_16_Verify_Able_to_Send_SMS" time="70.013" classname="com.xp8.test.XP8_Dev_SanityTest"/>
  <testcase name="XP8_Sanity_07_Check_User_can_Add_Google_Account" time="144.480" classname="com.xp8.test.XP8_Dev_SanityTest"/>
  <testcase name="XP8_Sanity_41_Check_able_to_change_the_SleepTime" time="36.752" classname="com.xp8.test.XP8_Dev_SanityTest"/>
  <testcase name="XP8_Sanity_27_Enable_Disable_Wifi_form_Notification" time="151.415" classname="com.xp8.test.XP8_Dev_SanityTest"/>
  <testcase name="XP8_Sanity_22_Check_able_to_save_MMS_to_draft_and_Delete" time="78.845" classname="com.xp8.test.XP8_Dev_SanityTest"/>
  <testcase name="XP8_Sanity_45_Check_Sound_Recording_is_Working" time="110.328" classname="com.xp8.test.XP8_Dev_SanityTest"/>
  <testcase name="XP8_Sanity_12_Check_Able_to_do_InCall_functionality" time="89.110" classname="com.xp8.test.XP8_Dev_SanityTest"/>
  <testcase name="XP8_Sanity_15_Check_the_Call_history_for_details" time="96.673" classname="com.xp8.test.XP8_Dev_SanityTest"/>
  <testcase name="XP8_Sanity_39_Check_can_record_video_using_Front_Camera" time="63.826" classname="com.xp8.test.XP8_Dev_SanityTest"/>
  <testcase name="XP8_Sanity_25_Check_able_to_connect_to_available_SSID_Browse" time="105.549" classname="com.xp8.test.XP8_Dev_SanityTest"/>
  <testcase name="XP8_Sanity_05_Verify_Enable_And_Disable_FlightMode" time="166.665" classname="com.xp8.test.XP8_Dev_SanityTest"/>
  <testcase name="XP8_Sanity_46_Check_able_to_play_Music_file" time="71.501" classname="com.xp8.test.XP8_Dev_SanityTest"/>
  <testcase name="XP8_Sanity_20_Check_able_to_save_SMS_to_Draft_and_Delete" time="71.045" classname="com.xp8.test.XP8_Dev_SanityTest"/>
  <testcase name="XP8_Sanity_10_Check_able_to_receive_VoiceCalls" time="65.786" classname="com.xp8.test.XP8_Dev_SanityTest"/>
  <testcase name="XP8_Sanity_09_Check_able_to_make_Voice_calls" time="97.346" classname="com.xp8.test.XP8_Dev_SanityTest"/>
  <testcase name="XP8_Sanity_29_Enable_Disable_And_Scan_BT_Devices" time="63.408" classname="com.xp8.test.XP8_Dev_SanityTest"/>
  <testcase name="XP8_Sanity_37_Check_for_Back_Camera_Working" time="39.676" classname="com.xp8.test.XP8_Dev_SanityTest"/>
  <testcase name="XP8_Sanity_38_Check_for_Front_Camera_Working" time="36.520" classname="com.xp8.test.XP8_Dev_SanityTest"/>
  <testcase name="XP8_Sanity_14_Send_SMS_during_ongoing_Voice_call" time="126.447" classname="com.xp8.test.XP8_Dev_SanityTest"/>
  <testcase name="XP8_Sanity_49_Validate_Turn_On_Off_FM" time="43.622" classname="com.xp8.test.XP8_Dev_SanityTest"/>
  <testcase name="XP8_Sanity_11_Check_able_to_Reject_VoiceCalls" time="66.384" classname="com.xp8.test.XP8_Dev_SanityTest"/>
  <testcase name="XP8_Sanity_23_Check_able_to_Send_and_Receive_Email" time="106.691" classname="com.xp8.test.XP8_Dev_SanityTest"/>
  <testcase name="XP8_Sanity_01_Check_Able_to_Change_NetworkType" time="68.633" classname="com.xp8.test.XP8_Dev_SanityTest"/>
  <testcase name="XP8_Sanity_30_Device_is_Charging_if_USB_connected" time="31.200" classname="com.xp8.test.XP8_Dev_SanityTest"/>
  <testcase name="XP8_Sanity_36_Check_user_can_delete_contact" time="78.918" classname="com.xp8.test.XP8_Dev_SanityTest"/>
  <testcase name="XP8_Sanity_31_Check_if_SDCard_get_Detected" time="18.536" classname="com.xp8.test.XP8_Dev_SanityTest"/>
  <testcase name="XP8_Sanity_06_Launch_all_Apps_Present_in_MenuTray" time="480.961" classname="com.xp8.test.XP8_Dev_SanityTest"/>
  <testcase name="XP8_Sanity_24_Ensure_User_can_BrowseInternet" time="78.285" classname="com.xp8.test.XP8_Dev_SanityTest"/>
  <testcase name="XP8_Sanity_28_Check_able_to_StreamVideo_via_YouTube" time="53.340" classname="com.xp8.test.XP8_Dev_SanityTest"/>
  <testcase name="XP8_Sanity_43_Check_able_to_Enable_Disable_Location" time="45.815" classname="com.xp8.test.XP8_Dev_SanityTest"/>
  <testcase name="XP8_Sanity_35_Check_Can_create_Group_in_Contacts" time="40.156" classname="com.xp8.test.XP8_Dev_SanityTest"/>
  <testcase name="XP8_Sanity_21_Check_able_to_send_MMS" time="163.157" classname="com.xp8.test.XP8_Dev_SanityTest">
    <failure type="org.openqa.selenium.NoSuchElementException" message="Can&#039;t locate an element by this strategy: Locator map: 
- native content: &quot;By.xpath: //*[contains(@text,&#039;Now&#039;) or contains(@text,&#039;Not sent&#039;) or contains(@text,&#039;now&#039;) or contains(@text,&#039;Just now&#039;)]&quot; 
- html content: &quot;by id or name &quot;now_Text&quot;&quot;
For documentation on this error, please visit: http://seleniumhq.org/exceptions/no_such_element.html
Build info: version: &#039;2.53.0&#039;, revision: &#039;35ae25b1534ae328c771e0856c93e187490ca824&#039;, time: &#039;2016-03-15 10:43:46&#039;
System info: host: &#039;SIDCD558&#039;, ip: &#039;10.15.3.8&#039;, os.name: &#039;Windows 7&#039;, os.arch: &#039;amd64&#039;, os.version: &#039;6.1&#039;, java.version: &#039;1.8.0_144&#039;
Driver info: driver.version: unknown">
      <![CDATA[org.openqa.selenium.NoSuchElementException: Can't locate an element by this strategy: Locator map: 
- native content: "By.xpath: //*[contains(@text,'Now') or contains(@text,'Not sent') or contains(@text,'now') or contains(@text,'Just now')]" 
- html content: "by id or name "now_Text""
For documentation on this error, please visit: http://seleniumhq.org/exceptions/no_such_element.html
Build info: version: '2.53.0', revision: '35ae25b1534ae328c771e0856c93e187490ca824', time: '2016-03-15 10:43:46'
System info: host: 'SIDCD558', ip: '10.15.3.8', os.name: 'Windows 7', os.arch: 'amd64', os.version: '6.1', java.version: '1.8.0_144'
Driver info: driver.version: unknown
	at io.appium.java_client.pagefactory.AppiumElementLocator.findElement(AppiumElementLocator.java:152)
	at io.appium.java_client.pagefactory.interceptors.InterceptorOfASingleElement.intercept(InterceptorOfASingleElement.java:51)
	at io.appium.java_client.android.AndroidElement$$EnhancerByCGLIB$$d32c9a08.toString(<generated>)
	at java.lang.String.valueOf(Unknown Source)
	at java.lang.StringBuilder.append(Unknown Source)
	at org.openqa.selenium.support.ui.ExpectedConditions$10.toString(ExpectedConditions.java:293)
	at org.openqa.selenium.support.ui.FluentWait.until(FluentWait.java:257)
	at com.xp8.util.XP8_Sanity_Util.validate_SentMessage(XP8_Sanity_Util.java:1630)
	at com.xp8.test.XP8_Dev_SanityTest.XP8_Sanity_21_Check_able_to_send_MMS(XP8_Dev_SanityTest.java:573)
	at sun.reflect.NativeMethodAccessorImpl.invoke0(Native Method)
	at sun.reflect.NativeMethodAccessorImpl.invoke(Unknown Source)
	at sun.reflect.DelegatingMethodAccessorImpl.invoke(Unknown Source)
	at java.lang.reflect.Method.invoke(Unknown Source)
	at org.testng.internal.MethodInvocationHelper.invokeMethod(MethodInvocationHelper.java:80)
	at org.testng.internal.Invoker.invokeMethod(Invoker.java:714)
	at org.testng.internal.Invoker.invokeTestMethod(Invoker.java:901)
	at org.testng.internal.Invoker.invokeTestMethods(Invoker.java:1231)
	at org.testng.internal.TestMethodWorker.invokeTestMethods(TestMethodWorker.java:127)
	at org.testng.internal.TestMethodWorker.run(TestMethodWorker.java:111)
	at org.testng.TestRunner.privateRun(TestRunner.java:767)
	at org.testng.TestRunner.run(TestRunner.java:617)
	at org.testng.SuiteRunner.runTest(SuiteRunner.java:334)
	at org.testng.SuiteRunner.runSequentially(SuiteRunner.java:329)
	at org.testng.SuiteRunner.privateRun(SuiteRunner.java:291)
	at org.testng.SuiteRunner.run(SuiteRunner.java:240)
	at org.testng.SuiteRunnerWorker.runSuite(SuiteRunnerWorker.java:52)
	at org.testng.SuiteRunnerWorker.run(SuiteRunnerWorker.java:86)
	at org.testng.TestNG.runSuitesSequentially(TestNG.java:1198)
	at org.testng.TestNG.runSuitesLocally(TestNG.java:1123)
	at org.testng.TestNG.run(TestNG.java:1031)
	at org.testng.remote.AbstractRemoteTestNG.run(AbstractRemoteTestNG.java:114)
	at org.testng.remote.RemoteTestNG.initAndRun(RemoteTestNG.java:251)
	at org.testng.remote.RemoteTestNG.main(RemoteTestNG.java:77)
]]>
    </failure>
  </testcase> <!-- XP8_Sanity_21_Check_able_to_send_MMS -->
  <testcase name="XP8_Sanity_13_MT_Call_Reject_with_SMS_Notification" time="51.646" classname="com.xp8.test.XP8_Dev_SanityTest"/>
  <testcase name="XP8_Sanity_51_Launch_Application_With_PTT_Key" time="29.349" classname="com.xp8.test.XP8_Dev_SanityTest"/>
  <testcase name="XP8_Sanity_26_Enable_Disable_Wifi_form_DeviceSettings" time="148.037" classname="com.xp8.test.XP8_Dev_SanityTest"/>
  <testcase name="XP8_Sanity_17_Check_Able_Receive_SMS" time="49.393" classname="com.xp8.test.XP8_Dev_SanityTest"/>
  <testcase name="XP8_Sanity_47_Check_able_to_launch_Clock_Add_Alarm" time="26.254" classname="com.xp8.test.XP8_Dev_SanityTest"/>
  <testcase name="XP8_Sanity_50_Validate_Tune_FMStation" time="53.521" classname="com.xp8.test.XP8_Dev_SanityTest"/>
  <testcase name="XP8_Sanity_32_IMEI_Displsy_By_Dialing_USSD_code" time="49.564" classname="com.xp8.test.XP8_Dev_SanityTest"/>
  <testcase name="XP8_Sanity_33_Add_Contact_in_Phonebook_with_all_Field" time="262.163" classname="com.xp8.test.XP8_Dev_SanityTest"/>
  <testcase name="XP8_Sanity_48_Check_able_to_launch_SCOUT_application" time="16.460" classname="com.xp8.test.XP8_Dev_SanityTest"/>
  <testcase name="XP8_Sanity_40_Check_can_record_video_using_Back_Camera" time="56.566" classname="com.xp8.test.XP8_Dev_SanityTest"/>
  <testcase name="XP8_Sanity_44_Check_able_to_launch_Calendar_Add_an_event" time="124.357" classname="com.xp8.test.XP8_Dev_SanityTest"/>
  <testcase name="XP8_Sanity_18_Check_able_to_send_multi_page_SMS" time="72.169" classname="com.xp8.test.XP8_Dev_SanityTest"/>
  <testcase name="XP8_Sanity_08_Check_able_to_Download_APK_from_Playstore" time="160.596" classname="com.xp8.test.XP8_Dev_SanityTest"/>
  <testcase name="XP8_Sanity_04_Verify_OperatorName_LockScreen_And_HomeScreen" time="40.561" classname="com.xp8.test.XP8_Dev_SanityTest"/>
</testsuite> <!-- com.xp8.test.XP8_Dev_SanityTest -->
