<?xml version="1.0" encoding="UTF-8"?>
<!-- Generated by org.testng.reporters.JUnitReportReporter -->
<testsuite hostname="SIDCD495" name="com.xp8.test.XP8_Browser_Test" tests="21" failures="1" timestamp="24 Nov 2017 04:52:02 GMT" time="1849.677" errors="1">
  <testcase name="XP8_BRWSR_013_validateBrowse_In_Landscapemode" time="79.521" classname="com.xp8.test.XP8_Browser_Test"/>
  <testcase name="XP8_BRWSR_001_Launch_and_Exit_Browser" time="66.900" classname="com.xp8.test.XP8_Browser_Test"/>
  <testcase name="XP8_BRWSR_006_CopyLink_from_History" time="102.715" classname="com.xp8.test.XP8_Browser_Test"/>
  <testcase name="XP8_BRWSR_011_VoiceCall_interaction" time="57.971" classname="com.xp8.test.XP8_Browser_Test"/>
  <testcase name="XP8_BRWSR_023_validate_Change_SearchEngine" time="107.223" classname="com.xp8.test.XP8_Browser_Test"/>
  <testcase name="XP8_BRWSR_019_validate_RequestDesktopsite" time="83.003" classname="com.xp8.test.XP8_Browser_Test">
    <error type="java.lang.AssertionError" message="null">
      <![CDATA[java.lang.AssertionError: null
	at org.testng.Assert.fail(Assert.java:94)
	at org.testng.Assert.fail(Assert.java:101)
	at com.xp8.util.XP8_Browser_Util.validateReqDesktopSiteEnabled(XP8_Browser_Util.java:592)
	at com.xp8.test.XP8_Browser_Test.XP8_BRWSR_019_validate_RequestDesktopsite(XP8_Browser_Test.java:334)
	at sun.reflect.NativeMethodAccessorImpl.invoke0(Native Method)
	at sun.reflect.NativeMethodAccessorImpl.invoke(Unknown Source)
	at sun.reflect.DelegatingMethodAccessorImpl.invoke(Unknown Source)
	at java.lang.reflect.Method.invoke(Unknown Source)
	at org.testng.internal.MethodInvocationHelper.invokeMethod(MethodInvocationHelper.java:80)
	at org.testng.internal.Invoker.invokeMethod(Invoker.java:714)
	at org.testng.internal.Invoker.invokeTestMethod(Invoker.java:901)
	at org.testng.internal.Invoker.invokeTestMethods(Invoker.java:1231)
	at org.testng.internal.TestMethodWorker.invokeTestMethods(TestMethodWorker.java:127)
	at org.testng.internal.TestMethodWorker.run(TestMethodWorker.java:111)
	at org.testng.TestRunner.privateRun(TestRunner.java:767)
	at org.testng.TestRunner.run(TestRunner.java:617)
	at org.testng.SuiteRunner.runTest(SuiteRunner.java:334)
	at org.testng.SuiteRunner.runSequentially(SuiteRunner.java:329)
	at org.testng.SuiteRunner.privateRun(SuiteRunner.java:291)
	at org.testng.SuiteRunner.run(SuiteRunner.java:240)
	at org.testng.SuiteRunnerWorker.runSuite(SuiteRunnerWorker.java:52)
	at org.testng.SuiteRunnerWorker.run(SuiteRunnerWorker.java:86)
	at org.testng.TestNG.runSuitesSequentially(TestNG.java:1198)
	at org.testng.TestNG.runSuitesLocally(TestNG.java:1123)
	at org.testng.TestNG.run(TestNG.java:1031)
	at org.testng.remote.AbstractRemoteTestNG.run(AbstractRemoteTestNG.java:132)
	at org.testng.remote.RemoteTestNG.initAndRun(RemoteTestNG.java:230)
	at org.testng.remote.RemoteTestNG.main(RemoteTestNG.java:76)
]]>
    </error>
  </testcase> <!-- XP8_BRWSR_019_validate_RequestDesktopsite -->
  <testcase name="XP8_BRWSR_004_Validate_History_pages" time="106.070" classname="com.xp8.test.XP8_Browser_Test"/>
  <testcase name="XP8_BRWSR_007_Remove_History" time="96.215" classname="com.xp8.test.XP8_Browser_Test"/>
  <testcase name="XP8_BRWSR_020_validate_Add_to_HomeScreen" time="72.401" classname="com.xp8.test.XP8_Browser_Test"/>
  <testcase name="XP8_BRWSR_015_validate_Delete_Bookmarks" time="83.264" classname="com.xp8.test.XP8_Browser_Test"/>
  <testcase name="XP8_BRWSR_021_validate_Find_In_Page" time="88.123" classname="com.xp8.test.XP8_Browser_Test"/>
  <testcase name="XP8_BRWSR_003_Select_NewTab_with_DiffSites_and_Delete" time="93.284" classname="com.xp8.test.XP8_Browser_Test"/>
  <testcase name="XP8_BRWSR_025_validate_Edit_Homepage_Open" time="66.367" classname="com.xp8.test.XP8_Browser_Test">
    <failure type="org.openqa.selenium.NoSuchElementException" message="Can&#039;t locate an element by this strategy: By.xpath: //android.widget.TextView[contains(@text,&#039;Settings&#039;)]
For documentation on this error, please visit: http://seleniumhq.org/exceptions/no_such_element.html
Build info: version: &#039;2.53.0&#039;, revision: &#039;35ae25b1534ae328c771e0856c93e187490ca824&#039;, time: &#039;2016-03-15 10:43:46&#039;
System info: host: &#039;SIDCD495&#039;, ip: &#039;10.15.3.62&#039;, os.name: &#039;Windows 7&#039;, os.arch: &#039;amd64&#039;, os.version: &#039;6.1&#039;, java.version: &#039;1.8.0_131&#039;
Driver info: driver.version: unknown">
      <![CDATA[org.openqa.selenium.NoSuchElementException: Can't locate an element by this strategy: By.xpath: //android.widget.TextView[contains(@text,'Settings')]
For documentation on this error, please visit: http://seleniumhq.org/exceptions/no_such_element.html
Build info: version: '2.53.0', revision: '35ae25b1534ae328c771e0856c93e187490ca824', time: '2016-03-15 10:43:46'
System info: host: 'SIDCD495', ip: '10.15.3.62', os.name: 'Windows 7', os.arch: 'amd64', os.version: '6.1', java.version: '1.8.0_131'
Driver info: driver.version: unknown
	at io.appium.java_client.pagefactory.AppiumElementLocator.findElement(AppiumElementLocator.java:152)
	at io.appium.java_client.pagefactory.interceptors.InterceptorOfASingleElement.intercept(InterceptorOfASingleElement.java:51)
	at io.appium.java_client.android.AndroidElement$$EnhancerByCGLIB$$aa0fce2a.click(<generated>)
	at com.xp8.util.XP8_Browser_Util.editHomepageOpen(XP8_Browser_Util.java:831)
	at com.xp8.test.XP8_Browser_Test.XP8_BRWSR_025_validate_Edit_Homepage_Open(XP8_Browser_Test.java:433)
	at sun.reflect.NativeMethodAccessorImpl.invoke0(Native Method)
	at sun.reflect.NativeMethodAccessorImpl.invoke(Unknown Source)
	at sun.reflect.DelegatingMethodAccessorImpl.invoke(Unknown Source)
	at java.lang.reflect.Method.invoke(Unknown Source)
	at org.testng.internal.MethodInvocationHelper.invokeMethod(MethodInvocationHelper.java:80)
	at org.testng.internal.Invoker.invokeMethod(Invoker.java:714)
	at org.testng.internal.Invoker.invokeTestMethod(Invoker.java:901)
	at org.testng.internal.Invoker.invokeTestMethods(Invoker.java:1231)
	at org.testng.internal.TestMethodWorker.invokeTestMethods(TestMethodWorker.java:127)
	at org.testng.internal.TestMethodWorker.run(TestMethodWorker.java:111)
	at org.testng.TestRunner.privateRun(TestRunner.java:767)
	at org.testng.TestRunner.run(TestRunner.java:617)
	at org.testng.SuiteRunner.runTest(SuiteRunner.java:334)
	at org.testng.SuiteRunner.runSequentially(SuiteRunner.java:329)
	at org.testng.SuiteRunner.privateRun(SuiteRunner.java:291)
	at org.testng.SuiteRunner.run(SuiteRunner.java:240)
	at org.testng.SuiteRunnerWorker.runSuite(SuiteRunnerWorker.java:52)
	at org.testng.SuiteRunnerWorker.run(SuiteRunnerWorker.java:86)
	at org.testng.TestNG.runSuitesSequentially(TestNG.java:1198)
	at org.testng.TestNG.runSuitesLocally(TestNG.java:1123)
	at org.testng.TestNG.run(TestNG.java:1031)
	at org.testng.remote.AbstractRemoteTestNG.run(AbstractRemoteTestNG.java:132)
	at org.testng.remote.RemoteTestNG.initAndRun(RemoteTestNG.java:230)
	at org.testng.remote.RemoteTestNG.main(RemoteTestNG.java:76)
]]>
    </failure>
  </testcase> <!-- XP8_BRWSR_025_validate_Edit_Homepage_Open -->
  <testcase name="XP8_BRWSR_017_validate_Search_History" time="102.477" classname="com.xp8.test.XP8_Browser_Test"/>
  <testcase name="XP8_BRWSR_014_validate_Added_Bookmarks" time="94.367" classname="com.xp8.test.XP8_Browser_Test"/>
  <testcase name="XP8_BRWSR_024_validate_Disable_Homepage" time="100.064" classname="com.xp8.test.XP8_Browser_Test"/>
  <testcase name="XP8_BRWSR_002_Enter_URL_and_Refresh" time="96.148" classname="com.xp8.test.XP8_Browser_Test"/>
  <testcase name="XP8_BRWSR_016_validate_RecentTabs" time="86.641" classname="com.xp8.test.XP8_Browser_Test"/>
  <testcase name="XP8_BRWSR_022_validate_Disable_Cookies" time="78.960" classname="com.xp8.test.XP8_Browser_Test"/>
  <testcase name="XP8_BRWSR_005_Launchpage_From_History_pages" time="85.825" classname="com.xp8.test.XP8_Browser_Test"/>
  <testcase name="XP8_BRWSR_012_Select_NewIncognito_with_DiffSites_and_Delete" time="102.138" classname="com.xp8.test.XP8_Browser_Test"/>
</testsuite> <!-- com.xp8.test.XP8_Browser_Test -->
