<?xml version="1.0" encoding="UTF-8"?>
<!-- Generated by org.testng.reporters.JUnitXMLReporter -->
<testsuite hostname="SIDCD495O" ignored="0" name="Test1(failed)(failed)(failed)" tests="4" failures="0" timestamp="18 Dec 2018 04:54:42 GMT" time="3.564" errors="0">
  <testcase name="@BeforeTest setUp" time="2.019" classname="com.xp8.util.CommonConfig">
    <failure type="org.openqa.selenium.WebDriverException" message="An unknown server-side error occurred while processing the command. Original error: Could not find package com.android.dialer on the device (WARNING: The server did not provide any stacktrace information)
Command duration or timeout: 1.42 seconds
Build info: version: &amp;apos;2.53.0&amp;apos;, revision: &amp;apos;35ae25b1534ae328c771e0856c93e187490ca824&amp;apos;, time: &amp;apos;2016-03-15 10:43:46&amp;apos;
System info: host: &amp;apos;SIDCD495O&amp;apos;, ip: &amp;apos;10.15.3.5&amp;apos;, os.name: &amp;apos;Windows 7&amp;apos;, os.arch: &amp;apos;amd64&amp;apos;, os.version: &amp;apos;6.1&amp;apos;, java.version: &amp;apos;1.8.0_131&amp;apos;
Driver info: io.appium.java_client.android.AndroidDriver">
      <![CDATA[org.openqa.selenium.WebDriverException: An unknown server-side error occurred while processing the command. Original error: Could not find package com.android.dialer on the device (WARNING: The server did not provide any stacktrace information)Command duration or timeout: 1.42 secondsBuild info: version: '2.53.0', revision: '35ae25b1534ae328c771e0856c93e187490ca824', time: '2016-03-15 10:43:46'System info: host: 'SIDCD495O', ip: '10.15.3.5', os.name: 'Windows 7', os.arch: 'amd64', os.version: '6.1', java.version: '1.8.0_131'Driver info: io.appium.java_client.android.AndroidDriverat org.openqa.selenium.remote.ErrorHandler.createThrowable(ErrorHandler.java:206)at org.openqa.selenium.remote.ErrorHandler.throwIfResponseFailed(ErrorHandler.java:158)at org.openqa.selenium.remote.RemoteWebDriver.execute(RemoteWebDriver.java:678)at io.appium.java_client.DefaultGenericMobileDriver.execute(DefaultGenericMobileDriver.java:42)at io.appium.java_client.AppiumDriver.execute(AppiumDriver.java:1)at io.appium.java_client.android.AndroidDriver.execute(AndroidDriver.java:1)at org.openqa.selenium.remote.RemoteWebDriver.startSession(RemoteWebDriver.java:249)at org.openqa.selenium.remote.RemoteWebDriver.<init>(RemoteWebDriver.java:131)at org.openqa.selenium.remote.RemoteWebDriver.<init>(RemoteWebDriver.java:144)at io.appium.java_client.DefaultGenericMobileDriver.<init>(DefaultGenericMobileDriver.java:37)at io.appium.java_client.AppiumDriver.<init>(AppiumDriver.java:161)at io.appium.java_client.AppiumDriver.<init>(AppiumDriver.java:170)at io.appium.java_client.android.AndroidDriver.<init>(AndroidDriver.java:82)at com.xp8.util.CommonConfig.setUp(CommonConfig.java:86)... Removed 28 stack frames]]>
    </failure>
  </testcase> <!-- @BeforeTest setUp -->
  <testcase name="@BeforeTest setupSys" time="0.0" classname="com.xp8.StabilityTest.XP8_SMS_StabilityTest_Orio">
    <skipped/>
  </testcase> <!-- @BeforeTest setupSys -->
  <testcase name="@BeforeClass copyFilesToDevice" time="0.0" classname="com.xp8.StabilityTest.XP8_SMS_StabilityTest_Orio">
    <skipped/>
  </testcase> <!-- @BeforeClass copyFilesToDevice -->
  <testcase name="@BeforeMethod beforeMethod" time="0.0" classname="com.xp8.StabilityTest.XP8_SMS_StabilityTest_Orio">
    <skipped/>
  </testcase> <!-- @BeforeMethod beforeMethod -->
  <testcase name="@AfterMethod tearDown" time="0.0" classname="com.xp8.StabilityTest.XP8_SMS_StabilityTest_Orio">
    <skipped/>
  </testcase> <!-- @AfterMethod tearDown -->
  <testcase name="@BeforeMethod beforeMethod" time="0.0" classname="com.xp8.StabilityTest.XP8_SMS_StabilityTest_Orio">
    <skipped/>
  </testcase> <!-- @BeforeMethod beforeMethod -->
  <testcase name="@AfterMethod tearDown" time="0.0" classname="com.xp8.StabilityTest.XP8_SMS_StabilityTest_Orio">
    <skipped/>
  </testcase> <!-- @AfterMethod tearDown -->
  <testcase name="@BeforeMethod beforeMethod" time="0.0" classname="com.xp8.StabilityTest.XP8_SMS_StabilityTest_Orio">
    <skipped/>
  </testcase> <!-- @BeforeMethod beforeMethod -->
  <testcase name="@AfterMethod tearDown" time="0.0" classname="com.xp8.StabilityTest.XP8_SMS_StabilityTest_Orio">
    <skipped/>
  </testcase> <!-- @AfterMethod tearDown -->
  <testcase name="@BeforeMethod beforeMethod" time="0.0" classname="com.xp8.StabilityTest.XP8_SMS_StabilityTest_Orio">
    <skipped/>
  </testcase> <!-- @BeforeMethod beforeMethod -->
  <testcase name="@AfterMethod tearDown" time="0.0" classname="com.xp8.StabilityTest.XP8_SMS_StabilityTest_Orio">
    <skipped/>
  </testcase> <!-- @AfterMethod tearDown -->
  <testcase name="XP8_TC_02_Stability_Validate_Send_MO_IMS_SMS" time="0.0" classname="com.xp8.StabilityTest.XP8_SMS_StabilityTest_Orio">
    <skipped/>
  </testcase> <!-- XP8_TC_02_Stability_Validate_Send_MO_IMS_SMS -->
  <testcase name="XP8_TC_03_Stability_Validate_Send_MO_Non_IMS_SMS" time="0.0" classname="com.xp8.StabilityTest.XP8_SMS_StabilityTest_Orio">
    <skipped/>
  </testcase> <!-- XP8_TC_03_Stability_Validate_Send_MO_Non_IMS_SMS -->
  <testcase name="XP8_TC_04_Stability_Validate_MO_SMS_Maximum_NumberOfCharacters" time="0.0" classname="com.xp8.StabilityTest.XP8_SMS_StabilityTest_Orio">
    <skipped/>
  </testcase> <!-- XP8_TC_04_Stability_Validate_MO_SMS_Maximum_NumberOfCharacters -->
  <testcase name="XP8_TC_05_Stability_Validate_MT_SMS" time="0.0" classname="com.xp8.StabilityTest.XP8_SMS_StabilityTest_Orio">
    <skipped/>
  </testcase> <!-- XP8_TC_05_Stability_Validate_MT_SMS -->
</testsuite> <!-- Test1(failed)(failed)(failed) -->
